running egg_info
creating ../../build/image_png_player/image_png_player.egg-info
writing ../../build/image_png_player/image_png_player.egg-info/PKG-INFO
writing dependency_links to ../../build/image_png_player/image_png_player.egg-info/dependency_links.txt
writing entry points to ../../build/image_png_player/image_png_player.egg-info/entry_points.txt
writing requirements to ../../build/image_png_player/image_png_player.egg-info/requires.txt
writing top-level names to ../../build/image_png_player/image_png_player.egg-info/top_level.txt
writing manifest file '../../build/image_png_player/image_png_player.egg-info/SOURCES.txt'
reading manifest file '../../build/image_png_player/image_png_player.egg-info/SOURCES.txt'
writing manifest file '../../build/image_png_player/image_png_player.egg-info/SOURCES.txt'
running build
running build_py
creating /home/jlmre/create3_ws/build/image_png_player/build
creating /home/jlmre/create3_ws/build/image_png_player/build/lib
creating /home/jlmre/create3_ws/build/image_png_player/build/lib/image_png_player
copying image_png_player/__init__.py -> /home/jlmre/create3_ws/build/image_png_player/build/lib/image_png_player
copying image_png_player/Prueba.py -> /home/jlmre/create3_ws/build/image_png_player/build/lib/image_png_player
copying image_png_player/image_player.py -> /home/jlmre/create3_ws/build/image_png_player/build/lib/image_png_player
running install
running install_lib
creating /home/jlmre/create3_ws/install/image_png_player/lib/python3.10/site-packages/image_png_player
copying /home/jlmre/create3_ws/build/image_png_player/build/lib/image_png_player/__init__.py -> /home/jlmre/create3_ws/install/image_png_player/lib/python3.10/site-packages/image_png_player
copying /home/jlmre/create3_ws/build/image_png_player/build/lib/image_png_player/Prueba.py -> /home/jlmre/create3_ws/install/image_png_player/lib/python3.10/site-packages/image_png_player
copying /home/jlmre/create3_ws/build/image_png_player/build/lib/image_png_player/image_player.py -> /home/jlmre/create3_ws/install/image_png_player/lib/python3.10/site-packages/image_png_player
byte-compiling /home/jlmre/create3_ws/install/image_png_player/lib/python3.10/site-packages/image_png_player/__init__.py to __init__.cpython-310.pyc
byte-compiling /home/jlmre/create3_ws/install/image_png_player/lib/python3.10/site-packages/image_png_player/Prueba.py to Prueba.cpython-310.pyc
byte-compiling /home/jlmre/create3_ws/install/image_png_player/lib/python3.10/site-packages/image_png_player/image_player.py to image_player.cpython-310.pyc
running install_data
creating /home/jlmre/create3_ws/install/image_png_player/share/ament_index
creating /home/jlmre/create3_ws/install/image_png_player/share/ament_index/resource_index
creating /home/jlmre/create3_ws/install/image_png_player/share/ament_index/resource_index/packages
copying resource/image_png_player -> /home/jlmre/create3_ws/install/image_png_player/share/ament_index/resource_index/packages
copying package.xml -> /home/jlmre/create3_ws/install/image_png_player/share/image_png_player
creating /home/jlmre/create3_ws/install/image_png_player/share/image_png_player/launch
copying launch/test_slam.launch.py -> /home/jlmre/create3_ws/install/image_png_player/share/image_png_player/launch
creating /home/jlmre/create3_ws/install/image_png_player/share/image_png_player/config
copying config/camera_info.yaml -> /home/jlmre/create3_ws/install/image_png_player/share/image_png_player/config
running install_egg_info
Copying ../../build/image_png_player/image_png_player.egg-info to /home/jlmre/create3_ws/install/image_png_player/lib/python3.10/site-packages/image_png_player-0.0.1-py3.10.egg-info
running install_scripts
Installing Prueba script to /home/jlmre/create3_ws/install/image_png_player/lib/image_png_player
Installing image_player script to /home/jlmre/create3_ws/install/image_png_player/lib/image_png_player
writing list of installed files to '/home/jlmre/create3_ws/build/image_png_player/install.log'
