[1.351s] Invoking command in '/home/jlmre/create3_ws/src/image_png_player': PYTHONPATH=/home/jlmre/create3_ws/build/image_png_player/prefix_override:/usr/lib/python3/dist-packages/colcon_core/task/python/colcon_distutils_commands:/home/jlmre/create3_ws/install/image_png_player/lib/python3.10/site-packages:${PYTHONPATH} /usr/bin/python3 -W ignore:setup.py install is deprecated -W ignore:easy_install command is deprecated setup.py egg_info --egg-base ../../build/image_png_player build --build-base /home/jlmre/create3_ws/build/image_png_player/build install --record /home/jlmre/create3_ws/build/image_png_player/install.log --single-version-externally-managed install_data
[1.554s] running egg_info
[1.555s] creating ../../build/image_png_player/image_png_player.egg-info
[1.555s] writing ../../build/image_png_player/image_png_player.egg-info/PKG-INFO
[1.555s] writing dependency_links to ../../build/image_png_player/image_png_player.egg-info/dependency_links.txt
[1.555s] writing entry points to ../../build/image_png_player/image_png_player.egg-info/entry_points.txt
[1.555s] writing requirements to ../../build/image_png_player/image_png_player.egg-info/requires.txt
[1.555s] writing top-level names to ../../build/image_png_player/image_png_player.egg-info/top_level.txt
[1.556s] writing manifest file '../../build/image_png_player/image_png_player.egg-info/SOURCES.txt'
[1.557s] reading manifest file '../../build/image_png_player/image_png_player.egg-info/SOURCES.txt'
[1.558s] writing manifest file '../../build/image_png_player/image_png_player.egg-info/SOURCES.txt'
[1.558s] running build
[1.558s] running build_py
[1.558s] creating /home/jlmre/create3_ws/build/image_png_player/build
[1.559s] creating /home/jlmre/create3_ws/build/image_png_player/build/lib
[1.559s] creating /home/jlmre/create3_ws/build/image_png_player/build/lib/image_png_player
[1.559s] copying image_png_player/__init__.py -> /home/jlmre/create3_ws/build/image_png_player/build/lib/image_png_player
[1.559s] copying image_png_player/Prueba.py -> /home/jlmre/create3_ws/build/image_png_player/build/lib/image_png_player
[1.559s] copying image_png_player/image_player.py -> /home/jlmre/create3_ws/build/image_png_player/build/lib/image_png_player
[1.559s] running install
[1.560s] running install_lib
[1.560s] creating /home/jlmre/create3_ws/install/image_png_player/lib/python3.10/site-packages/image_png_player
[1.560s] copying /home/jlmre/create3_ws/build/image_png_player/build/lib/image_png_player/__init__.py -> /home/jlmre/create3_ws/install/image_png_player/lib/python3.10/site-packages/image_png_player
[1.561s] copying /home/jlmre/create3_ws/build/image_png_player/build/lib/image_png_player/Prueba.py -> /home/jlmre/create3_ws/install/image_png_player/lib/python3.10/site-packages/image_png_player
[1.561s] copying /home/jlmre/create3_ws/build/image_png_player/build/lib/image_png_player/image_player.py -> /home/jlmre/create3_ws/install/image_png_player/lib/python3.10/site-packages/image_png_player
[1.561s] byte-compiling /home/jlmre/create3_ws/install/image_png_player/lib/python3.10/site-packages/image_png_player/__init__.py to __init__.cpython-310.pyc
[1.561s] byte-compiling /home/jlmre/create3_ws/install/image_png_player/lib/python3.10/site-packages/image_png_player/Prueba.py to Prueba.cpython-310.pyc
[1.562s] byte-compiling /home/jlmre/create3_ws/install/image_png_player/lib/python3.10/site-packages/image_png_player/image_player.py to image_player.cpython-310.pyc
[1.563s] running install_data
[1.563s] creating /home/jlmre/create3_ws/install/image_png_player/share/ament_index
[1.563s] creating /home/jlmre/create3_ws/install/image_png_player/share/ament_index/resource_index
[1.563s] creating /home/jlmre/create3_ws/install/image_png_player/share/ament_index/resource_index/packages
[1.563s] copying resource/image_png_player -> /home/jlmre/create3_ws/install/image_png_player/share/ament_index/resource_index/packages
[1.563s] copying package.xml -> /home/jlmre/create3_ws/install/image_png_player/share/image_png_player
[1.563s] creating /home/jlmre/create3_ws/install/image_png_player/share/image_png_player/launch
[1.564s] copying launch/test_slam.launch.py -> /home/jlmre/create3_ws/install/image_png_player/share/image_png_player/launch
[1.564s] creating /home/jlmre/create3_ws/install/image_png_player/share/image_png_player/config
[1.564s] copying config/camera_info.yaml -> /home/jlmre/create3_ws/install/image_png_player/share/image_png_player/config
[1.564s] running install_egg_info
[1.566s] Copying ../../build/image_png_player/image_png_player.egg-info to /home/jlmre/create3_ws/install/image_png_player/lib/python3.10/site-packages/image_png_player-0.0.1-py3.10.egg-info
[1.566s] running install_scripts
[1.586s] Installing Prueba script to /home/jlmre/create3_ws/install/image_png_player/lib/image_png_player
[1.586s] Installing image_player script to /home/jlmre/create3_ws/install/image_png_player/lib/image_png_player
[1.586s] writing list of installed files to '/home/jlmre/create3_ws/build/image_png_player/install.log'
[1.619s] Invoked command in '/home/jlmre/create3_ws/src/image_png_player' returned '0': PYTHONPATH=/home/jlmre/create3_ws/build/image_png_player/prefix_override:/usr/lib/python3/dist-packages/colcon_core/task/python/colcon_distutils_commands:/home/jlmre/create3_ws/install/image_png_player/lib/python3.10/site-packages:${PYTHONPATH} /usr/bin/python3 -W ignore:setup.py install is deprecated -W ignore:easy_install command is deprecated setup.py egg_info --egg-base ../../build/image_png_player build --build-base /home/jlmre/create3_ws/build/image_png_player/build install --record /home/jlmre/create3_ws/build/image_png_player/install.log --single-version-externally-managed install_data
