[0.041s] Invoking command in '/home/jlmre/create3_ws/build/irobot_create_description': CMAKE_PREFIX_PATH=${CMAKE_PREFIX_PATH}:/home/jlmre/create3_ws/install/vodom:/home/jlmre/create3_ws/install/pr_pkg:/home/jlmre/create3_ws/install/img_server:/home/jlmre/create3_ws/install/image_png_player:/home/jlmre/create3_ws/install/ez_nav:/home/jlmre/create3_ws/install/bringup:/opt/ros/humble /usr/bin/cmake --build /home/jlmre/create3_ws/build/irobot_create_description -- -j16 -l16
[1.071s] Invoked command in '/home/jlmre/create3_ws/build/irobot_create_description' returned '0': CMAKE_PREFIX_PATH=${CMAKE_PREFIX_PATH}:/home/jlmre/create3_ws/install/vodom:/home/jlmre/create3_ws/install/pr_pkg:/home/jlmre/create3_ws/install/img_server:/home/jlmre/create3_ws/install/image_png_player:/home/jlmre/create3_ws/install/ez_nav:/home/jlmre/create3_ws/install/bringup:/opt/ros/humble /usr/bin/cmake --build /home/jlmre/create3_ws/build/irobot_create_description -- -j16 -l16
[1.072s] Invoking command in '/home/jlmre/create3_ws/build/irobot_create_description': CMAKE_PREFIX_PATH=${CMAKE_PREFIX_PATH}:/home/jlmre/create3_ws/install/vodom:/home/jlmre/create3_ws/install/pr_pkg:/home/jlmre/create3_ws/install/img_server:/home/jlmre/create3_ws/install/image_png_player:/home/jlmre/create3_ws/install/ez_nav:/home/jlmre/create3_ws/install/bringup:/opt/ros/humble /usr/bin/cmake --install /home/jlmre/create3_ws/build/irobot_create_description
[1.083s] -- Install configuration: ""
[1.083s] -- Up-to-date: /home/jlmre/create3_ws/install/irobot_create_description/share/irobot_create_description//meshes
[1.083s] -- Up-to-date: /home/jlmre/create3_ws/install/irobot_create_description/share/irobot_create_description//meshes/body_visual.dae
[1.083s] -- Up-to-date: /home/jlmre/create3_ws/install/irobot_create_description/share/irobot_create_description//meshes/bumper_collision.dae
[1.083s] -- Up-to-date: /home/jlmre/create3_ws/install/irobot_create_description/share/irobot_create_description//meshes/dock
[1.083s] -- Up-to-date: /home/jlmre/create3_ws/install/irobot_create_description/share/irobot_create_description//meshes/dock/visual.dae
[1.083s] -- Up-to-date: /home/jlmre/create3_ws/install/irobot_create_description/share/irobot_create_description//meshes/bumper_visual.dae
[1.083s] -- Up-to-date: /home/jlmre/create3_ws/install/irobot_create_description/share/irobot_create_description//urdf
[1.083s] -- Up-to-date: /home/jlmre/create3_ws/install/irobot_create_description/share/irobot_create_description//urdf/caster.urdf.xacro
[1.083s] -- Up-to-date: /home/jlmre/create3_ws/install/irobot_create_description/share/irobot_create_description//urdf/wheel_drop.urdf.xacro
[1.083s] -- Up-to-date: /home/jlmre/create3_ws/install/irobot_create_description/share/irobot_create_description//urdf/create3.urdf.xacro
[1.083s] -- Up-to-date: /home/jlmre/create3_ws/install/irobot_create_description/share/irobot_create_description//urdf/wheel_with_wheeldrop.urdf.xacro
[1.083s] -- Up-to-date: /home/jlmre/create3_ws/install/irobot_create_description/share/irobot_create_description//urdf/bumper.urdf.xacro
[1.083s] -- Up-to-date: /home/jlmre/create3_ws/install/irobot_create_description/share/irobot_create_description//urdf/common_properties.urdf.xacro
[1.083s] -- Up-to-date: /home/jlmre/create3_ws/install/irobot_create_description/share/irobot_create_description//urdf/sensors
[1.083s] -- Up-to-date: /home/jlmre/create3_ws/install/irobot_create_description/share/irobot_create_description//urdf/sensors/imu.urdf.xacro
[1.083s] -- Up-to-date: /home/jlmre/create3_ws/install/irobot_create_description/share/irobot_create_description//urdf/sensors/ir_intensity.urdf.xacro
[1.083s] -- Up-to-date: /home/jlmre/create3_ws/install/irobot_create_description/share/irobot_create_description//urdf/sensors/ir_opcode_receivers.urdf.xacro
[1.083s] -- Up-to-date: /home/jlmre/create3_ws/install/irobot_create_description/share/irobot_create_description//urdf/sensors/cliff_sensor.urdf.xacro
[1.083s] -- Up-to-date: /home/jlmre/create3_ws/install/irobot_create_description/share/irobot_create_description//urdf/sensors/optical_mouse.urdf.xacro
[1.084s] -- Up-to-date: /home/jlmre/create3_ws/install/irobot_create_description/share/irobot_create_description//urdf/wheel.urdf.xacro
[1.084s] -- Up-to-date: /home/jlmre/create3_ws/install/irobot_create_description/share/irobot_create_description//urdf/button.urdf.xacro
[1.084s] -- Up-to-date: /home/jlmre/create3_ws/install/irobot_create_description/share/irobot_create_description//urdf/dock
[1.084s] -- Up-to-date: /home/jlmre/create3_ws/install/irobot_create_description/share/irobot_create_description//urdf/dock/ir_emitter.urdf.xacro
[1.084s] -- Up-to-date: /home/jlmre/create3_ws/install/irobot_create_description/share/irobot_create_description//urdf/dock/standard_dock.urdf.xacro
[1.084s] -- Up-to-date: /home/jlmre/create3_ws/install/irobot_create_description/share/ament_index/resource_index/package_run_dependencies/irobot_create_description
[1.084s] -- Up-to-date: /home/jlmre/create3_ws/install/irobot_create_description/share/ament_index/resource_index/parent_prefix_path/irobot_create_description
[1.084s] -- Up-to-date: /home/jlmre/create3_ws/install/irobot_create_description/share/irobot_create_description/environment/ament_prefix_path.sh
[1.084s] -- Up-to-date: /home/jlmre/create3_ws/install/irobot_create_description/share/irobot_create_description/environment/ament_prefix_path.dsv
[1.084s] -- Up-to-date: /home/jlmre/create3_ws/install/irobot_create_description/share/irobot_create_description/environment/path.sh
[1.084s] -- Up-to-date: /home/jlmre/create3_ws/install/irobot_create_description/share/irobot_create_description/environment/path.dsv
[1.087s] -- Up-to-date: /home/jlmre/create3_ws/install/irobot_create_description/share/irobot_create_description/local_setup.bash
[1.087s] -- Up-to-date: /home/jlmre/create3_ws/install/irobot_create_description/share/irobot_create_description/local_setup.sh
[1.087s] -- Up-to-date: /home/jlmre/create3_ws/install/irobot_create_description/share/irobot_create_description/local_setup.zsh
[1.087s] -- Up-to-date: /home/jlmre/create3_ws/install/irobot_create_description/share/irobot_create_description/local_setup.dsv
[1.087s] -- Installing: /home/jlmre/create3_ws/install/irobot_create_description/share/irobot_create_description/package.dsv
[1.087s] -- Up-to-date: /home/jlmre/create3_ws/install/irobot_create_description/share/ament_index/resource_index/packages/irobot_create_description
[1.087s] -- Up-to-date: /home/jlmre/create3_ws/install/irobot_create_description/share/irobot_create_description/cmake/irobot_create_descriptionConfig.cmake
[1.087s] -- Up-to-date: /home/jlmre/create3_ws/install/irobot_create_description/share/irobot_create_description/cmake/irobot_create_descriptionConfig-version.cmake
[1.087s] -- Up-to-date: /home/jlmre/create3_ws/install/irobot_create_description/share/irobot_create_description/package.xml
[1.121s] Invoked command in '/home/jlmre/create3_ws/build/irobot_create_description' returned '0': CMAKE_PREFIX_PATH=${CMAKE_PREFIX_PATH}:/home/jlmre/create3_ws/install/vodom:/home/jlmre/create3_ws/install/pr_pkg:/home/jlmre/create3_ws/install/img_server:/home/jlmre/create3_ws/install/image_png_player:/home/jlmre/create3_ws/install/ez_nav:/home/jlmre/create3_ws/install/bringup:/opt/ros/humble /usr/bin/cmake --install /home/jlmre/create3_ws/build/irobot_create_description
