[1.497s] Invoking command in '/home/jlmre/create3_ws/src/bringup': PYTHONPATH=/home/jlmre/create3_ws/build/bringup/prefix_override:/usr/lib/python3/dist-packages/colcon_core/task/python/colcon_distutils_commands:/home/jlmre/create3_ws/install/bringup/lib/python3.10/site-packages:${PYTHONPATH} /usr/bin/python3 -W ignore:setup.py install is deprecated -W ignore:easy_install command is deprecated setup.py egg_info --egg-base ../../build/bringup build --build-base /home/jlmre/create3_ws/build/bringup/build install --record /home/jlmre/create3_ws/build/bringup/install.log --single-version-externally-managed install_data
[1.685s] running egg_info
[1.686s] writing ../../build/bringup/bringup.egg-info/PKG-INFO
[1.686s] writing dependency_links to ../../build/bringup/bringup.egg-info/dependency_links.txt
[1.686s] writing entry points to ../../build/bringup/bringup.egg-info/entry_points.txt
[1.686s] writing requirements to ../../build/bringup/bringup.egg-info/requires.txt
[1.687s] writing top-level names to ../../build/bringup/bringup.egg-info/top_level.txt
[1.689s] reading manifest file '../../build/bringup/bringup.egg-info/SOURCES.txt'
[1.693s] writing manifest file '../../build/bringup/bringup.egg-info/SOURCES.txt'
[1.693s] running build
[1.693s] running build_py
[1.693s] running install
[1.693s] running install_lib
[1.693s] running install_data
[1.693s] running install_egg_info
[1.696s] removing '/home/jlmre/create3_ws/install/bringup/lib/python3.10/site-packages/bringup-0.0.0-py3.10.egg-info' (and everything under it)
[1.696s] Copying ../../build/bringup/bringup.egg-info to /home/jlmre/create3_ws/install/bringup/lib/python3.10/site-packages/bringup-0.0.0-py3.10.egg-info
[1.697s] running install_scripts
[1.716s] writing list of installed files to '/home/jlmre/create3_ws/build/bringup/install.log'
[1.799s] Invoked command in '/home/jlmre/create3_ws/src/bringup' returned '0': PYTHONPATH=/home/jlmre/create3_ws/build/bringup/prefix_override:/usr/lib/python3/dist-packages/colcon_core/task/python/colcon_distutils_commands:/home/jlmre/create3_ws/install/bringup/lib/python3.10/site-packages:${PYTHONPATH} /usr/bin/python3 -W ignore:setup.py install is deprecated -W ignore:easy_install command is deprecated setup.py egg_info --egg-base ../../build/bringup build --build-base /home/jlmre/create3_ws/build/bringup/build install --record /home/jlmre/create3_ws/build/bringup/install.log --single-version-externally-managed install_data
