[0.028s] Invoking command in '/home/jlmre/create3_ws/build/irobot_create_description': CMAKE_PREFIX_PATH=${CMAKE_PREFIX_PATH}:/opt/ros/humble /usr/bin/cmake /home/jlmre/create3_ws/src/create3_sim/irobot_create_common/irobot_create_description -DCMAKE_INSTALL_PREFIX=/home/jlmre/create3_ws/install/irobot_create_description
[0.885s] -- The C compiler identification is GNU 11.4.0
[0.885s] -- The CXX compiler identification is GNU 11.4.0
[0.885s] -- Detecting C compiler ABI info
[0.885s] -- Detecting C compiler ABI info - done
[0.885s] -- Check for working C compiler: /usr/bin/cc - skipped
[0.885s] -- Detecting C compile features
[0.885s] -- Detecting C compile features - done
[0.885s] -- Detecting CXX compiler ABI info
[0.885s] -- Detecting CXX compiler ABI info - done
[0.885s] -- Check for working CXX compiler: /usr/bin/c++ - skipped
[0.885s] -- Detecting CXX compile features
[0.885s] -- Detecting CXX compile features - done
[0.885s] -- Found ament_cmake: 1.3.12 (/opt/ros/humble/share/ament_cmake/cmake)
[0.885s] -- Found Python3: /usr/bin/python3 (found version "3.10.12") found components: Interpreter 
[0.885s] -- Found ament_lint_auto: 0.12.14 (/opt/ros/humble/share/ament_lint_auto/cmake)
[0.885s] -- Added test 'lint_cmake' to check CMake code style
[0.885s] -- Configuring done
[0.885s] -- Generating done
[0.885s] -- Build files have been written to: /home/jlmre/create3_ws/build/irobot_create_description
[1.038s] Invoked command in '/home/jlmre/create3_ws/build/irobot_create_description' returned '0': CMAKE_PREFIX_PATH=${CMAKE_PREFIX_PATH}:/opt/ros/humble /usr/bin/cmake /home/jlmre/create3_ws/src/create3_sim/irobot_create_common/irobot_create_description -DCMAKE_INSTALL_PREFIX=/home/jlmre/create3_ws/install/irobot_create_description
[1.038s] Invoking command in '/home/jlmre/create3_ws/build/irobot_create_description': CMAKE_PREFIX_PATH=${CMAKE_PREFIX_PATH}:/opt/ros/humble /usr/bin/cmake --build /home/jlmre/create3_ws/build/irobot_create_description -- -j16 -l16
[1.073s] Invoked command in '/home/jlmre/create3_ws/build/irobot_create_description' returned '0': CMAKE_PREFIX_PATH=${CMAKE_PREFIX_PATH}:/opt/ros/humble /usr/bin/cmake --build /home/jlmre/create3_ws/build/irobot_create_description -- -j16 -l16
[1.085s] Invoking command in '/home/jlmre/create3_ws/build/irobot_create_description': CMAKE_PREFIX_PATH=${CMAKE_PREFIX_PATH}:/opt/ros/humble /usr/bin/cmake --install /home/jlmre/create3_ws/build/irobot_create_description
[1.092s] -- Install configuration: ""
[1.092s] -- Installing: /home/jlmre/create3_ws/install/irobot_create_description/share/irobot_create_description//meshes
[1.092s] -- Installing: /home/jlmre/create3_ws/install/irobot_create_description/share/irobot_create_description//meshes/body_visual.dae
[1.094s] -- Installing: /home/jlmre/create3_ws/install/irobot_create_description/share/irobot_create_description//meshes/bumper_collision.dae
[1.094s] -- Installing: /home/jlmre/create3_ws/install/irobot_create_description/share/irobot_create_description//meshes/dock
[1.094s] -- Installing: /home/jlmre/create3_ws/install/irobot_create_description/share/irobot_create_description//meshes/dock/visual.dae
[1.102s] -- Installing: /home/jlmre/create3_ws/install/irobot_create_description/share/irobot_create_description//meshes/bumper_visual.dae
[1.102s] -- Installing: /home/jlmre/create3_ws/install/irobot_create_description/share/irobot_create_description//urdf
[1.102s] -- Installing: /home/jlmre/create3_ws/install/irobot_create_description/share/irobot_create_description//urdf/caster.urdf.xacro
[1.102s] -- Installing: /home/jlmre/create3_ws/install/irobot_create_description/share/irobot_create_description//urdf/wheel_drop.urdf.xacro
[1.102s] -- Installing: /home/jlmre/create3_ws/install/irobot_create_description/share/irobot_create_description//urdf/create3.urdf.xacro
[1.102s] -- Installing: /home/jlmre/create3_ws/install/irobot_create_description/share/irobot_create_description//urdf/wheel_with_wheeldrop.urdf.xacro
[1.102s] -- Installing: /home/jlmre/create3_ws/install/irobot_create_description/share/irobot_create_description//urdf/bumper.urdf.xacro
[1.103s] -- Installing: /home/jlmre/create3_ws/install/irobot_create_description/share/irobot_create_description//urdf/common_properties.urdf.xacro
[1.103s] -- Installing: /home/jlmre/create3_ws/install/irobot_create_description/share/irobot_create_description//urdf/sensors
[1.103s] -- Installing: /home/jlmre/create3_ws/install/irobot_create_description/share/irobot_create_description//urdf/sensors/imu.urdf.xacro
[1.103s] -- Installing: /home/jlmre/create3_ws/install/irobot_create_description/share/irobot_create_description//urdf/sensors/ir_intensity.urdf.xacro
[1.103s] -- Installing: /home/jlmre/create3_ws/install/irobot_create_description/share/irobot_create_description//urdf/sensors/ir_opcode_receivers.urdf.xacro
[1.103s] -- Installing: /home/jlmre/create3_ws/install/irobot_create_description/share/irobot_create_description//urdf/sensors/cliff_sensor.urdf.xacro
[1.103s] -- Installing: /home/jlmre/create3_ws/install/irobot_create_description/share/irobot_create_description//urdf/sensors/optical_mouse.urdf.xacro
[1.103s] -- Installing: /home/jlmre/create3_ws/install/irobot_create_description/share/irobot_create_description//urdf/wheel.urdf.xacro
[1.103s] -- Installing: /home/jlmre/create3_ws/install/irobot_create_description/share/irobot_create_description//urdf/button.urdf.xacro
[1.104s] -- Installing: /home/jlmre/create3_ws/install/irobot_create_description/share/irobot_create_description//urdf/dock
[1.104s] -- Installing: /home/jlmre/create3_ws/install/irobot_create_description/share/irobot_create_description//urdf/dock/ir_emitter.urdf.xacro
[1.104s] -- Installing: /home/jlmre/create3_ws/install/irobot_create_description/share/irobot_create_description//urdf/dock/standard_dock.urdf.xacro
[1.105s] -- Installing: /home/jlmre/create3_ws/install/irobot_create_description/share/ament_index/resource_index/package_run_dependencies/irobot_create_description
[1.105s] -- Installing: /home/jlmre/create3_ws/install/irobot_create_description/share/ament_index/resource_index/parent_prefix_path/irobot_create_description
[1.106s] -- Installing: /home/jlmre/create3_ws/install/irobot_create_description/share/irobot_create_description/environment/ament_prefix_path.sh
[1.106s] -- Installing: /home/jlmre/create3_ws/install/irobot_create_description/share/irobot_create_description/environment/ament_prefix_path.dsv
[1.106s] -- Installing: /home/jlmre/create3_ws/install/irobot_create_description/share/irobot_create_description/environment/path.sh
[1.106s] -- Installing: /home/jlmre/create3_ws/install/irobot_create_description/share/irobot_create_description/environment/path.dsv
[1.106s] -- Installing: /home/jlmre/create3_ws/install/irobot_create_description/share/irobot_create_description/local_setup.bash
[1.106s] -- Installing: /home/jlmre/create3_ws/install/irobot_create_description/share/irobot_create_description/local_setup.sh
[1.106s] -- Installing: /home/jlmre/create3_ws/install/irobot_create_description/share/irobot_create_description/local_setup.zsh
[1.106s] -- Installing: /home/jlmre/create3_ws/install/irobot_create_description/share/irobot_create_description/local_setup.dsv
[1.106s] -- Installing: /home/jlmre/create3_ws/install/irobot_create_description/share/irobot_create_description/package.dsv
[1.106s] -- Installing: /home/jlmre/create3_ws/install/irobot_create_description/share/ament_index/resource_index/packages/irobot_create_description
[1.106s] -- Installing: /home/jlmre/create3_ws/install/irobot_create_description/share/irobot_create_description/cmake/irobot_create_descriptionConfig.cmake
[1.106s] -- Installing: /home/jlmre/create3_ws/install/irobot_create_description/share/irobot_create_description/cmake/irobot_create_descriptionConfig-version.cmake
[1.107s] -- Installing: /home/jlmre/create3_ws/install/irobot_create_description/share/irobot_create_description/package.xml
[1.128s] Invoked command in '/home/jlmre/create3_ws/build/irobot_create_description' returned '0': CMAKE_PREFIX_PATH=${CMAKE_PREFIX_PATH}:/opt/ros/humble /usr/bin/cmake --install /home/jlmre/create3_ws/build/irobot_create_description
