[0.727s] Invoking command in '/home/jlmre/create3_ws/src/bringup': PYTHONPATH=/home/jlmre/create3_ws/build/bringup/prefix_override:/usr/lib/python3/dist-packages/colcon_core/task/python/colcon_distutils_commands:/home/jlmre/create3_ws/install/bringup/lib/python3.10/site-packages:${PYTHONPATH} /usr/bin/python3 -W ignore:setup.py install is deprecated -W ignore:easy_install command is deprecated setup.py egg_info --egg-base ../../build/bringup build --build-base /home/jlmre/create3_ws/build/bringup/build install --record /home/jlmre/create3_ws/build/bringup/install.log --single-version-externally-managed install_data
[0.862s] running egg_info
[0.862s] writing ../../build/bringup/bringup.egg-info/PKG-INFO
[0.863s] writing dependency_links to ../../build/bringup/bringup.egg-info/dependency_links.txt
[0.863s] writing entry points to ../../build/bringup/bringup.egg-info/entry_points.txt
[0.863s] writing requirements to ../../build/bringup/bringup.egg-info/requires.txt
[0.863s] writing top-level names to ../../build/bringup/bringup.egg-info/top_level.txt
[0.864s] reading manifest file '../../build/bringup/bringup.egg-info/SOURCES.txt'
[0.865s] writing manifest file '../../build/bringup/bringup.egg-info/SOURCES.txt'
[0.865s] running build
[0.865s] running build_py
[0.865s] running install
[0.865s] running install_lib
[0.865s] running install_data
[0.866s] running install_egg_info
[0.867s] removing '/home/jlmre/create3_ws/install/bringup/lib/python3.10/site-packages/bringup-0.0.0-py3.10.egg-info' (and everything under it)
[0.867s] Copying ../../build/bringup/bringup.egg-info to /home/jlmre/create3_ws/install/bringup/lib/python3.10/site-packages/bringup-0.0.0-py3.10.egg-info
[0.867s] running install_scripts
[0.879s] writing list of installed files to '/home/jlmre/create3_ws/build/bringup/install.log'
[0.899s] Invoked command in '/home/jlmre/create3_ws/src/bringup' returned '0': PYTHONPATH=/home/jlmre/create3_ws/build/bringup/prefix_override:/usr/lib/python3/dist-packages/colcon_core/task/python/colcon_distutils_commands:/home/jlmre/create3_ws/install/bringup/lib/python3.10/site-packages:${PYTHONPATH} /usr/bin/python3 -W ignore:setup.py install is deprecated -W ignore:easy_install command is deprecated setup.py egg_info --egg-base ../../build/bringup build --build-base /home/jlmre/create3_ws/build/bringup/build install --record /home/jlmre/create3_ws/build/bringup/install.log --single-version-externally-managed install_data
