[0.043s] Invoking command in '/home/jlmre/create3_ws/build/irobot_create_ignition_plugins': CMAKE_PREFIX_PATH=/opt/ros/humble /usr/bin/cmake --build /home/jlmre/create3_ws/build/irobot_create_ignition_plugins -- -j16 -l16
[0.758s] [ 16%] [34m[1mAutomatic MOC for target Create3Hmi[0m
[0.758s] [ 16%] Built target Create3Hmi_autogen
[0.759s] [100%] Built target Create3Hmi
[0.760s] Invoked command in '/home/jlmre/create3_ws/build/irobot_create_ignition_plugins' returned '0': CMAKE_PREFIX_PATH=/opt/ros/humble /usr/bin/cmake --build /home/jlmre/create3_ws/build/irobot_create_ignition_plugins -- -j16 -l16
[0.769s] Invoking command in '/home/jlmre/create3_ws/build/irobot_create_ignition_plugins': CMAKE_PREFIX_PATH=/opt/ros/humble /usr/bin/cmake --install /home/jlmre/create3_ws/build/irobot_create_ignition_plugins
[0.913s] -- Install configuration: ""
[0.913s] -- Up-to-date: /home/jlmre/create3_ws/install/irobot_create_ignition_plugins/share/ament_index/resource_index/package_run_dependencies/irobot_create_ignition_plugins
[0.913s] -- Up-to-date: /home/jlmre/create3_ws/install/irobot_create_ignition_plugins/share/ament_index/resource_index/parent_prefix_path/irobot_create_ignition_plugins
[0.913s] -- Up-to-date: /home/jlmre/create3_ws/install/irobot_create_ignition_plugins/share/irobot_create_ignition_plugins/environment/ament_prefix_path.sh
[0.914s] -- Up-to-date: /home/jlmre/create3_ws/install/irobot_create_ignition_plugins/share/irobot_create_ignition_plugins/environment/ament_prefix_path.dsv
[0.914s] -- Up-to-date: /home/jlmre/create3_ws/install/irobot_create_ignition_plugins/share/irobot_create_ignition_plugins/environment/path.sh
[0.914s] -- Up-to-date: /home/jlmre/create3_ws/install/irobot_create_ignition_plugins/share/irobot_create_ignition_plugins/environment/path.dsv
[0.914s] -- Up-to-date: /home/jlmre/create3_ws/install/irobot_create_ignition_plugins/share/irobot_create_ignition_plugins/local_setup.bash
[0.914s] -- Up-to-date: /home/jlmre/create3_ws/install/irobot_create_ignition_plugins/share/irobot_create_ignition_plugins/local_setup.sh
[0.914s] -- Up-to-date: /home/jlmre/create3_ws/install/irobot_create_ignition_plugins/share/irobot_create_ignition_plugins/local_setup.zsh
[0.914s] -- Up-to-date: /home/jlmre/create3_ws/install/irobot_create_ignition_plugins/share/irobot_create_ignition_plugins/local_setup.dsv
[0.914s] -- Installing: /home/jlmre/create3_ws/install/irobot_create_ignition_plugins/share/irobot_create_ignition_plugins/package.dsv
[0.914s] -- Up-to-date: /home/jlmre/create3_ws/install/irobot_create_ignition_plugins/share/ament_index/resource_index/packages/irobot_create_ignition_plugins
[0.914s] -- Up-to-date: /home/jlmre/create3_ws/install/irobot_create_ignition_plugins/share/irobot_create_ignition_plugins/cmake/irobot_create_ignition_pluginsConfig.cmake
[0.914s] -- Up-to-date: /home/jlmre/create3_ws/install/irobot_create_ignition_plugins/share/irobot_create_ignition_plugins/cmake/irobot_create_ignition_pluginsConfig-version.cmake
[0.914s] -- Up-to-date: /home/jlmre/create3_ws/install/irobot_create_ignition_plugins/share/irobot_create_ignition_plugins/package.xml
[0.914s] -- Up-to-date: /home/jlmre/create3_ws/install/irobot_create_ignition_plugins/share/irobot_create_ignition_plugins/lib/libCreate3Hmi.so
[0.936s] Invoked command in '/home/jlmre/create3_ws/build/irobot_create_ignition_plugins' returned '0': CMAKE_PREFIX_PATH=/opt/ros/humble /usr/bin/cmake --install /home/jlmre/create3_ws/build/irobot_create_ignition_plugins
