running egg_info
writing ../../build/image_png_player/image_png_player.egg-info/PKG-INFO
writing dependency_links to ../../build/image_png_player/image_png_player.egg-info/dependency_links.txt
writing entry points to ../../build/image_png_player/image_png_player.egg-info/entry_points.txt
writing requirements to ../../build/image_png_player/image_png_player.egg-info/requires.txt
writing top-level names to ../../build/image_png_player/image_png_player.egg-info/top_level.txt
reading manifest file '../../build/image_png_player/image_png_player.egg-info/SOURCES.txt'
writing manifest file '../../build/image_png_player/image_png_player.egg-info/SOURCES.txt'
running build
running build_py
running install
running install_lib
running install_data
running install_egg_info
removing '/home/jlmre/create3_ws/install/image_png_player/lib/python3.10/site-packages/image_png_player-0.0.1-py3.10.egg-info' (and everything under it)
Copying ../../build/image_png_player/image_png_player.egg-info to /home/jlmre/create3_ws/install/image_png_player/lib/python3.10/site-packages/image_png_player-0.0.1-py3.10.egg-info
running install_scripts
Installing Prueba script to /home/jlmre/create3_ws/install/image_png_player/lib/image_png_player
Installing image_player script to /home/jlmre/create3_ws/install/image_png_player/lib/image_png_player
writing list of installed files to '/home/jlmre/create3_ws/build/image_png_player/install.log'
