[0.747s] Invoking command in '/home/jlmre/create3_ws/src/img_server': PYTHONPATH=/home/jlmre/create3_ws/build/img_server/prefix_override:/usr/lib/python3/dist-packages/colcon_core/task/python/colcon_distutils_commands:/home/jlmre/create3_ws/install/img_server/lib/python3.10/site-packages:${PYTHONPATH} /usr/bin/python3 -W ignore:setup.py install is deprecated -W ignore:easy_install command is deprecated setup.py egg_info --egg-base ../../build/img_server build --build-base /home/jlmre/create3_ws/build/img_server/build install --record /home/jlmre/create3_ws/build/img_server/install.log --single-version-externally-managed install_data
[0.884s] running egg_info
[0.885s] writing ../../build/img_server/img_server.egg-info/PKG-INFO
[0.885s] writing dependency_links to ../../build/img_server/img_server.egg-info/dependency_links.txt
[0.885s] writing entry points to ../../build/img_server/img_server.egg-info/entry_points.txt
[0.885s] writing requirements to ../../build/img_server/img_server.egg-info/requires.txt
[0.885s] writing top-level names to ../../build/img_server/img_server.egg-info/top_level.txt
[0.886s] reading manifest file '../../build/img_server/img_server.egg-info/SOURCES.txt'
[0.886s] writing manifest file '../../build/img_server/img_server.egg-info/SOURCES.txt'
[0.886s] running build
[0.886s] running build_py
[0.887s] running install
[0.887s] running install_lib
[0.887s] running install_data
[0.888s] running install_egg_info
[0.889s] removing '/home/jlmre/create3_ws/install/img_server/lib/python3.10/site-packages/img_server-0.0.0-py3.10.egg-info' (and everything under it)
[0.889s] Copying ../../build/img_server/img_server.egg-info to /home/jlmre/create3_ws/install/img_server/lib/python3.10/site-packages/img_server-0.0.0-py3.10.egg-info
[0.889s] running install_scripts
[0.902s] Installing img_server_node script to /home/jlmre/create3_ws/install/img_server/lib/img_server
[0.902s] writing list of installed files to '/home/jlmre/create3_ws/build/img_server/install.log'
[0.929s] Invoked command in '/home/jlmre/create3_ws/src/img_server' returned '0': PYTHONPATH=/home/jlmre/create3_ws/build/img_server/prefix_override:/usr/lib/python3/dist-packages/colcon_core/task/python/colcon_distutils_commands:/home/jlmre/create3_ws/install/img_server/lib/python3.10/site-packages:${PYTHONPATH} /usr/bin/python3 -W ignore:setup.py install is deprecated -W ignore:easy_install command is deprecated setup.py egg_info --egg-base ../../build/img_server build --build-base /home/jlmre/create3_ws/build/img_server/build install --record /home/jlmre/create3_ws/build/img_server/install.log --single-version-externally-managed install_data
