[0.031s] Invoking command in '/home/jlmre/create3_ws/build/irobot_create_control': CMAKE_PREFIX_PATH=${CMAKE_PREFIX_PATH}:/opt/ros/humble /usr/bin/cmake /home/jlmre/create3_ws/src/create3_sim/irobot_create_common/irobot_create_control -DCMAKE_INSTALL_PREFIX=/home/jlmre/create3_ws/install/irobot_create_control
[0.887s] -- The C compiler identification is GNU 11.4.0
[0.887s] -- The CXX compiler identification is GNU 11.4.0
[0.887s] -- Detecting C compiler ABI info
[0.887s] -- Detecting C compiler ABI info - done
[0.887s] -- Check for working C compiler: /usr/bin/cc - skipped
[0.887s] -- Detecting C compile features
[0.887s] -- Detecting C compile features - done
[0.888s] -- Detecting CXX compiler ABI info
[0.888s] -- Detecting CXX compiler ABI info - done
[0.888s] -- Check for working CXX compiler: /usr/bin/c++ - skipped
[0.888s] -- Detecting CXX compile features
[0.888s] -- Detecting CXX compile features - done
[0.888s] -- Found ament_cmake: 1.3.12 (/opt/ros/humble/share/ament_cmake/cmake)
[0.888s] -- Found Python3: /usr/bin/python3 (found version "3.10.12") found components: Interpreter 
[0.888s] -- Found ament_lint_auto: 0.12.14 (/opt/ros/humble/share/ament_lint_auto/cmake)
[0.888s] -- Added test 'flake8' to check Python code syntax and style conventions
[0.888s] -- Added test 'lint_cmake' to check CMake code style
[0.888s] -- Added test 'pep257' to check Python code against some of the docstring style conventions in PEP 257
[0.888s] -- Added test 'xmllint' to check XML markup files
[0.888s] -- Configuring done
[0.888s] -- Generating done
[0.888s] -- Build files have been written to: /home/jlmre/create3_ws/build/irobot_create_control
[1.042s] Invoked command in '/home/jlmre/create3_ws/build/irobot_create_control' returned '0': CMAKE_PREFIX_PATH=${CMAKE_PREFIX_PATH}:/opt/ros/humble /usr/bin/cmake /home/jlmre/create3_ws/src/create3_sim/irobot_create_common/irobot_create_control -DCMAKE_INSTALL_PREFIX=/home/jlmre/create3_ws/install/irobot_create_control
[1.042s] Invoking command in '/home/jlmre/create3_ws/build/irobot_create_control': CMAKE_PREFIX_PATH=${CMAKE_PREFIX_PATH}:/opt/ros/humble /usr/bin/cmake --build /home/jlmre/create3_ws/build/irobot_create_control -- -j16 -l16
[1.090s] Invoked command in '/home/jlmre/create3_ws/build/irobot_create_control' returned '0': CMAKE_PREFIX_PATH=${CMAKE_PREFIX_PATH}:/opt/ros/humble /usr/bin/cmake --build /home/jlmre/create3_ws/build/irobot_create_control -- -j16 -l16
[1.091s] Invoking command in '/home/jlmre/create3_ws/build/irobot_create_control': CMAKE_PREFIX_PATH=${CMAKE_PREFIX_PATH}:/opt/ros/humble /usr/bin/cmake --install /home/jlmre/create3_ws/build/irobot_create_control
[1.101s] -- Install configuration: ""
[1.101s] -- Installing: /home/jlmre/create3_ws/install/irobot_create_control/share/irobot_create_control//launch
[1.101s] -- Installing: /home/jlmre/create3_ws/install/irobot_create_control/share/irobot_create_control//launch/include
[1.101s] -- Installing: /home/jlmre/create3_ws/install/irobot_create_control/share/irobot_create_control//launch/include/control.py
[1.102s] -- Installing: /home/jlmre/create3_ws/install/irobot_create_control/share/irobot_create_control//config
[1.102s] -- Installing: /home/jlmre/create3_ws/install/irobot_create_control/share/irobot_create_control//config/control.yaml
[1.102s] -- Installing: /home/jlmre/create3_ws/install/irobot_create_control/share/ament_index/resource_index/package_run_dependencies/irobot_create_control
[1.102s] -- Installing: /home/jlmre/create3_ws/install/irobot_create_control/share/ament_index/resource_index/parent_prefix_path/irobot_create_control
[1.103s] -- Installing: /home/jlmre/create3_ws/install/irobot_create_control/share/irobot_create_control/environment/ament_prefix_path.sh
[1.103s] -- Installing: /home/jlmre/create3_ws/install/irobot_create_control/share/irobot_create_control/environment/ament_prefix_path.dsv
[1.103s] -- Installing: /home/jlmre/create3_ws/install/irobot_create_control/share/irobot_create_control/environment/path.sh
[1.103s] -- Installing: /home/jlmre/create3_ws/install/irobot_create_control/share/irobot_create_control/environment/path.dsv
[1.103s] -- Installing: /home/jlmre/create3_ws/install/irobot_create_control/share/irobot_create_control/local_setup.bash
[1.104s] -- Installing: /home/jlmre/create3_ws/install/irobot_create_control/share/irobot_create_control/local_setup.sh
[1.104s] -- Installing: /home/jlmre/create3_ws/install/irobot_create_control/share/irobot_create_control/local_setup.zsh
[1.104s] -- Installing: /home/jlmre/create3_ws/install/irobot_create_control/share/irobot_create_control/local_setup.dsv
[1.104s] -- Installing: /home/jlmre/create3_ws/install/irobot_create_control/share/irobot_create_control/package.dsv
[1.105s] -- Installing: /home/jlmre/create3_ws/install/irobot_create_control/share/ament_index/resource_index/packages/irobot_create_control
[1.105s] -- Installing: /home/jlmre/create3_ws/install/irobot_create_control/share/irobot_create_control/cmake/irobot_create_controlConfig.cmake
[1.105s] -- Installing: /home/jlmre/create3_ws/install/irobot_create_control/share/irobot_create_control/cmake/irobot_create_controlConfig-version.cmake
[1.105s] -- Installing: /home/jlmre/create3_ws/install/irobot_create_control/share/irobot_create_control/package.xml
[1.109s] Invoked command in '/home/jlmre/create3_ws/build/irobot_create_control' returned '0': CMAKE_PREFIX_PATH=${CMAKE_PREFIX_PATH}:/opt/ros/humble /usr/bin/cmake --install /home/jlmre/create3_ws/build/irobot_create_control
