[0mCMake Error: The current CMakeCache.txt directory /home/jlmre/Proyectos_Robotica/create3_ws/build/irobot_create_gazebo_bringup/CMakeCache.txt is different than the directory /home/jlmre/create3_ws/build/irobot_create_gazebo_bringup where CMakeCache.txt was created. This may result in binaries being created in the wrong place. If you are not sure, reedit the CMakeCache.txt[0m
-- Install configuration: ""
-- Up-to-date: /home/jlmre/create3_ws/install/irobot_create_gazebo_bringup/share/irobot_create_gazebo_bringup/config
-- Up-to-date: /home/jlmre/create3_ws/install/irobot_create_gazebo_bringup/share/irobot_create_gazebo_bringup/config/gazebo_params.yaml
-- Up-to-date: /home/jlmre/create3_ws/install/irobot_create_gazebo_bringup/share/irobot_create_gazebo_bringup/launch
-- Up-to-date: /home/jlmre/create3_ws/install/irobot_create_gazebo_bringup/share/irobot_create_gazebo_bringup/launch/create3_spawn.launch.py
-- Up-to-date: /home/jlmre/create3_ws/install/irobot_create_gazebo_bringup/share/irobot_create_gazebo_bringup/launch/gazebo.launch.py
-- Up-to-date: /home/jlmre/create3_ws/install/irobot_create_gazebo_bringup/share/irobot_create_gazebo_bringup/launch/create3_gazebo_aws_small.launch.py
-- Up-to-date: /home/jlmre/create3_ws/install/irobot_create_gazebo_bringup/share/irobot_create_gazebo_bringup/launch/create3_gazebo.launch.py
-- Up-to-date: /home/jlmre/create3_ws/install/irobot_create_gazebo_bringup/share/ament_index/resource_index/package_run_dependencies/irobot_create_gazebo_bringup
-- Up-to-date: /home/jlmre/create3_ws/install/irobot_create_gazebo_bringup/share/ament_index/resource_index/parent_prefix_path/irobot_create_gazebo_bringup
-- Up-to-date: /home/jlmre/create3_ws/install/irobot_create_gazebo_bringup/share/irobot_create_gazebo_bringup/environment/ament_prefix_path.sh
-- Up-to-date: /home/jlmre/create3_ws/install/irobot_create_gazebo_bringup/share/irobot_create_gazebo_bringup/environment/ament_prefix_path.dsv
-- Up-to-date: /home/jlmre/create3_ws/install/irobot_create_gazebo_bringup/share/irobot_create_gazebo_bringup/environment/path.sh
-- Up-to-date: /home/jlmre/create3_ws/install/irobot_create_gazebo_bringup/share/irobot_create_gazebo_bringup/environment/path.dsv
-- Up-to-date: /home/jlmre/create3_ws/install/irobot_create_gazebo_bringup/share/irobot_create_gazebo_bringup/local_setup.bash
-- Up-to-date: /home/jlmre/create3_ws/install/irobot_create_gazebo_bringup/share/irobot_create_gazebo_bringup/local_setup.sh
-- Up-to-date: /home/jlmre/create3_ws/install/irobot_create_gazebo_bringup/share/irobot_create_gazebo_bringup/local_setup.zsh
-- Up-to-date: /home/jlmre/create3_ws/install/irobot_create_gazebo_bringup/share/irobot_create_gazebo_bringup/local_setup.dsv
-- Installing: /home/jlmre/create3_ws/install/irobot_create_gazebo_bringup/share/irobot_create_gazebo_bringup/package.dsv
-- Up-to-date: /home/jlmre/create3_ws/install/irobot_create_gazebo_bringup/share/ament_index/resource_index/packages/irobot_create_gazebo_bringup
-- Up-to-date: /home/jlmre/create3_ws/install/irobot_create_gazebo_bringup/share/irobot_create_gazebo_bringup/cmake/irobot_create_gazebo_bringupConfig.cmake
-- Up-to-date: /home/jlmre/create3_ws/install/irobot_create_gazebo_bringup/share/irobot_create_gazebo_bringup/cmake/irobot_create_gazebo_bringupConfig-version.cmake
-- Up-to-date: /home/jlmre/create3_ws/install/irobot_create_gazebo_bringup/share/irobot_create_gazebo_bringup/package.xml
