[0.040s] Invoking command in '/home/jlmre/create3_ws/build/irobot_create_toolbox': CMAKE_PREFIX_PATH=/opt/ros/humble /usr/bin/cmake --build /home/jlmre/create3_ws/build/irobot_create_toolbox -- -j16 -l16
[0.828s] [100%] Built target irobot_create_toolbox
[0.844s] Invoked command in '/home/jlmre/create3_ws/build/irobot_create_toolbox' returned '0': CMAKE_PREFIX_PATH=/opt/ros/humble /usr/bin/cmake --build /home/jlmre/create3_ws/build/irobot_create_toolbox -- -j16 -l16
[0.847s] Invoking command in '/home/jlmre/create3_ws/build/irobot_create_toolbox': CMAKE_PREFIX_PATH=/opt/ros/humble /usr/bin/cmake --install /home/jlmre/create3_ws/build/irobot_create_toolbox
[1.010s] -- Install configuration: ""
[1.010s] -- Up-to-date: /home/jlmre/create3_ws/install/irobot_create_toolbox/lib/libirobot_create_toolbox.so
[1.010s] -- Up-to-date: /home/jlmre/create3_ws/install/irobot_create_toolbox/include
[1.010s] -- Up-to-date: /home/jlmre/create3_ws/install/irobot_create_toolbox/include/irobot_create_toolbox
[1.010s] -- Up-to-date: /home/jlmre/create3_ws/install/irobot_create_toolbox/include/irobot_create_toolbox/polar_coordinates.hpp
[1.010s] -- Up-to-date: /home/jlmre/create3_ws/install/irobot_create_toolbox/include/irobot_create_toolbox/math.hpp
[1.010s] -- Up-to-date: /home/jlmre/create3_ws/install/irobot_create_toolbox/include/irobot_create_toolbox/sensors
[1.010s] -- Up-to-date: /home/jlmre/create3_ws/install/irobot_create_toolbox/include/irobot_create_toolbox/sensors/bumpers.hpp
[1.010s] -- Up-to-date: /home/jlmre/create3_ws/install/irobot_create_toolbox/share/irobot_create_toolbox/environment/library_path.sh
[1.010s] -- Up-to-date: /home/jlmre/create3_ws/install/irobot_create_toolbox/share/irobot_create_toolbox/environment/library_path.dsv
[1.010s] -- Up-to-date: /home/jlmre/create3_ws/install/irobot_create_toolbox/share/ament_index/resource_index/package_run_dependencies/irobot_create_toolbox
[1.010s] -- Up-to-date: /home/jlmre/create3_ws/install/irobot_create_toolbox/share/ament_index/resource_index/parent_prefix_path/irobot_create_toolbox
[1.010s] -- Up-to-date: /home/jlmre/create3_ws/install/irobot_create_toolbox/share/irobot_create_toolbox/environment/ament_prefix_path.sh
[1.010s] -- Up-to-date: /home/jlmre/create3_ws/install/irobot_create_toolbox/share/irobot_create_toolbox/environment/ament_prefix_path.dsv
[1.010s] -- Up-to-date: /home/jlmre/create3_ws/install/irobot_create_toolbox/share/irobot_create_toolbox/environment/path.sh
[1.010s] -- Up-to-date: /home/jlmre/create3_ws/install/irobot_create_toolbox/share/irobot_create_toolbox/environment/path.dsv
[1.011s] -- Up-to-date: /home/jlmre/create3_ws/install/irobot_create_toolbox/share/irobot_create_toolbox/local_setup.bash
[1.011s] -- Up-to-date: /home/jlmre/create3_ws/install/irobot_create_toolbox/share/irobot_create_toolbox/local_setup.sh
[1.011s] -- Up-to-date: /home/jlmre/create3_ws/install/irobot_create_toolbox/share/irobot_create_toolbox/local_setup.zsh
[1.011s] -- Up-to-date: /home/jlmre/create3_ws/install/irobot_create_toolbox/share/irobot_create_toolbox/local_setup.dsv
[1.011s] -- Installing: /home/jlmre/create3_ws/install/irobot_create_toolbox/share/irobot_create_toolbox/package.dsv
[1.011s] -- Up-to-date: /home/jlmre/create3_ws/install/irobot_create_toolbox/share/ament_index/resource_index/packages/irobot_create_toolbox
[1.011s] -- Up-to-date: /home/jlmre/create3_ws/install/irobot_create_toolbox/share/irobot_create_toolbox/cmake/ament_cmake_export_include_directories-extras.cmake
[1.011s] -- Up-to-date: /home/jlmre/create3_ws/install/irobot_create_toolbox/share/irobot_create_toolbox/cmake/ament_cmake_export_libraries-extras.cmake
[1.011s] -- Up-to-date: /home/jlmre/create3_ws/install/irobot_create_toolbox/share/irobot_create_toolbox/cmake/ament_cmake_export_dependencies-extras.cmake
[1.011s] -- Up-to-date: /home/jlmre/create3_ws/install/irobot_create_toolbox/share/irobot_create_toolbox/cmake/irobot_create_toolboxConfig.cmake
[1.011s] -- Up-to-date: /home/jlmre/create3_ws/install/irobot_create_toolbox/share/irobot_create_toolbox/cmake/irobot_create_toolboxConfig-version.cmake
[1.011s] -- Up-to-date: /home/jlmre/create3_ws/install/irobot_create_toolbox/share/irobot_create_toolbox/package.xml
[1.019s] Invoked command in '/home/jlmre/create3_ws/build/irobot_create_toolbox' returned '0': CMAKE_PREFIX_PATH=/opt/ros/humble /usr/bin/cmake --install /home/jlmre/create3_ws/build/irobot_create_toolbox
