[0.021s] Invoking command in '/home/jlmre/create3_ws/build/irobot_create_nodes': AMENT_PREFIX_PATH=/home/jlmre/create3_ws/install/irobot_create_toolbox:${AMENT_PREFIX_PATH} CMAKE_PREFIX_PATH=/home/jlmre/create3_ws/install/irobot_create_toolbox:/opt/ros/humble LD_LIBRARY_PATH=/home/jlmre/create3_ws/install/irobot_create_toolbox/lib:${LD_LIBRARY_PATH} /usr/bin/cmake --build /home/jlmre/create3_ws/build/irobot_create_nodes -- -j16 -l16
[0.126s] [ 16%] Built target robot_state_lib
[0.126s] [ 16%] Built target motion_control
[0.126s] [ 16%] Built target ui_mgr_lib
[0.127s] [ 21%] Built target ui_mgr
[0.127s] [ 37%] Built target hazards_vector_publisher
[0.127s] [ 51%] Built target wheel_status_publisher
[0.127s] [ 51%] Built target wheel_status_publisher_lib
[0.128s] [ 51%] Built target ir_intensity_publisher_lib
[0.128s] [ 54%] Built target hazard_publisher_lib
[0.129s] [ 51%] Built target ir_intensity_vector_publisher
[0.130s] [ 59%] Built target robot_state
[0.131s] [ 70%] Built target mock_publisher
[0.131s] [ 70%] Built target mock_publisher_lib
[0.131s] [ 75%] Built target kidnap_estimator_publisher_lib
[0.132s] [ 81%] Built target kidnap_estimator_publisher
[0.142s] [100%] Built target motion_control_lib
[0.154s] Invoked command in '/home/jlmre/create3_ws/build/irobot_create_nodes' returned '0': AMENT_PREFIX_PATH=/home/jlmre/create3_ws/install/irobot_create_toolbox:${AMENT_PREFIX_PATH} CMAKE_PREFIX_PATH=/home/jlmre/create3_ws/install/irobot_create_toolbox:/opt/ros/humble LD_LIBRARY_PATH=/home/jlmre/create3_ws/install/irobot_create_toolbox/lib:${LD_LIBRARY_PATH} /usr/bin/cmake --build /home/jlmre/create3_ws/build/irobot_create_nodes -- -j16 -l16
[0.157s] Invoking command in '/home/jlmre/create3_ws/build/irobot_create_nodes': AMENT_PREFIX_PATH=/home/jlmre/create3_ws/install/irobot_create_toolbox:${AMENT_PREFIX_PATH} CMAKE_PREFIX_PATH=/home/jlmre/create3_ws/install/irobot_create_toolbox:/opt/ros/humble LD_LIBRARY_PATH=/home/jlmre/create3_ws/install/irobot_create_toolbox/lib:${LD_LIBRARY_PATH} /usr/bin/cmake --install /home/jlmre/create3_ws/build/irobot_create_nodes
[0.168s] -- Install configuration: ""
[0.169s] -- Up-to-date: /home/jlmre/create3_ws/install/irobot_create_nodes/lib/irobot_create_nodes/hazards_vector_publisher
[0.170s] -- Up-to-date: /home/jlmre/create3_ws/install/irobot_create_nodes/lib/irobot_create_nodes/ir_intensity_vector_publisher
[0.171s] -- Up-to-date: /home/jlmre/create3_ws/install/irobot_create_nodes/lib/irobot_create_nodes/motion_control
[0.172s] -- Up-to-date: /home/jlmre/create3_ws/install/irobot_create_nodes/lib/irobot_create_nodes/wheel_status_publisher
[0.172s] -- Up-to-date: /home/jlmre/create3_ws/install/irobot_create_nodes/lib/irobot_create_nodes/robot_state
[0.173s] -- Up-to-date: /home/jlmre/create3_ws/install/irobot_create_nodes/lib/irobot_create_nodes/ui_mgr
[0.176s] -- Up-to-date: /home/jlmre/create3_ws/install/irobot_create_nodes/lib/irobot_create_nodes/mock_publisher
[0.176s] -- Up-to-date: /home/jlmre/create3_ws/install/irobot_create_nodes/lib/irobot_create_nodes/kidnap_estimator_publisher
[0.176s] -- Up-to-date: /home/jlmre/create3_ws/install/irobot_create_nodes/lib/libhazard_publisher_lib.so
[0.176s] -- Up-to-date: /home/jlmre/create3_ws/install/irobot_create_nodes/lib/libir_intensity_publisher_lib.so
[0.178s] -- Up-to-date: /home/jlmre/create3_ws/install/irobot_create_nodes/lib/libmotion_control_lib.so
[0.179s] -- Up-to-date: /home/jlmre/create3_ws/install/irobot_create_nodes/lib/libwheel_status_publisher_lib.so
[0.181s] -- Up-to-date: /home/jlmre/create3_ws/install/irobot_create_nodes/lib/librobot_state_lib.so
[0.183s] -- Up-to-date: /home/jlmre/create3_ws/install/irobot_create_nodes/lib/libui_mgr_lib.so
[0.183s] -- Up-to-date: /home/jlmre/create3_ws/install/irobot_create_nodes/lib/libmock_publisher_lib.so
[0.184s] -- Up-to-date: /home/jlmre/create3_ws/install/irobot_create_nodes/lib/libkidnap_estimator_publisher_lib.so
[0.185s] -- Up-to-date: /home/jlmre/create3_ws/install/irobot_create_nodes/include
[0.185s] -- Up-to-date: /home/jlmre/create3_ws/install/irobot_create_nodes/include/irobot_create_nodes
[0.185s] -- Up-to-date: /home/jlmre/create3_ws/install/irobot_create_nodes/include/irobot_create_nodes/motion_control_node.hpp
[0.185s] -- Up-to-date: /home/jlmre/create3_ws/install/irobot_create_nodes/include/irobot_create_nodes/ui_mgr.hpp
[0.185s] -- Up-to-date: /home/jlmre/create3_ws/install/irobot_create_nodes/include/irobot_create_nodes/kidnap_estimator_publisher.hpp
[0.185s] -- Up-to-date: /home/jlmre/create3_ws/install/irobot_create_nodes/include/irobot_create_nodes/ir_intensity_vector_publisher.hpp
[0.185s] -- Up-to-date: /home/jlmre/create3_ws/install/irobot_create_nodes/include/irobot_create_nodes/hazards_vector_publisher.hpp
[0.185s] -- Up-to-date: /home/jlmre/create3_ws/install/irobot_create_nodes/include/irobot_create_nodes/motion_control
[0.185s] -- Up-to-date: /home/jlmre/create3_ws/install/irobot_create_nodes/include/irobot_create_nodes/motion_control/behaviors_scheduler.hpp
[0.185s] -- Up-to-date: /home/jlmre/create3_ws/install/irobot_create_nodes/include/irobot_create_nodes/motion_control/reflex_behavior.hpp
[0.186s] -- Up-to-date: /home/jlmre/create3_ws/install/irobot_create_nodes/include/irobot_create_nodes/motion_control/drive_goal_behaviors.hpp
[0.186s] -- Up-to-date: /home/jlmre/create3_ws/install/irobot_create_nodes/include/irobot_create_nodes/motion_control/docking_behavior.hpp
[0.186s] -- Up-to-date: /home/jlmre/create3_ws/install/irobot_create_nodes/include/irobot_create_nodes/motion_control/simple_goal_controller.hpp
[0.186s] -- Up-to-date: /home/jlmre/create3_ws/install/irobot_create_nodes/include/irobot_create_nodes/motion_control/wall_follow_behavior.hpp
[0.186s] -- Up-to-date: /home/jlmre/create3_ws/install/irobot_create_nodes/include/irobot_create_nodes/motion_control/wall_follow_states.hpp
[0.186s] -- Up-to-date: /home/jlmre/create3_ws/install/irobot_create_nodes/include/irobot_create_nodes/wheels_publisher.hpp
[0.186s] -- Up-to-date: /home/jlmre/create3_ws/install/irobot_create_nodes/include/irobot_create_nodes/mock_publisher.hpp
[0.186s] -- Up-to-date: /home/jlmre/create3_ws/install/irobot_create_nodes/include/irobot_create_nodes/robot_state.hpp
[0.186s] -- Up-to-date: /home/jlmre/create3_ws/install/irobot_create_nodes/share/irobot_create_nodes/environment/library_path.sh
[0.186s] -- Up-to-date: /home/jlmre/create3_ws/install/irobot_create_nodes/share/irobot_create_nodes/environment/library_path.dsv
[0.187s] -- Up-to-date: /home/jlmre/create3_ws/install/irobot_create_nodes/share/ament_index/resource_index/package_run_dependencies/irobot_create_nodes
[0.187s] -- Up-to-date: /home/jlmre/create3_ws/install/irobot_create_nodes/share/ament_index/resource_index/parent_prefix_path/irobot_create_nodes
[0.187s] -- Up-to-date: /home/jlmre/create3_ws/install/irobot_create_nodes/share/irobot_create_nodes/environment/ament_prefix_path.sh
[0.187s] -- Up-to-date: /home/jlmre/create3_ws/install/irobot_create_nodes/share/irobot_create_nodes/environment/ament_prefix_path.dsv
[0.187s] -- Up-to-date: /home/jlmre/create3_ws/install/irobot_create_nodes/share/irobot_create_nodes/environment/path.sh
[0.187s] -- Up-to-date: /home/jlmre/create3_ws/install/irobot_create_nodes/share/irobot_create_nodes/environment/path.dsv
[0.187s] -- Up-to-date: /home/jlmre/create3_ws/install/irobot_create_nodes/share/irobot_create_nodes/local_setup.bash
[0.187s] -- Up-to-date: /home/jlmre/create3_ws/install/irobot_create_nodes/share/irobot_create_nodes/local_setup.sh
[0.187s] -- Up-to-date: /home/jlmre/create3_ws/install/irobot_create_nodes/share/irobot_create_nodes/local_setup.zsh
[0.188s] -- Up-to-date: /home/jlmre/create3_ws/install/irobot_create_nodes/share/irobot_create_nodes/local_setup.dsv
[0.188s] -- Installing: /home/jlmre/create3_ws/install/irobot_create_nodes/share/irobot_create_nodes/package.dsv
[0.188s] -- Up-to-date: /home/jlmre/create3_ws/install/irobot_create_nodes/share/ament_index/resource_index/packages/irobot_create_nodes
[0.188s] -- Up-to-date: /home/jlmre/create3_ws/install/irobot_create_nodes/share/ament_index/resource_index/rclcpp_components/irobot_create_nodes
[0.188s] -- Up-to-date: /home/jlmre/create3_ws/install/irobot_create_nodes/share/irobot_create_nodes/cmake/ament_cmake_export_include_directories-extras.cmake
[0.189s] -- Up-to-date: /home/jlmre/create3_ws/install/irobot_create_nodes/share/irobot_create_nodes/cmake/ament_cmake_export_libraries-extras.cmake
[0.189s] -- Up-to-date: /home/jlmre/create3_ws/install/irobot_create_nodes/share/irobot_create_nodes/cmake/ament_cmake_export_dependencies-extras.cmake
[0.189s] -- Up-to-date: /home/jlmre/create3_ws/install/irobot_create_nodes/share/irobot_create_nodes/cmake/irobot_create_nodesConfig.cmake
[0.189s] -- Up-to-date: /home/jlmre/create3_ws/install/irobot_create_nodes/share/irobot_create_nodes/cmake/irobot_create_nodesConfig-version.cmake
[0.189s] -- Up-to-date: /home/jlmre/create3_ws/install/irobot_create_nodes/share/irobot_create_nodes/package.xml
[0.193s] Invoked command in '/home/jlmre/create3_ws/build/irobot_create_nodes' returned '0': AMENT_PREFIX_PATH=/home/jlmre/create3_ws/install/irobot_create_toolbox:${AMENT_PREFIX_PATH} CMAKE_PREFIX_PATH=/home/jlmre/create3_ws/install/irobot_create_toolbox:/opt/ros/humble LD_LIBRARY_PATH=/home/jlmre/create3_ws/install/irobot_create_toolbox/lib:${LD_LIBRARY_PATH} /usr/bin/cmake --install /home/jlmre/create3_ws/build/irobot_create_nodes
