[1.248s] Invoking command in '/home/jlmre/create3_ws/src/image_png_player': PYTHONPATH=/home/jlmre/create3_ws/build/image_png_player/prefix_override:/usr/lib/python3/dist-packages/colcon_core/task/python/colcon_distutils_commands:/home/jlmre/create3_ws/install/image_png_player/lib/python3.10/site-packages:${PYTHONPATH} /usr/bin/python3 -W ignore:setup.py install is deprecated -W ignore:easy_install command is deprecated setup.py egg_info --egg-base ../../build/image_png_player build --build-base /home/jlmre/create3_ws/build/image_png_player/build install --record /home/jlmre/create3_ws/build/image_png_player/install.log --single-version-externally-managed install_data
[1.394s] running egg_info
[1.395s] writing ../../build/image_png_player/image_png_player.egg-info/PKG-INFO
[1.395s] writing dependency_links to ../../build/image_png_player/image_png_player.egg-info/dependency_links.txt
[1.395s] writing entry points to ../../build/image_png_player/image_png_player.egg-info/entry_points.txt
[1.395s] writing requirements to ../../build/image_png_player/image_png_player.egg-info/requires.txt
[1.395s] writing top-level names to ../../build/image_png_player/image_png_player.egg-info/top_level.txt
[1.396s] reading manifest file '../../build/image_png_player/image_png_player.egg-info/SOURCES.txt'
[1.397s] writing manifest file '../../build/image_png_player/image_png_player.egg-info/SOURCES.txt'
[1.397s] running build
[1.397s] running build_py
[1.397s] running install
[1.397s] running install_lib
[1.398s] running install_data
[1.398s] running install_egg_info
[1.400s] removing '/home/jlmre/create3_ws/install/image_png_player/lib/python3.10/site-packages/image_png_player-0.0.1-py3.10.egg-info' (and everything under it)
[1.400s] Copying ../../build/image_png_player/image_png_player.egg-info to /home/jlmre/create3_ws/install/image_png_player/lib/python3.10/site-packages/image_png_player-0.0.1-py3.10.egg-info
[1.400s] running install_scripts
[1.415s] Installing Prueba script to /home/jlmre/create3_ws/install/image_png_player/lib/image_png_player
[1.415s] Installing image_player script to /home/jlmre/create3_ws/install/image_png_player/lib/image_png_player
[1.415s] writing list of installed files to '/home/jlmre/create3_ws/build/image_png_player/install.log'
[1.452s] Invoked command in '/home/jlmre/create3_ws/src/image_png_player' returned '0': PYTHONPATH=/home/jlmre/create3_ws/build/image_png_player/prefix_override:/usr/lib/python3/dist-packages/colcon_core/task/python/colcon_distutils_commands:/home/jlmre/create3_ws/install/image_png_player/lib/python3.10/site-packages:${PYTHONPATH} /usr/bin/python3 -W ignore:setup.py install is deprecated -W ignore:easy_install command is deprecated setup.py egg_info --egg-base ../../build/image_png_player build --build-base /home/jlmre/create3_ws/build/image_png_player/build install --record /home/jlmre/create3_ws/build/image_png_player/install.log --single-version-externally-managed install_data
