[0.016s] Invoking command in '/home/jlmre/create3_ws/build/irobot_create_gazebo_bringup': AMENT_PREFIX_PATH=/home/jlmre/create3_ws/install/irobot_create_common_bringup:/home/jlmre/create3_ws/install/irobot_create_nodes:/home/jlmre/create3_ws/install/irobot_create_gazebo_plugins:/home/jlmre/create3_ws/install/irobot_create_toolbox:${AMENT_PREFIX_PATH} CMAKE_PREFIX_PATH=/home/jlmre/create3_ws/install/irobot_create_common_bringup:/home/jlmre/create3_ws/install/irobot_create_nodes:/home/jlmre/create3_ws/install/irobot_create_gazebo_plugins:/home/jlmre/create3_ws/install/irobot_create_toolbox:/home/jlmre/create3_ws/install/irobot_create_description:/home/jlmre/create3_ws/install/irobot_create_control:/opt/ros/humble LD_LIBRARY_PATH=/home/jlmre/create3_ws/install/irobot_create_nodes/lib:/home/jlmre/create3_ws/install/irobot_create_gazebo_plugins/lib:/home/jlmre/create3_ws/install/irobot_create_toolbox/lib:${LD_LIBRARY_PATH} PYTHONPATH=/home/jlmre/create3_ws/install/irobot_create_common_bringup/local/lib/python3.10/dist-packages:${PYTHONPATH} /usr/bin/cmake /home/jlmre/create3_ws/src/create3_sim/irobot_create_gazebo/irobot_create_gazebo_bringup -DCMAKE_INSTALL_PREFIX=/home/jlmre/create3_ws/install/irobot_create_gazebo_bringup
[0.061s] -- The C compiler identification is GNU 11.4.0
[0.101s] -- The CXX compiler identification is GNU 11.4.0
[0.106s] -- Detecting C compiler ABI info
[0.166s] -- Detecting C compiler ABI info - done
[0.170s] -- Check for working C compiler: /usr/bin/cc - skipped
[0.170s] -- Detecting C compile features
[0.171s] -- Detecting C compile features - done
[0.172s] -- Detecting CXX compiler ABI info
[0.238s] -- Detecting CXX compiler ABI info - done
[0.242s] -- Check for working CXX compiler: /usr/bin/c++ - skipped
[0.242s] -- Detecting CXX compile features
[0.242s] -- Detecting CXX compile features - done
[0.244s] -- Found ament_cmake: 1.3.12 (/opt/ros/humble/share/ament_cmake/cmake)
[0.342s] -- Found Python3: /usr/bin/python3 (found version "3.10.12") found components: Interpreter 
[0.444s] -- Found rosidl_generator_c: 3.1.7 (/opt/ros/humble/share/rosidl_generator_c/cmake)
[0.448s] -- Found rosidl_adapter: 3.1.7 (/opt/ros/humble/share/rosidl_adapter/cmake)
[0.454s] -- Found rosidl_generator_cpp: 3.1.7 (/opt/ros/humble/share/rosidl_generator_cpp/cmake)
[0.464s] -- Using all available rosidl_typesupport_c: rosidl_typesupport_fastrtps_c;rosidl_typesupport_introspection_c
[0.475s] -- Using all available rosidl_typesupport_cpp: rosidl_typesupport_fastrtps_cpp;rosidl_typesupport_introspection_cpp
[0.506s] -- Found rmw_implementation_cmake: 6.1.2 (/opt/ros/humble/share/rmw_implementation_cmake/cmake)
[0.508s] -- Found rmw_fastrtps_cpp: 6.2.8 (/opt/ros/humble/share/rmw_fastrtps_cpp/cmake)
[0.589s] -- Found OpenSSL: /usr/lib/x86_64-linux-gnu/libcrypto.so (found version "3.0.2")  
[0.610s] -- Found FastRTPS: /opt/ros/humble/include  
[0.642s] -- Using RMW implementation 'rmw_fastrtps_cpp' as default
[0.649s] -- Looking for pthread.h
[0.709s] -- Looking for pthread.h - found
[0.709s] -- Performing Test CMAKE_HAVE_LIBC_PTHREAD
[0.770s] -- Performing Test CMAKE_HAVE_LIBC_PTHREAD - Success
[0.771s] -- Found Threads: TRUE  
[0.809s] -- Found PkgConfig: /usr/bin/pkg-config (found version "0.29.2") 
[0.810s] -- Checking for module 'bullet>=2.82'
[0.823s] --   Found bullet, version 3.05
[0.925s] -- Found fcl: /usr/include (found suitable version "0.7.0", minimum required is "0.5.0") 
[0.977s] -- Found assimp: /usr/include (found version "5.2.0") 
[0.993s] -- Found DART: /usr/include (Required is at least version "6.6") found components: dart 
[1.016s] -- Found Boost: /usr/lib/x86_64-linux-gnu/cmake/Boost-1.74.0/BoostConfig.cmake (found suitable version "1.74.0", minimum required is "1.40.0") found components: thread system filesystem program_options regex iostreams date_time 
[1.025s] -- Found Protobuf: /usr/lib/x86_64-linux-gnu/libprotobuf.so (found version "3.12.4") 
[1.029s] -- Looking for ignition-math6 -- found version 6.15.1
[1.034s] -- Searching for dependencies of ignition-math6
[1.035s] -- Looking for OGRE...
[1.035s] -- OGRE_PREFIX_WATCH changed.
[1.039s] -- Checking for module 'OGRE'
[1.050s] --   Found OGRE, version 1.9.0
[1.090s] -- Found Ogre Ghadamon (1.9.0)
[1.095s] -- Found OGRE: optimized;/usr/lib/x86_64-linux-gnu/libOgreMain.so;debug;/usr/lib/x86_64-linux-gnu/libOgreMain.so
[1.101s] -- Looking for OGRE_Paging...
[1.104s] -- Found OGRE_Paging: optimized;/usr/lib/x86_64-linux-gnu/libOgrePaging.so;debug;/usr/lib/x86_64-linux-gnu/libOgrePaging.so
[1.104s] -- Looking for OGRE_Terrain...
[1.108s] -- Found OGRE_Terrain: optimized;/usr/lib/x86_64-linux-gnu/libOgreTerrain.so;debug;/usr/lib/x86_64-linux-gnu/libOgreTerrain.so
[1.108s] -- Looking for OGRE_Property...
[1.111s] -- Found OGRE_Property: optimized;/usr/lib/x86_64-linux-gnu/libOgreProperty.so;debug;/usr/lib/x86_64-linux-gnu/libOgreProperty.so
[1.111s] -- Looking for OGRE_RTShaderSystem...
[1.115s] -- Found OGRE_RTShaderSystem: optimized;/usr/lib/x86_64-linux-gnu/libOgreRTShaderSystem.so;debug;/usr/lib/x86_64-linux-gnu/libOgreRTShaderSystem.so
[1.115s] -- Looking for OGRE_Volume...
[1.118s] -- Found OGRE_Volume: optimized;/usr/lib/x86_64-linux-gnu/libOgreVolume.so;debug;/usr/lib/x86_64-linux-gnu/libOgreVolume.so
[1.118s] -- Looking for OGRE_Overlay...
[1.121s] -- Found OGRE_Overlay: optimized;/usr/lib/x86_64-linux-gnu/libOgreOverlay.so;debug;/usr/lib/x86_64-linux-gnu/libOgreOverlay.so
[1.195s] -- Looking for ignition-math6 -- found version 6.15.1
[1.197s] -- Looking for ignition-transport8 -- found version 8.2.1
[1.198s] -- Searching for dependencies of ignition-transport8
[1.213s] -- Found Protobuf: /usr/lib/x86_64-linux-gnu/libprotobuf.so (found suitable version "3.12.4", minimum required is "3") 
[1.222s] -- Config-file not installed for ZeroMQ -- checking for pkg-config
[1.226s] -- Checking for module 'libzmq >= 4'
[1.239s] --   Found libzmq , version 4.3.4
[1.280s] -- Found ZeroMQ: TRUE (Required is at least version "4") 
[1.285s] -- Checking for module 'uuid'
[1.300s] --   Found uuid, version 2.37.2
[1.334s] -- Found UUID: TRUE  
[1.337s] -- Looking for ignition-msgs5 -- found version 5.8.1
[1.337s] -- Searching for dependencies of ignition-msgs5
[1.353s] -- Looking for ignition-math6 -- found version 6.15.1
[1.357s] -- Checking for module 'tinyxml2'
[1.373s] --   Found tinyxml2, version 9.0.0
[1.409s] -- Looking for ignition-msgs5 -- found version 5.8.1
[1.411s] -- Looking for ignition-common3 -- found version 3.14.0
[1.411s] -- Searching for dependencies of ignition-common3
[1.411s] -- Looking for dlfcn.h - found
[1.412s] -- Looking for libdl - found
[1.413s] -- Found DL: TRUE  
[1.422s] -- Found tinyobjloader: /usr/lib/x86_64-linux-gnu/cmake/tinyobjloader/tinyobjloader-config.cmake (found version "2.0.0") 
[1.422s] -- Searching for <ignition-common3> component [graphics]
[1.424s] -- Looking for ignition-common3-graphics -- found version 3.14.0
[1.424s] -- Searching for dependencies of ignition-common3-graphics
[1.424s] -- Looking for ignition-math6 -- found version 6.15.1
[1.427s] -- Looking for ignition-fuel_tools4 -- found version 4.4.0
[1.427s] -- Searching for dependencies of ignition-fuel_tools4
[1.503s] -- Found CURL: /usr/lib/x86_64-linux-gnu/libcurl.so (found version "7.81.0")  
[1.510s] -- Checking for module 'jsoncpp'
[1.522s] --   Found jsoncpp, version 1.9.5
[1.559s] -- Found JSONCPP: TRUE  
[1.565s] -- Checking for module 'libzip'
[1.578s] --   Found libzip, version 1.7.3
[1.612s] -- Found ZIP: TRUE  
[1.612s] -- Looking for ignition-common3 -- found version 3.14.0
[1.613s] -- Looking for ignition-math6 -- found version 6.15.1
[1.613s] -- Looking for ignition-msgs5 -- found version 5.8.1
[1.616s] -- Gazebo version: 11.10
[1.616s] -- Checking for module 'tbb'
[1.630s] --   Found tbb, version 2021.5.0
[1.666s] -- Found ament_lint_auto: 0.12.14 (/opt/ros/humble/share/ament_lint_auto/cmake)
[1.719s] -- Added test 'flake8' to check Python code syntax and style conventions
[1.719s] -- Added test 'lint_cmake' to check CMake code style
[1.719s] -- Added test 'pep257' to check Python code against some of the docstring style conventions in PEP 257
[1.720s] -- Added test 'xmllint' to check XML markup files
[1.721s] -- Configuring done
[1.725s] -- Generating done
[1.726s] -- Build files have been written to: /home/jlmre/create3_ws/build/irobot_create_gazebo_bringup
[1.737s] Invoked command in '/home/jlmre/create3_ws/build/irobot_create_gazebo_bringup' returned '0': AMENT_PREFIX_PATH=/home/jlmre/create3_ws/install/irobot_create_common_bringup:/home/jlmre/create3_ws/install/irobot_create_nodes:/home/jlmre/create3_ws/install/irobot_create_gazebo_plugins:/home/jlmre/create3_ws/install/irobot_create_toolbox:${AMENT_PREFIX_PATH} CMAKE_PREFIX_PATH=/home/jlmre/create3_ws/install/irobot_create_common_bringup:/home/jlmre/create3_ws/install/irobot_create_nodes:/home/jlmre/create3_ws/install/irobot_create_gazebo_plugins:/home/jlmre/create3_ws/install/irobot_create_toolbox:/home/jlmre/create3_ws/install/irobot_create_description:/home/jlmre/create3_ws/install/irobot_create_control:/opt/ros/humble LD_LIBRARY_PATH=/home/jlmre/create3_ws/install/irobot_create_nodes/lib:/home/jlmre/create3_ws/install/irobot_create_gazebo_plugins/lib:/home/jlmre/create3_ws/install/irobot_create_toolbox/lib:${LD_LIBRARY_PATH} PYTHONPATH=/home/jlmre/create3_ws/install/irobot_create_common_bringup/local/lib/python3.10/dist-packages:${PYTHONPATH} /usr/bin/cmake /home/jlmre/create3_ws/src/create3_sim/irobot_create_gazebo/irobot_create_gazebo_bringup -DCMAKE_INSTALL_PREFIX=/home/jlmre/create3_ws/install/irobot_create_gazebo_bringup
[1.738s] Invoking command in '/home/jlmre/create3_ws/build/irobot_create_gazebo_bringup': AMENT_PREFIX_PATH=/home/jlmre/create3_ws/install/irobot_create_common_bringup:/home/jlmre/create3_ws/install/irobot_create_nodes:/home/jlmre/create3_ws/install/irobot_create_gazebo_plugins:/home/jlmre/create3_ws/install/irobot_create_toolbox:${AMENT_PREFIX_PATH} CMAKE_PREFIX_PATH=/home/jlmre/create3_ws/install/irobot_create_common_bringup:/home/jlmre/create3_ws/install/irobot_create_nodes:/home/jlmre/create3_ws/install/irobot_create_gazebo_plugins:/home/jlmre/create3_ws/install/irobot_create_toolbox:/home/jlmre/create3_ws/install/irobot_create_description:/home/jlmre/create3_ws/install/irobot_create_control:/opt/ros/humble LD_LIBRARY_PATH=/home/jlmre/create3_ws/install/irobot_create_nodes/lib:/home/jlmre/create3_ws/install/irobot_create_gazebo_plugins/lib:/home/jlmre/create3_ws/install/irobot_create_toolbox/lib:${LD_LIBRARY_PATH} PYTHONPATH=/home/jlmre/create3_ws/install/irobot_create_common_bringup/local/lib/python3.10/dist-packages:${PYTHONPATH} /usr/bin/cmake --build /home/jlmre/create3_ws/build/irobot_create_gazebo_bringup -- -j16 -l16
[1.776s] Invoked command in '/home/jlmre/create3_ws/build/irobot_create_gazebo_bringup' returned '0': AMENT_PREFIX_PATH=/home/jlmre/create3_ws/install/irobot_create_common_bringup:/home/jlmre/create3_ws/install/irobot_create_nodes:/home/jlmre/create3_ws/install/irobot_create_gazebo_plugins:/home/jlmre/create3_ws/install/irobot_create_toolbox:${AMENT_PREFIX_PATH} CMAKE_PREFIX_PATH=/home/jlmre/create3_ws/install/irobot_create_common_bringup:/home/jlmre/create3_ws/install/irobot_create_nodes:/home/jlmre/create3_ws/install/irobot_create_gazebo_plugins:/home/jlmre/create3_ws/install/irobot_create_toolbox:/home/jlmre/create3_ws/install/irobot_create_description:/home/jlmre/create3_ws/install/irobot_create_control:/opt/ros/humble LD_LIBRARY_PATH=/home/jlmre/create3_ws/install/irobot_create_nodes/lib:/home/jlmre/create3_ws/install/irobot_create_gazebo_plugins/lib:/home/jlmre/create3_ws/install/irobot_create_toolbox/lib:${LD_LIBRARY_PATH} PYTHONPATH=/home/jlmre/create3_ws/install/irobot_create_common_bringup/local/lib/python3.10/dist-packages:${PYTHONPATH} /usr/bin/cmake --build /home/jlmre/create3_ws/build/irobot_create_gazebo_bringup -- -j16 -l16
[1.778s] Invoking command in '/home/jlmre/create3_ws/build/irobot_create_gazebo_bringup': AMENT_PREFIX_PATH=/home/jlmre/create3_ws/install/irobot_create_common_bringup:/home/jlmre/create3_ws/install/irobot_create_nodes:/home/jlmre/create3_ws/install/irobot_create_gazebo_plugins:/home/jlmre/create3_ws/install/irobot_create_toolbox:${AMENT_PREFIX_PATH} CMAKE_PREFIX_PATH=/home/jlmre/create3_ws/install/irobot_create_common_bringup:/home/jlmre/create3_ws/install/irobot_create_nodes:/home/jlmre/create3_ws/install/irobot_create_gazebo_plugins:/home/jlmre/create3_ws/install/irobot_create_toolbox:/home/jlmre/create3_ws/install/irobot_create_description:/home/jlmre/create3_ws/install/irobot_create_control:/opt/ros/humble LD_LIBRARY_PATH=/home/jlmre/create3_ws/install/irobot_create_nodes/lib:/home/jlmre/create3_ws/install/irobot_create_gazebo_plugins/lib:/home/jlmre/create3_ws/install/irobot_create_toolbox/lib:${LD_LIBRARY_PATH} PYTHONPATH=/home/jlmre/create3_ws/install/irobot_create_common_bringup/local/lib/python3.10/dist-packages:${PYTHONPATH} /usr/bin/cmake --install /home/jlmre/create3_ws/build/irobot_create_gazebo_bringup
[1.783s] -- Install configuration: ""
[1.783s] -- Installing: /home/jlmre/create3_ws/install/irobot_create_gazebo_bringup/share/irobot_create_gazebo_bringup/config
[1.783s] -- Installing: /home/jlmre/create3_ws/install/irobot_create_gazebo_bringup/share/irobot_create_gazebo_bringup/config/gazebo_params.yaml
[1.784s] -- Installing: /home/jlmre/create3_ws/install/irobot_create_gazebo_bringup/share/irobot_create_gazebo_bringup/launch
[1.784s] -- Installing: /home/jlmre/create3_ws/install/irobot_create_gazebo_bringup/share/irobot_create_gazebo_bringup/launch/create3_spawn.launch.py
[1.784s] -- Installing: /home/jlmre/create3_ws/install/irobot_create_gazebo_bringup/share/irobot_create_gazebo_bringup/launch/gazebo.launch.py
[1.784s] -- Installing: /home/jlmre/create3_ws/install/irobot_create_gazebo_bringup/share/irobot_create_gazebo_bringup/launch/create3_gazebo_aws_small.launch.py
[1.784s] -- Installing: /home/jlmre/create3_ws/install/irobot_create_gazebo_bringup/share/irobot_create_gazebo_bringup/launch/create3_gazebo.launch.py
[1.784s] -- Installing: /home/jlmre/create3_ws/install/irobot_create_gazebo_bringup/share/ament_index/resource_index/package_run_dependencies/irobot_create_gazebo_bringup
[1.784s] -- Installing: /home/jlmre/create3_ws/install/irobot_create_gazebo_bringup/share/ament_index/resource_index/parent_prefix_path/irobot_create_gazebo_bringup
[1.784s] -- Installing: /home/jlmre/create3_ws/install/irobot_create_gazebo_bringup/share/irobot_create_gazebo_bringup/environment/ament_prefix_path.sh
[1.784s] -- Installing: /home/jlmre/create3_ws/install/irobot_create_gazebo_bringup/share/irobot_create_gazebo_bringup/environment/ament_prefix_path.dsv
[1.784s] -- Installing: /home/jlmre/create3_ws/install/irobot_create_gazebo_bringup/share/irobot_create_gazebo_bringup/environment/path.sh
[1.785s] -- Installing: /home/jlmre/create3_ws/install/irobot_create_gazebo_bringup/share/irobot_create_gazebo_bringup/environment/path.dsv
[1.785s] -- Installing: /home/jlmre/create3_ws/install/irobot_create_gazebo_bringup/share/irobot_create_gazebo_bringup/local_setup.bash
[1.785s] -- Installing: /home/jlmre/create3_ws/install/irobot_create_gazebo_bringup/share/irobot_create_gazebo_bringup/local_setup.sh
[1.785s] -- Installing: /home/jlmre/create3_ws/install/irobot_create_gazebo_bringup/share/irobot_create_gazebo_bringup/local_setup.zsh
[1.785s] -- Installing: /home/jlmre/create3_ws/install/irobot_create_gazebo_bringup/share/irobot_create_gazebo_bringup/local_setup.dsv
[1.785s] -- Installing: /home/jlmre/create3_ws/install/irobot_create_gazebo_bringup/share/irobot_create_gazebo_bringup/package.dsv
[1.785s] -- Installing: /home/jlmre/create3_ws/install/irobot_create_gazebo_bringup/share/ament_index/resource_index/packages/irobot_create_gazebo_bringup
[1.785s] -- Installing: /home/jlmre/create3_ws/install/irobot_create_gazebo_bringup/share/irobot_create_gazebo_bringup/cmake/irobot_create_gazebo_bringupConfig.cmake
[1.785s] -- Installing: /home/jlmre/create3_ws/install/irobot_create_gazebo_bringup/share/irobot_create_gazebo_bringup/cmake/irobot_create_gazebo_bringupConfig-version.cmake
[1.785s] -- Installing: /home/jlmre/create3_ws/install/irobot_create_gazebo_bringup/share/irobot_create_gazebo_bringup/package.xml
[1.787s] Invoked command in '/home/jlmre/create3_ws/build/irobot_create_gazebo_bringup' returned '0': AMENT_PREFIX_PATH=/home/jlmre/create3_ws/install/irobot_create_common_bringup:/home/jlmre/create3_ws/install/irobot_create_nodes:/home/jlmre/create3_ws/install/irobot_create_gazebo_plugins:/home/jlmre/create3_ws/install/irobot_create_toolbox:${AMENT_PREFIX_PATH} CMAKE_PREFIX_PATH=/home/jlmre/create3_ws/install/irobot_create_common_bringup:/home/jlmre/create3_ws/install/irobot_create_nodes:/home/jlmre/create3_ws/install/irobot_create_gazebo_plugins:/home/jlmre/create3_ws/install/irobot_create_toolbox:/home/jlmre/create3_ws/install/irobot_create_description:/home/jlmre/create3_ws/install/irobot_create_control:/opt/ros/humble LD_LIBRARY_PATH=/home/jlmre/create3_ws/install/irobot_create_nodes/lib:/home/jlmre/create3_ws/install/irobot_create_gazebo_plugins/lib:/home/jlmre/create3_ws/install/irobot_create_toolbox/lib:${LD_LIBRARY_PATH} PYTHONPATH=/home/jlmre/create3_ws/install/irobot_create_common_bringup/local/lib/python3.10/dist-packages:${PYTHONPATH} /usr/bin/cmake --install /home/jlmre/create3_ws/build/irobot_create_gazebo_bringup
