running egg_info
creating ../../build/pr_pkg/pr_pkg.egg-info
writing ../../build/pr_pkg/pr_pkg.egg-info/PKG-INFO
writing dependency_links to ../../build/pr_pkg/pr_pkg.egg-info/dependency_links.txt
writing entry points to ../../build/pr_pkg/pr_pkg.egg-info/entry_points.txt
writing requirements to ../../build/pr_pkg/pr_pkg.egg-info/requires.txt
writing top-level names to ../../build/pr_pkg/pr_pkg.egg-info/top_level.txt
writing manifest file '../../build/pr_pkg/pr_pkg.egg-info/SOURCES.txt'
reading manifest file '../../build/pr_pkg/pr_pkg.egg-info/SOURCES.txt'
writing manifest file '../../build/pr_pkg/pr_pkg.egg-info/SOURCES.txt'
running build
running build_py
creating /home/jlmre/create3_ws/build/pr_pkg/build
creating /home/jlmre/create3_ws/build/pr_pkg/build/lib
creating /home/jlmre/create3_ws/build/pr_pkg/build/lib/pr_pkg
copying pr_pkg/__init__.py -> /home/jlmre/create3_ws/build/pr_pkg/build/lib/pr_pkg
copying pr_pkg/get2point.py -> /home/jlmre/create3_ws/build/pr_pkg/build/lib/pr_pkg
copying pr_pkg/get_img.py -> /home/jlmre/create3_ws/build/pr_pkg/build/lib/pr_pkg
running install
running install_lib
creating /home/jlmre/create3_ws/install/pr_pkg/lib/python3.10/site-packages/pr_pkg
copying /home/jlmre/create3_ws/build/pr_pkg/build/lib/pr_pkg/__init__.py -> /home/jlmre/create3_ws/install/pr_pkg/lib/python3.10/site-packages/pr_pkg
copying /home/jlmre/create3_ws/build/pr_pkg/build/lib/pr_pkg/get2point.py -> /home/jlmre/create3_ws/install/pr_pkg/lib/python3.10/site-packages/pr_pkg
copying /home/jlmre/create3_ws/build/pr_pkg/build/lib/pr_pkg/get_img.py -> /home/jlmre/create3_ws/install/pr_pkg/lib/python3.10/site-packages/pr_pkg
byte-compiling /home/jlmre/create3_ws/install/pr_pkg/lib/python3.10/site-packages/pr_pkg/__init__.py to __init__.cpython-310.pyc
byte-compiling /home/jlmre/create3_ws/install/pr_pkg/lib/python3.10/site-packages/pr_pkg/get2point.py to get2point.cpython-310.pyc
byte-compiling /home/jlmre/create3_ws/install/pr_pkg/lib/python3.10/site-packages/pr_pkg/get_img.py to get_img.cpython-310.pyc
running install_data
creating /home/jlmre/create3_ws/install/pr_pkg/share/ament_index
creating /home/jlmre/create3_ws/install/pr_pkg/share/ament_index/resource_index
creating /home/jlmre/create3_ws/install/pr_pkg/share/ament_index/resource_index/packages
copying resource/pr_pkg -> /home/jlmre/create3_ws/install/pr_pkg/share/ament_index/resource_index/packages
copying package.xml -> /home/jlmre/create3_ws/install/pr_pkg/share/pr_pkg
running install_egg_info
Copying ../../build/pr_pkg/pr_pkg.egg-info to /home/jlmre/create3_ws/install/pr_pkg/lib/python3.10/site-packages/pr_pkg-0.0.0-py3.10.egg-info
running install_scripts
Installing get2point script to /home/jlmre/create3_ws/install/pr_pkg/lib/pr_pkg
writing list of installed files to '/home/jlmre/create3_ws/build/pr_pkg/install.log'
