[0.031s] Invoking command in '/home/jlmre/create3_ws/build/irobot_create_toolbox': CMAKE_PREFIX_PATH=${CMAKE_PREFIX_PATH}:/opt/ros/humble /usr/bin/cmake /home/jlmre/create3_ws/src/create3_sim/irobot_create_common/irobot_create_toolbox -DCMAKE_INSTALL_PREFIX=/home/jlmre/create3_ws/install/irobot_create_toolbox
[0.888s] -- The C compiler identification is GNU 11.4.0
[0.889s] -- The CXX compiler identification is GNU 11.4.0
[0.889s] -- Detecting C compiler ABI info
[0.889s] -- Detecting C compiler ABI info - done
[0.889s] -- Check for working C compiler: /usr/bin/cc - skipped
[0.889s] -- Detecting C compile features
[0.889s] -- Detecting C compile features - done
[0.889s] -- Detecting CXX compiler ABI info
[0.889s] -- Detecting CXX compiler ABI info - done
[0.889s] -- Check for working CXX compiler: /usr/bin/c++ - skipped
[0.889s] -- Detecting CXX compile features
[0.889s] -- Detecting CXX compile features - done
[0.889s] -- Found ament_cmake: 1.3.12 (/opt/ros/humble/share/ament_cmake/cmake)
[0.889s] -- Found Python3: /usr/bin/python3 (found version "3.10.12") found components: Interpreter 
[0.889s] -- Looking for ignition-math6 -- found version 6.15.1
[0.889s] -- Searching for dependencies of ignition-math6
[0.889s] -- Found rclcpp: 16.0.15 (/opt/ros/humble/share/rclcpp/cmake)
[0.889s] -- Found rosidl_generator_c: 3.1.7 (/opt/ros/humble/share/rosidl_generator_c/cmake)
[0.889s] -- Found rosidl_adapter: 3.1.7 (/opt/ros/humble/share/rosidl_adapter/cmake)
[0.889s] -- Found rosidl_generator_cpp: 3.1.7 (/opt/ros/humble/share/rosidl_generator_cpp/cmake)
[0.889s] -- Using all available rosidl_typesupport_c: rosidl_typesupport_fastrtps_c;rosidl_typesupport_introspection_c
[0.889s] -- Using all available rosidl_typesupport_cpp: rosidl_typesupport_fastrtps_cpp;rosidl_typesupport_introspection_cpp
[0.889s] -- Found rmw_implementation_cmake: 6.1.2 (/opt/ros/humble/share/rmw_implementation_cmake/cmake)
[0.890s] -- Found rmw_fastrtps_cpp: 6.2.8 (/opt/ros/humble/share/rmw_fastrtps_cpp/cmake)
[0.890s] -- Found OpenSSL: /usr/lib/x86_64-linux-gnu/libcrypto.so (found version "3.0.2")  
[0.890s] -- Found FastRTPS: /opt/ros/humble/include  
[0.890s] -- Using RMW implementation 'rmw_fastrtps_cpp' as default
[0.890s] -- Looking for pthread.h
[0.890s] -- Looking for pthread.h - found
[0.890s] -- Performing Test CMAKE_HAVE_LIBC_PTHREAD
[0.890s] -- Performing Test CMAKE_HAVE_LIBC_PTHREAD - Success
[0.890s] -- Found Threads: TRUE  
[0.890s] -- Found ament_lint_auto: 0.12.14 (/opt/ros/humble/share/ament_lint_auto/cmake)
[0.895s] -- Added test 'cppcheck' to perform static code analysis on C / C++ code
[0.895s] -- Configured cppcheck include dirs: /home/jlmre/create3_ws/src/create3_sim/irobot_create_common/irobot_create_toolbox/include
[0.895s] -- Configured cppcheck exclude dirs and/or files: 
[0.896s] -- Added test 'cpplint' to check C / C++ code against the Google style
[0.896s] -- Configured cpplint exclude dirs and/or files: 
[0.897s] -- Added test 'lint_cmake' to check CMake code style
[0.897s] -- Added test 'uncrustify' to check C / C++ code style
[0.898s] -- Configured uncrustify additional arguments: 
[0.898s] -- Added test 'xmllint' to check XML markup files
[0.899s] -- Configuring done
[0.905s] -- Generating done
[0.907s] -- Build files have been written to: /home/jlmre/create3_ws/build/irobot_create_toolbox
[1.056s] Invoked command in '/home/jlmre/create3_ws/build/irobot_create_toolbox' returned '0': CMAKE_PREFIX_PATH=${CMAKE_PREFIX_PATH}:/opt/ros/humble /usr/bin/cmake /home/jlmre/create3_ws/src/create3_sim/irobot_create_common/irobot_create_toolbox -DCMAKE_INSTALL_PREFIX=/home/jlmre/create3_ws/install/irobot_create_toolbox
[1.057s] Invoking command in '/home/jlmre/create3_ws/build/irobot_create_toolbox': CMAKE_PREFIX_PATH=${CMAKE_PREFIX_PATH}:/opt/ros/humble /usr/bin/cmake --build /home/jlmre/create3_ws/build/irobot_create_toolbox -- -j16 -l16
[1.113s] [ 50%] [32mBuilding CXX object CMakeFiles/irobot_create_toolbox.dir/src/polar_coordinates.cpp.o[0m
[2.531s] [100%] [32m[1mLinking CXX shared library libirobot_create_toolbox.so[0m
[2.627s] [100%] Built target irobot_create_toolbox
[2.639s] Invoked command in '/home/jlmre/create3_ws/build/irobot_create_toolbox' returned '0': CMAKE_PREFIX_PATH=${CMAKE_PREFIX_PATH}:/opt/ros/humble /usr/bin/cmake --build /home/jlmre/create3_ws/build/irobot_create_toolbox -- -j16 -l16
[2.640s] Invoking command in '/home/jlmre/create3_ws/build/irobot_create_toolbox': CMAKE_PREFIX_PATH=${CMAKE_PREFIX_PATH}:/opt/ros/humble /usr/bin/cmake --install /home/jlmre/create3_ws/build/irobot_create_toolbox
[2.647s] -- Install configuration: ""
[2.647s] -- Installing: /home/jlmre/create3_ws/install/irobot_create_toolbox/lib/libirobot_create_toolbox.so
[2.648s] -- Set runtime path of "/home/jlmre/create3_ws/install/irobot_create_toolbox/lib/libirobot_create_toolbox.so" to ""
[2.648s] -- Installing: /home/jlmre/create3_ws/install/irobot_create_toolbox/include
[2.648s] -- Installing: /home/jlmre/create3_ws/install/irobot_create_toolbox/include/irobot_create_toolbox
[2.648s] -- Installing: /home/jlmre/create3_ws/install/irobot_create_toolbox/include/irobot_create_toolbox/polar_coordinates.hpp
[2.648s] -- Installing: /home/jlmre/create3_ws/install/irobot_create_toolbox/include/irobot_create_toolbox/math.hpp
[2.648s] -- Installing: /home/jlmre/create3_ws/install/irobot_create_toolbox/include/irobot_create_toolbox/sensors
[2.648s] -- Installing: /home/jlmre/create3_ws/install/irobot_create_toolbox/include/irobot_create_toolbox/sensors/bumpers.hpp
[2.648s] -- Installing: /home/jlmre/create3_ws/install/irobot_create_toolbox/share/irobot_create_toolbox/environment/library_path.sh
[2.649s] -- Installing: /home/jlmre/create3_ws/install/irobot_create_toolbox/share/irobot_create_toolbox/environment/library_path.dsv
[2.649s] -- Installing: /home/jlmre/create3_ws/install/irobot_create_toolbox/share/ament_index/resource_index/package_run_dependencies/irobot_create_toolbox
[2.649s] -- Installing: /home/jlmre/create3_ws/install/irobot_create_toolbox/share/ament_index/resource_index/parent_prefix_path/irobot_create_toolbox
[2.649s] -- Installing: /home/jlmre/create3_ws/install/irobot_create_toolbox/share/irobot_create_toolbox/environment/ament_prefix_path.sh
[2.649s] -- Installing: /home/jlmre/create3_ws/install/irobot_create_toolbox/share/irobot_create_toolbox/environment/ament_prefix_path.dsv
[2.649s] -- Installing: /home/jlmre/create3_ws/install/irobot_create_toolbox/share/irobot_create_toolbox/environment/path.sh
[2.649s] -- Installing: /home/jlmre/create3_ws/install/irobot_create_toolbox/share/irobot_create_toolbox/environment/path.dsv
[2.649s] -- Installing: /home/jlmre/create3_ws/install/irobot_create_toolbox/share/irobot_create_toolbox/local_setup.bash
[2.649s] -- Installing: /home/jlmre/create3_ws/install/irobot_create_toolbox/share/irobot_create_toolbox/local_setup.sh
[2.649s] -- Installing: /home/jlmre/create3_ws/install/irobot_create_toolbox/share/irobot_create_toolbox/local_setup.zsh
[2.650s] -- Installing: /home/jlmre/create3_ws/install/irobot_create_toolbox/share/irobot_create_toolbox/local_setup.dsv
[2.650s] -- Installing: /home/jlmre/create3_ws/install/irobot_create_toolbox/share/irobot_create_toolbox/package.dsv
[2.650s] -- Installing: /home/jlmre/create3_ws/install/irobot_create_toolbox/share/ament_index/resource_index/packages/irobot_create_toolbox
[2.650s] -- Installing: /home/jlmre/create3_ws/install/irobot_create_toolbox/share/irobot_create_toolbox/cmake/ament_cmake_export_include_directories-extras.cmake
[2.650s] -- Installing: /home/jlmre/create3_ws/install/irobot_create_toolbox/share/irobot_create_toolbox/cmake/ament_cmake_export_libraries-extras.cmake
[2.650s] -- Installing: /home/jlmre/create3_ws/install/irobot_create_toolbox/share/irobot_create_toolbox/cmake/ament_cmake_export_dependencies-extras.cmake
[2.650s] -- Installing: /home/jlmre/create3_ws/install/irobot_create_toolbox/share/irobot_create_toolbox/cmake/irobot_create_toolboxConfig.cmake
[2.650s] -- Installing: /home/jlmre/create3_ws/install/irobot_create_toolbox/share/irobot_create_toolbox/cmake/irobot_create_toolboxConfig-version.cmake
[2.650s] -- Installing: /home/jlmre/create3_ws/install/irobot_create_toolbox/share/irobot_create_toolbox/package.xml
[2.652s] Invoked command in '/home/jlmre/create3_ws/build/irobot_create_toolbox' returned '0': CMAKE_PREFIX_PATH=${CMAKE_PREFIX_PATH}:/opt/ros/humble /usr/bin/cmake --install /home/jlmre/create3_ws/build/irobot_create_toolbox
