[0.015s] Invoking command in '/home/jlmre/create3_ws/build/irobot_create_nodes': AMENT_PREFIX_PATH=/home/jlmre/create3_ws/install/irobot_create_toolbox:${AMENT_PREFIX_PATH} CMAKE_PREFIX_PATH=/home/jlmre/create3_ws/install/irobot_create_toolbox:/opt/ros/humble LD_LIBRARY_PATH=/home/jlmre/create3_ws/install/irobot_create_toolbox/lib:${LD_LIBRARY_PATH} /usr/bin/cmake --build /home/jlmre/create3_ws/build/irobot_create_nodes -- -j16 -l16
[0.136s] [ 16%] Built target wheel_status_publisher_lib
[0.137s] [ 16%] Built target motion_control
[0.137s] [ 16%] Built target wheel_status_publisher
[0.137s] [ 27%] Built target ir_intensity_publisher_lib
[0.137s] [ 32%] Built target ir_intensity_vector_publisher
[0.137s] [ 21%] Built target robot_state_lib
[0.138s] [ 43%] Built target ui_mgr_lib
[0.138s] [ 43%] Built target robot_state
[0.138s] [ 48%] Built target hazards_vector_publisher
[0.138s] [ 54%] Built target hazard_publisher_lib
[0.145s] [ 59%] Built target ui_mgr
[0.145s] [ 64%] Built target mock_publisher_lib
[0.147s] [ 72%] Built target kidnap_estimator_publisher_lib
[0.147s] [ 75%] Built target kidnap_estimator_publisher
[0.147s] [ 81%] Built target mock_publisher
[0.156s] [100%] Built target motion_control_lib
[0.169s] Invoked command in '/home/jlmre/create3_ws/build/irobot_create_nodes' returned '0': AMENT_PREFIX_PATH=/home/jlmre/create3_ws/install/irobot_create_toolbox:${AMENT_PREFIX_PATH} CMAKE_PREFIX_PATH=/home/jlmre/create3_ws/install/irobot_create_toolbox:/opt/ros/humble LD_LIBRARY_PATH=/home/jlmre/create3_ws/install/irobot_create_toolbox/lib:${LD_LIBRARY_PATH} /usr/bin/cmake --build /home/jlmre/create3_ws/build/irobot_create_nodes -- -j16 -l16
[0.173s] Invoking command in '/home/jlmre/create3_ws/build/irobot_create_nodes': AMENT_PREFIX_PATH=/home/jlmre/create3_ws/install/irobot_create_toolbox:${AMENT_PREFIX_PATH} CMAKE_PREFIX_PATH=/home/jlmre/create3_ws/install/irobot_create_toolbox:/opt/ros/humble LD_LIBRARY_PATH=/home/jlmre/create3_ws/install/irobot_create_toolbox/lib:${LD_LIBRARY_PATH} /usr/bin/cmake --install /home/jlmre/create3_ws/build/irobot_create_nodes
[0.188s] -- Install configuration: ""
[0.188s] -- Up-to-date: /home/jlmre/create3_ws/install/irobot_create_nodes/lib/irobot_create_nodes/hazards_vector_publisher
[0.188s] -- Up-to-date: /home/jlmre/create3_ws/install/irobot_create_nodes/lib/irobot_create_nodes/ir_intensity_vector_publisher
[0.188s] -- Up-to-date: /home/jlmre/create3_ws/install/irobot_create_nodes/lib/irobot_create_nodes/motion_control
[0.189s] -- Up-to-date: /home/jlmre/create3_ws/install/irobot_create_nodes/lib/irobot_create_nodes/wheel_status_publisher
[0.191s] -- Up-to-date: /home/jlmre/create3_ws/install/irobot_create_nodes/lib/irobot_create_nodes/robot_state
[0.194s] -- Up-to-date: /home/jlmre/create3_ws/install/irobot_create_nodes/lib/irobot_create_nodes/ui_mgr
[0.194s] -- Up-to-date: /home/jlmre/create3_ws/install/irobot_create_nodes/lib/irobot_create_nodes/mock_publisher
[0.194s] -- Up-to-date: /home/jlmre/create3_ws/install/irobot_create_nodes/lib/irobot_create_nodes/kidnap_estimator_publisher
[0.195s] -- Up-to-date: /home/jlmre/create3_ws/install/irobot_create_nodes/lib/libhazard_publisher_lib.so
[0.198s] -- Up-to-date: /home/jlmre/create3_ws/install/irobot_create_nodes/lib/libir_intensity_publisher_lib.so
[0.198s] -- Up-to-date: /home/jlmre/create3_ws/install/irobot_create_nodes/lib/libmotion_control_lib.so
[0.198s] -- Up-to-date: /home/jlmre/create3_ws/install/irobot_create_nodes/lib/libwheel_status_publisher_lib.so
[0.201s] -- Up-to-date: /home/jlmre/create3_ws/install/irobot_create_nodes/lib/librobot_state_lib.so
[0.203s] -- Up-to-date: /home/jlmre/create3_ws/install/irobot_create_nodes/lib/libui_mgr_lib.so
[0.204s] -- Up-to-date: /home/jlmre/create3_ws/install/irobot_create_nodes/lib/libmock_publisher_lib.so
[0.206s] -- Up-to-date: /home/jlmre/create3_ws/install/irobot_create_nodes/lib/libkidnap_estimator_publisher_lib.so
[0.206s] -- Up-to-date: /home/jlmre/create3_ws/install/irobot_create_nodes/include
[0.206s] -- Up-to-date: /home/jlmre/create3_ws/install/irobot_create_nodes/include/irobot_create_nodes
[0.206s] -- Up-to-date: /home/jlmre/create3_ws/install/irobot_create_nodes/include/irobot_create_nodes/motion_control_node.hpp
[0.206s] -- Up-to-date: /home/jlmre/create3_ws/install/irobot_create_nodes/include/irobot_create_nodes/ui_mgr.hpp
[0.206s] -- Up-to-date: /home/jlmre/create3_ws/install/irobot_create_nodes/include/irobot_create_nodes/kidnap_estimator_publisher.hpp
[0.206s] -- Up-to-date: /home/jlmre/create3_ws/install/irobot_create_nodes/include/irobot_create_nodes/ir_intensity_vector_publisher.hpp
[0.206s] -- Up-to-date: /home/jlmre/create3_ws/install/irobot_create_nodes/include/irobot_create_nodes/hazards_vector_publisher.hpp
[0.207s] -- Up-to-date: /home/jlmre/create3_ws/install/irobot_create_nodes/include/irobot_create_nodes/motion_control
[0.207s] -- Up-to-date: /home/jlmre/create3_ws/install/irobot_create_nodes/include/irobot_create_nodes/motion_control/behaviors_scheduler.hpp
[0.207s] -- Up-to-date: /home/jlmre/create3_ws/install/irobot_create_nodes/include/irobot_create_nodes/motion_control/reflex_behavior.hpp
[0.207s] -- Up-to-date: /home/jlmre/create3_ws/install/irobot_create_nodes/include/irobot_create_nodes/motion_control/drive_goal_behaviors.hpp
[0.207s] -- Up-to-date: /home/jlmre/create3_ws/install/irobot_create_nodes/include/irobot_create_nodes/motion_control/docking_behavior.hpp
[0.207s] -- Up-to-date: /home/jlmre/create3_ws/install/irobot_create_nodes/include/irobot_create_nodes/motion_control/simple_goal_controller.hpp
[0.207s] -- Up-to-date: /home/jlmre/create3_ws/install/irobot_create_nodes/include/irobot_create_nodes/motion_control/wall_follow_behavior.hpp
[0.207s] -- Up-to-date: /home/jlmre/create3_ws/install/irobot_create_nodes/include/irobot_create_nodes/motion_control/wall_follow_states.hpp
[0.207s] -- Up-to-date: /home/jlmre/create3_ws/install/irobot_create_nodes/include/irobot_create_nodes/wheels_publisher.hpp
[0.207s] -- Up-to-date: /home/jlmre/create3_ws/install/irobot_create_nodes/include/irobot_create_nodes/mock_publisher.hpp
[0.207s] -- Up-to-date: /home/jlmre/create3_ws/install/irobot_create_nodes/include/irobot_create_nodes/robot_state.hpp
[0.208s] -- Up-to-date: /home/jlmre/create3_ws/install/irobot_create_nodes/share/irobot_create_nodes/environment/library_path.sh
[0.208s] -- Up-to-date: /home/jlmre/create3_ws/install/irobot_create_nodes/share/irobot_create_nodes/environment/library_path.dsv
[0.209s] -- Up-to-date: /home/jlmre/create3_ws/install/irobot_create_nodes/share/ament_index/resource_index/package_run_dependencies/irobot_create_nodes
[0.209s] -- Up-to-date: /home/jlmre/create3_ws/install/irobot_create_nodes/share/ament_index/resource_index/parent_prefix_path/irobot_create_nodes
[0.209s] -- Up-to-date: /home/jlmre/create3_ws/install/irobot_create_nodes/share/irobot_create_nodes/environment/ament_prefix_path.sh
[0.209s] -- Up-to-date: /home/jlmre/create3_ws/install/irobot_create_nodes/share/irobot_create_nodes/environment/ament_prefix_path.dsv
[0.209s] -- Up-to-date: /home/jlmre/create3_ws/install/irobot_create_nodes/share/irobot_create_nodes/environment/path.sh
[0.210s] -- Up-to-date: /home/jlmre/create3_ws/install/irobot_create_nodes/share/irobot_create_nodes/environment/path.dsv
[0.210s] -- Up-to-date: /home/jlmre/create3_ws/install/irobot_create_nodes/share/irobot_create_nodes/local_setup.bash
[0.210s] -- Up-to-date: /home/jlmre/create3_ws/install/irobot_create_nodes/share/irobot_create_nodes/local_setup.sh
[0.210s] -- Up-to-date: /home/jlmre/create3_ws/install/irobot_create_nodes/share/irobot_create_nodes/local_setup.zsh
[0.210s] -- Up-to-date: /home/jlmre/create3_ws/install/irobot_create_nodes/share/irobot_create_nodes/local_setup.dsv
[0.210s] -- Installing: /home/jlmre/create3_ws/install/irobot_create_nodes/share/irobot_create_nodes/package.dsv
[0.210s] -- Up-to-date: /home/jlmre/create3_ws/install/irobot_create_nodes/share/ament_index/resource_index/packages/irobot_create_nodes
[0.211s] -- Up-to-date: /home/jlmre/create3_ws/install/irobot_create_nodes/share/ament_index/resource_index/rclcpp_components/irobot_create_nodes
[0.211s] -- Up-to-date: /home/jlmre/create3_ws/install/irobot_create_nodes/share/irobot_create_nodes/cmake/ament_cmake_export_include_directories-extras.cmake
[0.211s] -- Up-to-date: /home/jlmre/create3_ws/install/irobot_create_nodes/share/irobot_create_nodes/cmake/ament_cmake_export_libraries-extras.cmake
[0.211s] -- Up-to-date: /home/jlmre/create3_ws/install/irobot_create_nodes/share/irobot_create_nodes/cmake/ament_cmake_export_dependencies-extras.cmake
[0.211s] -- Up-to-date: /home/jlmre/create3_ws/install/irobot_create_nodes/share/irobot_create_nodes/cmake/irobot_create_nodesConfig.cmake
[0.211s] -- Up-to-date: /home/jlmre/create3_ws/install/irobot_create_nodes/share/irobot_create_nodes/cmake/irobot_create_nodesConfig-version.cmake
[0.211s] -- Up-to-date: /home/jlmre/create3_ws/install/irobot_create_nodes/share/irobot_create_nodes/package.xml
[0.219s] Invoked command in '/home/jlmre/create3_ws/build/irobot_create_nodes' returned '0': AMENT_PREFIX_PATH=/home/jlmre/create3_ws/install/irobot_create_toolbox:${AMENT_PREFIX_PATH} CMAKE_PREFIX_PATH=/home/jlmre/create3_ws/install/irobot_create_toolbox:/opt/ros/humble LD_LIBRARY_PATH=/home/jlmre/create3_ws/install/irobot_create_toolbox/lib:${LD_LIBRARY_PATH} /usr/bin/cmake --install /home/jlmre/create3_ws/build/irobot_create_nodes
