[0.725s] Invoking command in '/home/jlmre/create3_ws/src/ez_nav': PYTHONPATH=/home/jlmre/create3_ws/build/ez_nav/prefix_override:/usr/lib/python3/dist-packages/colcon_core/task/python/colcon_distutils_commands:/home/jlmre/create3_ws/install/ez_nav/lib/python3.10/site-packages:${PYTHONPATH} /usr/bin/python3 -W ignore:setup.py install is deprecated -W ignore:easy_install command is deprecated setup.py egg_info --egg-base ../../build/ez_nav build --build-base /home/jlmre/create3_ws/build/ez_nav/build install --record /home/jlmre/create3_ws/build/ez_nav/install.log --single-version-externally-managed install_data
[0.858s] running egg_info
[0.859s] writing ../../build/ez_nav/ez_nav.egg-info/PKG-INFO
[0.859s] writing dependency_links to ../../build/ez_nav/ez_nav.egg-info/dependency_links.txt
[0.859s] writing entry points to ../../build/ez_nav/ez_nav.egg-info/entry_points.txt
[0.859s] writing requirements to ../../build/ez_nav/ez_nav.egg-info/requires.txt
[0.859s] writing top-level names to ../../build/ez_nav/ez_nav.egg-info/top_level.txt
[0.860s] reading manifest file '../../build/ez_nav/ez_nav.egg-info/SOURCES.txt'
[0.860s] writing manifest file '../../build/ez_nav/ez_nav.egg-info/SOURCES.txt'
[0.860s] running build
[0.860s] running build_py
[0.860s] copying ez_nav/ez_nav_node.py -> /home/jlmre/create3_ws/build/ez_nav/build/lib/ez_nav
[0.860s] running install
[0.861s] running install_lib
[0.861s] copying /home/jlmre/create3_ws/build/ez_nav/build/lib/ez_nav/ez_nav_node.py -> /home/jlmre/create3_ws/install/ez_nav/lib/python3.10/site-packages/ez_nav
[0.861s] byte-compiling /home/jlmre/create3_ws/install/ez_nav/lib/python3.10/site-packages/ez_nav/ez_nav_node.py to ez_nav_node.cpython-310.pyc
[0.862s] running install_data
[0.862s] running install_egg_info
[0.863s] removing '/home/jlmre/create3_ws/install/ez_nav/lib/python3.10/site-packages/ez_nav-0.0.0-py3.10.egg-info' (and everything under it)
[0.864s] Copying ../../build/ez_nav/ez_nav.egg-info to /home/jlmre/create3_ws/install/ez_nav/lib/python3.10/site-packages/ez_nav-0.0.0-py3.10.egg-info
[0.864s] running install_scripts
[0.876s] Installing ez_nav_node script to /home/jlmre/create3_ws/install/ez_nav/lib/ez_nav
[0.876s] writing list of installed files to '/home/jlmre/create3_ws/build/ez_nav/install.log'
[0.900s] Invoked command in '/home/jlmre/create3_ws/src/ez_nav' returned '0': PYTHONPATH=/home/jlmre/create3_ws/build/ez_nav/prefix_override:/usr/lib/python3/dist-packages/colcon_core/task/python/colcon_distutils_commands:/home/jlmre/create3_ws/install/ez_nav/lib/python3.10/site-packages:${PYTHONPATH} /usr/bin/python3 -W ignore:setup.py install is deprecated -W ignore:easy_install command is deprecated setup.py egg_info --egg-base ../../build/ez_nav build --build-base /home/jlmre/create3_ws/build/ez_nav/build install --record /home/jlmre/create3_ws/build/ez_nav/install.log --single-version-externally-managed install_data
