[0.017s] Invoking command in '/home/jlmre/Proyectos_Robotica/create3_ws/build/irobot_create_common_bringup': AMENT_PREFIX_PATH=/home/jlmre/create3_ws/install/irobot_create_nodes:/home/jlmre/create3_ws/install/irobot_create_toolbox:/home/jlmre/create3_ws/install/irobot_create_description:/home/jlmre/create3_ws/install/irobot_create_control:${AMENT_PREFIX_PATH} CMAKE_PREFIX_PATH=/home/jlmre/Proyectos_Robotica/create3_ws/install/irobot_create_nodes:/home/jlmre/Proyectos_Robotica/create3_ws/install/irobot_create_toolbox:/home/jlmre/Proyectos_Robotica/create3_ws/install/irobot_create_description:/home/jlmre/Proyectos_Robotica/create3_ws/install/irobot_create_control:/opt/ros/humble LD_LIBRARY_PATH=/home/jlmre/create3_ws/install/irobot_create_nodes/lib:/home/jlmre/Proyectos_Robotica/create3_ws/install/irobot_create_nodes/lib:/home/jlmre/create3_ws/install/irobot_create_toolbox/lib:/home/jlmre/Proyectos_Robotica/create3_ws/install/irobot_create_toolbox/lib:${LD_LIBRARY_PATH} /usr/bin/cmake --build /home/jlmre/Proyectos_Robotica/create3_ws/build/irobot_create_common_bringup -- -j16 -l16
[0.023s] [0mCMake Error: The current CMakeCache.txt directory /home/jlmre/Proyectos_Robotica/create3_ws/build/irobot_create_common_bringup/CMakeCache.txt is different than the directory /home/jlmre/create3_ws/build/irobot_create_common_bringup where CMakeCache.txt was created. This may result in binaries being created in the wrong place. If you are not sure, reedit the CMakeCache.txt[0m
[0.080s] Built target ament_cmake_python_copy_irobot_create_common_bringup
[0.252s] running egg_info
[0.252s] writing irobot_create_common_bringup.egg-info/PKG-INFO
[0.252s] writing dependency_links to irobot_create_common_bringup.egg-info/dependency_links.txt
[0.253s] writing top-level names to irobot_create_common_bringup.egg-info/top_level.txt
[0.254s] reading manifest file 'irobot_create_common_bringup.egg-info/SOURCES.txt'
[0.254s] writing manifest file 'irobot_create_common_bringup.egg-info/SOURCES.txt'
[0.292s] Built target ament_cmake_python_build_irobot_create_common_bringup_egg
[0.305s] Invoked command in '/home/jlmre/Proyectos_Robotica/create3_ws/build/irobot_create_common_bringup' returned '0': AMENT_PREFIX_PATH=/home/jlmre/create3_ws/install/irobot_create_nodes:/home/jlmre/create3_ws/install/irobot_create_toolbox:/home/jlmre/create3_ws/install/irobot_create_description:/home/jlmre/create3_ws/install/irobot_create_control:${AMENT_PREFIX_PATH} CMAKE_PREFIX_PATH=/home/jlmre/Proyectos_Robotica/create3_ws/install/irobot_create_nodes:/home/jlmre/Proyectos_Robotica/create3_ws/install/irobot_create_toolbox:/home/jlmre/Proyectos_Robotica/create3_ws/install/irobot_create_description:/home/jlmre/Proyectos_Robotica/create3_ws/install/irobot_create_control:/opt/ros/humble LD_LIBRARY_PATH=/home/jlmre/create3_ws/install/irobot_create_nodes/lib:/home/jlmre/Proyectos_Robotica/create3_ws/install/irobot_create_nodes/lib:/home/jlmre/create3_ws/install/irobot_create_toolbox/lib:/home/jlmre/Proyectos_Robotica/create3_ws/install/irobot_create_toolbox/lib:${LD_LIBRARY_PATH} /usr/bin/cmake --build /home/jlmre/Proyectos_Robotica/create3_ws/build/irobot_create_common_bringup -- -j16 -l16
[0.307s] Invoking command in '/home/jlmre/Proyectos_Robotica/create3_ws/build/irobot_create_common_bringup': AMENT_PREFIX_PATH=/home/jlmre/create3_ws/install/irobot_create_nodes:/home/jlmre/create3_ws/install/irobot_create_toolbox:/home/jlmre/create3_ws/install/irobot_create_description:/home/jlmre/create3_ws/install/irobot_create_control:${AMENT_PREFIX_PATH} CMAKE_PREFIX_PATH=/home/jlmre/Proyectos_Robotica/create3_ws/install/irobot_create_nodes:/home/jlmre/Proyectos_Robotica/create3_ws/install/irobot_create_toolbox:/home/jlmre/Proyectos_Robotica/create3_ws/install/irobot_create_description:/home/jlmre/Proyectos_Robotica/create3_ws/install/irobot_create_control:/opt/ros/humble LD_LIBRARY_PATH=/home/jlmre/create3_ws/install/irobot_create_nodes/lib:/home/jlmre/Proyectos_Robotica/create3_ws/install/irobot_create_nodes/lib:/home/jlmre/create3_ws/install/irobot_create_toolbox/lib:/home/jlmre/Proyectos_Robotica/create3_ws/install/irobot_create_toolbox/lib:${LD_LIBRARY_PATH} /usr/bin/cmake --install /home/jlmre/Proyectos_Robotica/create3_ws/build/irobot_create_common_bringup
[0.315s] -- Install configuration: ""
[0.315s] -- Up-to-date: /home/jlmre/create3_ws/install/irobot_create_common_bringup/share/irobot_create_common_bringup/config
[0.315s] -- Up-to-date: /home/jlmre/create3_ws/install/irobot_create_common_bringup/share/irobot_create_common_bringup/config/hazard_vector_params.yaml
[0.315s] -- Up-to-date: /home/jlmre/create3_ws/install/irobot_create_common_bringup/share/irobot_create_common_bringup/config/ui_mgr_params.yaml
[0.315s] -- Up-to-date: /home/jlmre/create3_ws/install/irobot_create_common_bringup/share/irobot_create_common_bringup/config/wheel_status_params.yaml
[0.315s] -- Up-to-date: /home/jlmre/create3_ws/install/irobot_create_common_bringup/share/irobot_create_common_bringup/config/kidnap_estimator_params.yaml
[0.315s] -- Up-to-date: /home/jlmre/create3_ws/install/irobot_create_common_bringup/share/irobot_create_common_bringup/config/ir_intensity_vector_params.yaml
[0.316s] -- Up-to-date: /home/jlmre/create3_ws/install/irobot_create_common_bringup/share/irobot_create_common_bringup/config/robot_state_params.yaml
[0.316s] -- Up-to-date: /home/jlmre/create3_ws/install/irobot_create_common_bringup/share/irobot_create_common_bringup/config/mock_params.yaml
[0.316s] -- Up-to-date: /home/jlmre/create3_ws/install/irobot_create_common_bringup/share/irobot_create_common_bringup/launch
[0.316s] -- Up-to-date: /home/jlmre/create3_ws/install/irobot_create_common_bringup/share/irobot_create_common_bringup/launch/robot_description.launch.py
[0.316s] -- Up-to-date: /home/jlmre/create3_ws/install/irobot_create_common_bringup/share/irobot_create_common_bringup/launch/create3_nodes.launch.py
[0.316s] -- Up-to-date: /home/jlmre/create3_ws/install/irobot_create_common_bringup/share/irobot_create_common_bringup/launch/rviz2.launch.py
[0.316s] -- Up-to-date: /home/jlmre/create3_ws/install/irobot_create_common_bringup/share/irobot_create_common_bringup/launch/dock_description.launch.py
[0.316s] -- Up-to-date: /home/jlmre/create3_ws/install/irobot_create_common_bringup/share/irobot_create_common_bringup/rviz
[0.316s] -- Up-to-date: /home/jlmre/create3_ws/install/irobot_create_common_bringup/share/irobot_create_common_bringup/rviz/irobot_logo.jpg
[0.316s] -- Up-to-date: /home/jlmre/create3_ws/install/irobot_create_common_bringup/share/irobot_create_common_bringup/rviz/irobot_create_view.rviz
[0.316s] -- Up-to-date: /home/jlmre/create3_ws/install/irobot_create_common_bringup/share/irobot_create_common_bringup/environment/pythonpath.sh
[0.316s] -- Up-to-date: /home/jlmre/create3_ws/install/irobot_create_common_bringup/share/irobot_create_common_bringup/environment/pythonpath.dsv
[0.316s] -- Up-to-date: /home/jlmre/create3_ws/install/irobot_create_common_bringup/local/lib/python3.10/dist-packages/irobot_create_common_bringup-2.1.0-py3.10.egg-info
[0.316s] -- Installing: /home/jlmre/create3_ws/install/irobot_create_common_bringup/local/lib/python3.10/dist-packages/irobot_create_common_bringup-2.1.0-py3.10.egg-info/dependency_links.txt
[0.316s] -- Installing: /home/jlmre/create3_ws/install/irobot_create_common_bringup/local/lib/python3.10/dist-packages/irobot_create_common_bringup-2.1.0-py3.10.egg-info/PKG-INFO
[0.316s] -- Installing: /home/jlmre/create3_ws/install/irobot_create_common_bringup/local/lib/python3.10/dist-packages/irobot_create_common_bringup-2.1.0-py3.10.egg-info/top_level.txt
[0.316s] -- Installing: /home/jlmre/create3_ws/install/irobot_create_common_bringup/local/lib/python3.10/dist-packages/irobot_create_common_bringup-2.1.0-py3.10.egg-info/SOURCES.txt
[0.316s] -- Up-to-date: /home/jlmre/create3_ws/install/irobot_create_common_bringup/local/lib/python3.10/dist-packages/irobot_create_common_bringup
[0.316s] -- Up-to-date: /home/jlmre/create3_ws/install/irobot_create_common_bringup/local/lib/python3.10/dist-packages/irobot_create_common_bringup/__init__.py
[0.317s] -- Up-to-date: /home/jlmre/create3_ws/install/irobot_create_common_bringup/local/lib/python3.10/dist-packages/irobot_create_common_bringup/namespace.py
[0.317s] -- Up-to-date: /home/jlmre/create3_ws/install/irobot_create_common_bringup/local/lib/python3.10/dist-packages/irobot_create_common_bringup/offset.py
[0.338s] Listing '/home/jlmre/create3_ws/install/irobot_create_common_bringup/local/lib/python3.10/dist-packages/irobot_create_common_bringup'...
[0.343s] -- Up-to-date: /home/jlmre/create3_ws/install/irobot_create_common_bringup/share/ament_index/resource_index/package_run_dependencies/irobot_create_common_bringup
[0.343s] -- Up-to-date: /home/jlmre/create3_ws/install/irobot_create_common_bringup/share/ament_index/resource_index/parent_prefix_path/irobot_create_common_bringup
[0.344s] -- Up-to-date: /home/jlmre/create3_ws/install/irobot_create_common_bringup/share/irobot_create_common_bringup/environment/ament_prefix_path.sh
[0.344s] -- Up-to-date: /home/jlmre/create3_ws/install/irobot_create_common_bringup/share/irobot_create_common_bringup/environment/ament_prefix_path.dsv
[0.344s] -- Up-to-date: /home/jlmre/create3_ws/install/irobot_create_common_bringup/share/irobot_create_common_bringup/environment/path.sh
[0.344s] -- Up-to-date: /home/jlmre/create3_ws/install/irobot_create_common_bringup/share/irobot_create_common_bringup/environment/path.dsv
[0.344s] -- Up-to-date: /home/jlmre/create3_ws/install/irobot_create_common_bringup/share/irobot_create_common_bringup/local_setup.bash
[0.344s] -- Up-to-date: /home/jlmre/create3_ws/install/irobot_create_common_bringup/share/irobot_create_common_bringup/local_setup.sh
[0.344s] -- Up-to-date: /home/jlmre/create3_ws/install/irobot_create_common_bringup/share/irobot_create_common_bringup/local_setup.zsh
[0.344s] -- Up-to-date: /home/jlmre/create3_ws/install/irobot_create_common_bringup/share/irobot_create_common_bringup/local_setup.dsv
[0.344s] -- Installing: /home/jlmre/create3_ws/install/irobot_create_common_bringup/share/irobot_create_common_bringup/package.dsv
[0.344s] -- Up-to-date: /home/jlmre/create3_ws/install/irobot_create_common_bringup/share/ament_index/resource_index/packages/irobot_create_common_bringup
[0.344s] -- Up-to-date: /home/jlmre/create3_ws/install/irobot_create_common_bringup/share/irobot_create_common_bringup/cmake/irobot_create_common_bringupConfig.cmake
[0.344s] -- Up-to-date: /home/jlmre/create3_ws/install/irobot_create_common_bringup/share/irobot_create_common_bringup/cmake/irobot_create_common_bringupConfig-version.cmake
[0.344s] -- Up-to-date: /home/jlmre/create3_ws/install/irobot_create_common_bringup/share/irobot_create_common_bringup/package.xml
[0.348s] Invoked command in '/home/jlmre/Proyectos_Robotica/create3_ws/build/irobot_create_common_bringup' returned '0': AMENT_PREFIX_PATH=/home/jlmre/create3_ws/install/irobot_create_nodes:/home/jlmre/create3_ws/install/irobot_create_toolbox:/home/jlmre/create3_ws/install/irobot_create_description:/home/jlmre/create3_ws/install/irobot_create_control:${AMENT_PREFIX_PATH} CMAKE_PREFIX_PATH=/home/jlmre/Proyectos_Robotica/create3_ws/install/irobot_create_nodes:/home/jlmre/Proyectos_Robotica/create3_ws/install/irobot_create_toolbox:/home/jlmre/Proyectos_Robotica/create3_ws/install/irobot_create_description:/home/jlmre/Proyectos_Robotica/create3_ws/install/irobot_create_control:/opt/ros/humble LD_LIBRARY_PATH=/home/jlmre/create3_ws/install/irobot_create_nodes/lib:/home/jlmre/Proyectos_Robotica/create3_ws/install/irobot_create_nodes/lib:/home/jlmre/create3_ws/install/irobot_create_toolbox/lib:/home/jlmre/Proyectos_Robotica/create3_ws/install/irobot_create_toolbox/lib:${LD_LIBRARY_PATH} /usr/bin/cmake --install /home/jlmre/Proyectos_Robotica/create3_ws/build/irobot_create_common_bringup
