[0.046s] Invoking command in '/home/jlmre/create3_ws/build/irobot_create_description': CMAKE_PREFIX_PATH=${CMAKE_PREFIX_PATH}:/home/jlmre/create3_ws/install/vodom:/home/jlmre/create3_ws/install/pr_pkg:/home/jlmre/create3_ws/install/img_server:/home/jlmre/create3_ws/install/image_png_player:/home/jlmre/create3_ws/install/ez_nav:/home/jlmre/create3_ws/install/bringup:/opt/ros/humble /usr/bin/cmake --build /home/jlmre/create3_ws/build/irobot_create_description -- -j16 -l16
[0.956s] Invoked command in '/home/jlmre/create3_ws/build/irobot_create_description' returned '0': CMAKE_PREFIX_PATH=${CMAKE_PREFIX_PATH}:/home/jlmre/create3_ws/install/vodom:/home/jlmre/create3_ws/install/pr_pkg:/home/jlmre/create3_ws/install/img_server:/home/jlmre/create3_ws/install/image_png_player:/home/jlmre/create3_ws/install/ez_nav:/home/jlmre/create3_ws/install/bringup:/opt/ros/humble /usr/bin/cmake --build /home/jlmre/create3_ws/build/irobot_create_description -- -j16 -l16
[0.965s] Invoking command in '/home/jlmre/create3_ws/build/irobot_create_description': CMAKE_PREFIX_PATH=${CMAKE_PREFIX_PATH}:/home/jlmre/create3_ws/install/vodom:/home/jlmre/create3_ws/install/pr_pkg:/home/jlmre/create3_ws/install/img_server:/home/jlmre/create3_ws/install/image_png_player:/home/jlmre/create3_ws/install/ez_nav:/home/jlmre/create3_ws/install/bringup:/opt/ros/humble /usr/bin/cmake --install /home/jlmre/create3_ws/build/irobot_create_description
[0.981s] -- Install configuration: ""
[0.981s] -- Up-to-date: /home/jlmre/create3_ws/install/irobot_create_description/share/irobot_create_description//meshes
[0.981s] -- Up-to-date: /home/jlmre/create3_ws/install/irobot_create_description/share/irobot_create_description//meshes/body_visual.dae
[0.981s] -- Up-to-date: /home/jlmre/create3_ws/install/irobot_create_description/share/irobot_create_description//meshes/bumper_collision.dae
[0.981s] -- Up-to-date: /home/jlmre/create3_ws/install/irobot_create_description/share/irobot_create_description//meshes/dock
[0.981s] -- Up-to-date: /home/jlmre/create3_ws/install/irobot_create_description/share/irobot_create_description//meshes/dock/visual.dae
[0.981s] -- Up-to-date: /home/jlmre/create3_ws/install/irobot_create_description/share/irobot_create_description//meshes/bumper_visual.dae
[0.981s] -- Up-to-date: /home/jlmre/create3_ws/install/irobot_create_description/share/irobot_create_description//urdf
[0.981s] -- Up-to-date: /home/jlmre/create3_ws/install/irobot_create_description/share/irobot_create_description//urdf/caster.urdf.xacro
[0.981s] -- Up-to-date: /home/jlmre/create3_ws/install/irobot_create_description/share/irobot_create_description//urdf/wheel_drop.urdf.xacro
[0.981s] -- Up-to-date: /home/jlmre/create3_ws/install/irobot_create_description/share/irobot_create_description//urdf/create3.urdf.xacro
[0.981s] -- Up-to-date: /home/jlmre/create3_ws/install/irobot_create_description/share/irobot_create_description//urdf/wheel_with_wheeldrop.urdf.xacro
[0.981s] -- Up-to-date: /home/jlmre/create3_ws/install/irobot_create_description/share/irobot_create_description//urdf/bumper.urdf.xacro
[0.981s] -- Up-to-date: /home/jlmre/create3_ws/install/irobot_create_description/share/irobot_create_description//urdf/common_properties.urdf.xacro
[0.981s] -- Up-to-date: /home/jlmre/create3_ws/install/irobot_create_description/share/irobot_create_description//urdf/sensors
[0.981s] -- Up-to-date: /home/jlmre/create3_ws/install/irobot_create_description/share/irobot_create_description//urdf/sensors/imu.urdf.xacro
[0.981s] -- Up-to-date: /home/jlmre/create3_ws/install/irobot_create_description/share/irobot_create_description//urdf/sensors/ir_intensity.urdf.xacro
[0.981s] -- Up-to-date: /home/jlmre/create3_ws/install/irobot_create_description/share/irobot_create_description//urdf/sensors/ir_opcode_receivers.urdf.xacro
[0.981s] -- Up-to-date: /home/jlmre/create3_ws/install/irobot_create_description/share/irobot_create_description//urdf/sensors/cliff_sensor.urdf.xacro
[0.981s] -- Up-to-date: /home/jlmre/create3_ws/install/irobot_create_description/share/irobot_create_description//urdf/sensors/optical_mouse.urdf.xacro
[0.982s] -- Up-to-date: /home/jlmre/create3_ws/install/irobot_create_description/share/irobot_create_description//urdf/wheel.urdf.xacro
[0.982s] -- Up-to-date: /home/jlmre/create3_ws/install/irobot_create_description/share/irobot_create_description//urdf/button.urdf.xacro
[0.982s] -- Up-to-date: /home/jlmre/create3_ws/install/irobot_create_description/share/irobot_create_description//urdf/dock
[0.982s] -- Up-to-date: /home/jlmre/create3_ws/install/irobot_create_description/share/irobot_create_description//urdf/dock/ir_emitter.urdf.xacro
[0.982s] -- Up-to-date: /home/jlmre/create3_ws/install/irobot_create_description/share/irobot_create_description//urdf/dock/standard_dock.urdf.xacro
[0.982s] -- Up-to-date: /home/jlmre/create3_ws/install/irobot_create_description/share/ament_index/resource_index/package_run_dependencies/irobot_create_description
[0.982s] -- Up-to-date: /home/jlmre/create3_ws/install/irobot_create_description/share/ament_index/resource_index/parent_prefix_path/irobot_create_description
[0.982s] -- Up-to-date: /home/jlmre/create3_ws/install/irobot_create_description/share/irobot_create_description/environment/ament_prefix_path.sh
[0.982s] -- Up-to-date: /home/jlmre/create3_ws/install/irobot_create_description/share/irobot_create_description/environment/ament_prefix_path.dsv
[0.982s] -- Up-to-date: /home/jlmre/create3_ws/install/irobot_create_description/share/irobot_create_description/environment/path.sh
[0.982s] -- Up-to-date: /home/jlmre/create3_ws/install/irobot_create_description/share/irobot_create_description/environment/path.dsv
[0.982s] -- Up-to-date: /home/jlmre/create3_ws/install/irobot_create_description/share/irobot_create_description/local_setup.bash
[0.982s] -- Up-to-date: /home/jlmre/create3_ws/install/irobot_create_description/share/irobot_create_description/local_setup.sh
[0.982s] -- Up-to-date: /home/jlmre/create3_ws/install/irobot_create_description/share/irobot_create_description/local_setup.zsh
[0.982s] -- Up-to-date: /home/jlmre/create3_ws/install/irobot_create_description/share/irobot_create_description/local_setup.dsv
[0.982s] -- Installing: /home/jlmre/create3_ws/install/irobot_create_description/share/irobot_create_description/package.dsv
[0.982s] -- Up-to-date: /home/jlmre/create3_ws/install/irobot_create_description/share/ament_index/resource_index/packages/irobot_create_description
[0.982s] -- Up-to-date: /home/jlmre/create3_ws/install/irobot_create_description/share/irobot_create_description/cmake/irobot_create_descriptionConfig.cmake
[0.982s] -- Up-to-date: /home/jlmre/create3_ws/install/irobot_create_description/share/irobot_create_description/cmake/irobot_create_descriptionConfig-version.cmake
[0.982s] -- Up-to-date: /home/jlmre/create3_ws/install/irobot_create_description/share/irobot_create_description/package.xml
[0.992s] Invoked command in '/home/jlmre/create3_ws/build/irobot_create_description' returned '0': CMAKE_PREFIX_PATH=${CMAKE_PREFIX_PATH}:/home/jlmre/create3_ws/install/vodom:/home/jlmre/create3_ws/install/pr_pkg:/home/jlmre/create3_ws/install/img_server:/home/jlmre/create3_ws/install/image_png_player:/home/jlmre/create3_ws/install/ez_nav:/home/jlmre/create3_ws/install/bringup:/opt/ros/humble /usr/bin/cmake --install /home/jlmre/create3_ws/build/irobot_create_description
