[0.010s] Invoking command in '/home/jlmre/Proyectos_Robotica/create3_ws/build/irobot_create_ignition_toolbox': AMENT_PREFIX_PATH=/home/jlmre/create3_ws/install/irobot_create_toolbox:${AMENT_PREFIX_PATH} CMAKE_PREFIX_PATH=/home/jlmre/Proyectos_Robotica/create3_ws/install/irobot_create_toolbox:/opt/ros/humble LD_LIBRARY_PATH=/home/jlmre/create3_ws/install/irobot_create_toolbox/lib:/home/jlmre/Proyectos_Robotica/create3_ws/install/irobot_create_toolbox/lib:${LD_LIBRARY_PATH} /usr/bin/cmake --build /home/jlmre/Proyectos_Robotica/create3_ws/build/irobot_create_ignition_toolbox -- -j16 -l16
[0.016s] [0mCMake Error: The current CMakeCache.txt directory /home/jlmre/Proyectos_Robotica/create3_ws/build/irobot_create_ignition_toolbox/CMakeCache.txt is different than the directory /home/jlmre/create3_ws/build/irobot_create_ignition_toolbox where CMakeCache.txt was created. This may result in binaries being created in the wrong place. If you are not sure, reedit the CMakeCache.txt[0m
[0.076s] [ 11%] Built target irobot_create_ignition_pose_republisher_lib
[0.082s] [ 22%] Built target irobot_create_ignition_interface_buttons_lib
[0.094s] [ 66%] Built target irobot_create_ignition_sensors_lib
[0.119s] [ 77%] Built target pose_republisher_node
[0.120s] [ 88%] Built target interface_buttons_node
[0.137s] [100%] Built target sensors_node
[0.154s] Invoked command in '/home/jlmre/Proyectos_Robotica/create3_ws/build/irobot_create_ignition_toolbox' returned '0': AMENT_PREFIX_PATH=/home/jlmre/create3_ws/install/irobot_create_toolbox:${AMENT_PREFIX_PATH} CMAKE_PREFIX_PATH=/home/jlmre/Proyectos_Robotica/create3_ws/install/irobot_create_toolbox:/opt/ros/humble LD_LIBRARY_PATH=/home/jlmre/create3_ws/install/irobot_create_toolbox/lib:/home/jlmre/Proyectos_Robotica/create3_ws/install/irobot_create_toolbox/lib:${LD_LIBRARY_PATH} /usr/bin/cmake --build /home/jlmre/Proyectos_Robotica/create3_ws/build/irobot_create_ignition_toolbox -- -j16 -l16
[0.155s] Invoking command in '/home/jlmre/Proyectos_Robotica/create3_ws/build/irobot_create_ignition_toolbox': AMENT_PREFIX_PATH=/home/jlmre/create3_ws/install/irobot_create_toolbox:${AMENT_PREFIX_PATH} CMAKE_PREFIX_PATH=/home/jlmre/Proyectos_Robotica/create3_ws/install/irobot_create_toolbox:/opt/ros/humble LD_LIBRARY_PATH=/home/jlmre/create3_ws/install/irobot_create_toolbox/lib:/home/jlmre/Proyectos_Robotica/create3_ws/install/irobot_create_toolbox/lib:${LD_LIBRARY_PATH} /usr/bin/cmake --install /home/jlmre/Proyectos_Robotica/create3_ws/build/irobot_create_ignition_toolbox
[0.163s] -- Install configuration: ""
[0.163s] -- Up-to-date: /home/jlmre/create3_ws/install/irobot_create_ignition_toolbox/lib/libirobot_create_ignition_pose_republisher_lib.so
[0.163s] -- Up-to-date: /home/jlmre/create3_ws/install/irobot_create_ignition_toolbox/lib/libirobot_create_ignition_sensors_lib.so
[0.163s] -- Up-to-date: /home/jlmre/create3_ws/install/irobot_create_ignition_toolbox/lib/libirobot_create_ignition_interface_buttons_lib.so
[0.163s] -- Up-to-date: /home/jlmre/create3_ws/install/irobot_create_ignition_toolbox/lib/irobot_create_ignition_toolbox/pose_republisher_node
[0.163s] -- Up-to-date: /home/jlmre/create3_ws/install/irobot_create_ignition_toolbox/lib/irobot_create_ignition_toolbox/sensors_node
[0.164s] -- Up-to-date: /home/jlmre/create3_ws/install/irobot_create_ignition_toolbox/lib/irobot_create_ignition_toolbox/interface_buttons_node
[0.164s] -- Up-to-date: /home/jlmre/create3_ws/install/irobot_create_ignition_toolbox/include
[0.164s] -- Up-to-date: /home/jlmre/create3_ws/install/irobot_create_ignition_toolbox/include/irobot_create_ignition_toolbox
[0.164s] -- Up-to-date: /home/jlmre/create3_ws/install/irobot_create_ignition_toolbox/include/irobot_create_ignition_toolbox/utils.hpp
[0.164s] -- Up-to-date: /home/jlmre/create3_ws/install/irobot_create_ignition_toolbox/include/irobot_create_ignition_toolbox/pose_republisher
[0.164s] -- Up-to-date: /home/jlmre/create3_ws/install/irobot_create_ignition_toolbox/include/irobot_create_ignition_toolbox/pose_republisher/pose_republisher.hpp
[0.164s] -- Up-to-date: /home/jlmre/create3_ws/install/irobot_create_ignition_toolbox/include/irobot_create_ignition_toolbox/sensors
[0.164s] -- Up-to-date: /home/jlmre/create3_ws/install/irobot_create_ignition_toolbox/include/irobot_create_ignition_toolbox/sensors/cliff.hpp
[0.164s] -- Up-to-date: /home/jlmre/create3_ws/install/irobot_create_ignition_toolbox/include/irobot_create_ignition_toolbox/sensors/bumper.hpp
[0.164s] -- Up-to-date: /home/jlmre/create3_ws/install/irobot_create_ignition_toolbox/include/irobot_create_ignition_toolbox/sensors/mouse.hpp
[0.164s] -- Up-to-date: /home/jlmre/create3_ws/install/irobot_create_ignition_toolbox/include/irobot_create_ignition_toolbox/sensors/sensors_node.hpp
[0.164s] -- Up-to-date: /home/jlmre/create3_ws/install/irobot_create_ignition_toolbox/include/irobot_create_ignition_toolbox/sensors/wheel_drop.hpp
[0.165s] -- Up-to-date: /home/jlmre/create3_ws/install/irobot_create_ignition_toolbox/include/irobot_create_ignition_toolbox/sensors/ir_intensity.hpp
[0.165s] -- Up-to-date: /home/jlmre/create3_ws/install/irobot_create_ignition_toolbox/include/irobot_create_ignition_toolbox/sensors/ir_opcode.hpp
[0.165s] -- Up-to-date: /home/jlmre/create3_ws/install/irobot_create_ignition_toolbox/include/irobot_create_ignition_toolbox/interface_buttons
[0.165s] -- Up-to-date: /home/jlmre/create3_ws/install/irobot_create_ignition_toolbox/include/irobot_create_ignition_toolbox/interface_buttons/interface_buttons_node.hpp
[0.165s] -- Up-to-date: /home/jlmre/create3_ws/install/irobot_create_ignition_toolbox/share/irobot_create_ignition_toolbox/environment/library_path.sh
[0.165s] -- Up-to-date: /home/jlmre/create3_ws/install/irobot_create_ignition_toolbox/share/irobot_create_ignition_toolbox/environment/library_path.dsv
[0.165s] -- Up-to-date: /home/jlmre/create3_ws/install/irobot_create_ignition_toolbox/share/ament_index/resource_index/package_run_dependencies/irobot_create_ignition_toolbox
[0.165s] -- Up-to-date: /home/jlmre/create3_ws/install/irobot_create_ignition_toolbox/share/ament_index/resource_index/parent_prefix_path/irobot_create_ignition_toolbox
[0.165s] -- Up-to-date: /home/jlmre/create3_ws/install/irobot_create_ignition_toolbox/share/irobot_create_ignition_toolbox/environment/ament_prefix_path.sh
[0.165s] -- Up-to-date: /home/jlmre/create3_ws/install/irobot_create_ignition_toolbox/share/irobot_create_ignition_toolbox/environment/ament_prefix_path.dsv
[0.165s] -- Up-to-date: /home/jlmre/create3_ws/install/irobot_create_ignition_toolbox/share/irobot_create_ignition_toolbox/environment/path.sh
[0.165s] -- Up-to-date: /home/jlmre/create3_ws/install/irobot_create_ignition_toolbox/share/irobot_create_ignition_toolbox/environment/path.dsv
[0.165s] -- Up-to-date: /home/jlmre/create3_ws/install/irobot_create_ignition_toolbox/share/irobot_create_ignition_toolbox/local_setup.bash
[0.165s] -- Up-to-date: /home/jlmre/create3_ws/install/irobot_create_ignition_toolbox/share/irobot_create_ignition_toolbox/local_setup.sh
[0.165s] -- Up-to-date: /home/jlmre/create3_ws/install/irobot_create_ignition_toolbox/share/irobot_create_ignition_toolbox/local_setup.zsh
[0.165s] -- Up-to-date: /home/jlmre/create3_ws/install/irobot_create_ignition_toolbox/share/irobot_create_ignition_toolbox/local_setup.dsv
[0.165s] -- Installing: /home/jlmre/create3_ws/install/irobot_create_ignition_toolbox/share/irobot_create_ignition_toolbox/package.dsv
[0.165s] -- Up-to-date: /home/jlmre/create3_ws/install/irobot_create_ignition_toolbox/share/ament_index/resource_index/packages/irobot_create_ignition_toolbox
[0.165s] -- Up-to-date: /home/jlmre/create3_ws/install/irobot_create_ignition_toolbox/share/irobot_create_ignition_toolbox/cmake/ament_cmake_export_include_directories-extras.cmake
[0.165s] -- Up-to-date: /home/jlmre/create3_ws/install/irobot_create_ignition_toolbox/share/irobot_create_ignition_toolbox/cmake/ament_cmake_export_libraries-extras.cmake
[0.165s] -- Up-to-date: /home/jlmre/create3_ws/install/irobot_create_ignition_toolbox/share/irobot_create_ignition_toolbox/cmake/ament_cmake_export_dependencies-extras.cmake
[0.165s] -- Up-to-date: /home/jlmre/create3_ws/install/irobot_create_ignition_toolbox/share/irobot_create_ignition_toolbox/cmake/irobot_create_ignition_toolboxConfig.cmake
[0.166s] -- Up-to-date: /home/jlmre/create3_ws/install/irobot_create_ignition_toolbox/share/irobot_create_ignition_toolbox/cmake/irobot_create_ignition_toolboxConfig-version.cmake
[0.166s] -- Up-to-date: /home/jlmre/create3_ws/install/irobot_create_ignition_toolbox/share/irobot_create_ignition_toolbox/package.xml
[0.180s] Invoked command in '/home/jlmre/Proyectos_Robotica/create3_ws/build/irobot_create_ignition_toolbox' returned '0': AMENT_PREFIX_PATH=/home/jlmre/create3_ws/install/irobot_create_toolbox:${AMENT_PREFIX_PATH} CMAKE_PREFIX_PATH=/home/jlmre/Proyectos_Robotica/create3_ws/install/irobot_create_toolbox:/opt/ros/humble LD_LIBRARY_PATH=/home/jlmre/create3_ws/install/irobot_create_toolbox/lib:/home/jlmre/Proyectos_Robotica/create3_ws/install/irobot_create_toolbox/lib:${LD_LIBRARY_PATH} /usr/bin/cmake --install /home/jlmre/Proyectos_Robotica/create3_ws/build/irobot_create_ignition_toolbox
