[0.014s] Invoking command in '/home/jlmre/create3_ws/build/irobot_create_nodes': CMAKE_PREFIX_PATH=/home/jlmre/create3_ws/install/irobot_create_toolbox:/home/jlmre/create3_ws/install/irobot_create_ignition_sim:/home/jlmre/create3_ws/install/irobot_create_ignition_bringup:/home/jlmre/create3_ws/install/irobot_create_gazebo_sim:/home/jlmre/create3_ws/install/irobot_create_gazebo_bringup:/home/jlmre/create3_ws/install/irobot_create_common_bringup:/home/jlmre/create3_ws/install/irobot_create_nodes:/home/jlmre/create3_ws/install/irobot_create_ignition_toolbox:/home/jlmre/create3_ws/install/irobot_create_gazebo_plugins:/home/jlmre/create3_ws/install/irobot_create_ignition_plugins:/home/jlmre/create3_ws/install/irobot_create_description:/home/jlmre/create3_ws/install/irobot_create_control:/home/jlmre/create3_ws/install/vodom:/home/jlmre/create3_ws/install/pr_pkg:/home/jlmre/create3_ws/install/img_server:/home/jlmre/create3_ws/install/image_png_player:/home/jlmre/create3_ws/install/ez_nav:/home/jlmre/create3_ws/install/bringup:/opt/ros/humble LD_LIBRARY_PATH=/home/jlmre/create3_ws/install/irobot_create_toolbox/lib:/home/jlmre/create3_ws/install/irobot_create_nodes/lib:/home/jlmre/create3_ws/install/irobot_create_ignition_toolbox/lib:/home/jlmre/create3_ws/install/irobot_create_gazebo_plugins/lib:/usr/local/lib:/usr/lib/x86_64-linux-gnu/gazebo-11/plugins:/opt/ros/humble/opt/rviz_ogre_vendor/lib:/opt/ros/humble/lib/x86_64-linux-gnu:/opt/ros/humble/lib /usr/bin/cmake --build /home/jlmre/create3_ws/build/irobot_create_nodes -- -j16 -l16
[0.082s] [  5%] Built target hazard_publisher_lib
[0.083s] [ 10%] Built target wheel_status_publisher
[0.087s] [ 21%] Built target ir_intensity_publisher_lib
[0.087s] [ 21%] Built target hazards_vector_publisher
[0.087s] [ 27%] Built target ir_intensity_vector_publisher
[0.087s] [ 32%] Built target motion_control
[0.096s] [ 37%] Built target wheel_status_publisher_lib
[0.099s] [ 43%] Built target robot_state_lib
[0.100s] [ 48%] Built target ui_mgr_lib
[0.101s] [ 67%] Built target motion_control_lib
[0.102s] [ 78%] Built target kidnap_estimator_publisher_lib
[0.103s] [ 78%] Built target ui_mgr
[0.104s] [ 83%] Built target robot_state
[0.109s] [ 89%] Built target mock_publisher_lib
[0.113s] [ 94%] Built target mock_publisher
[0.123s] [100%] Built target kidnap_estimator_publisher
[0.148s] Invoked command in '/home/jlmre/create3_ws/build/irobot_create_nodes' returned '0': CMAKE_PREFIX_PATH=/home/jlmre/create3_ws/install/irobot_create_toolbox:/home/jlmre/create3_ws/install/irobot_create_ignition_sim:/home/jlmre/create3_ws/install/irobot_create_ignition_bringup:/home/jlmre/create3_ws/install/irobot_create_gazebo_sim:/home/jlmre/create3_ws/install/irobot_create_gazebo_bringup:/home/jlmre/create3_ws/install/irobot_create_common_bringup:/home/jlmre/create3_ws/install/irobot_create_nodes:/home/jlmre/create3_ws/install/irobot_create_ignition_toolbox:/home/jlmre/create3_ws/install/irobot_create_gazebo_plugins:/home/jlmre/create3_ws/install/irobot_create_ignition_plugins:/home/jlmre/create3_ws/install/irobot_create_description:/home/jlmre/create3_ws/install/irobot_create_control:/home/jlmre/create3_ws/install/vodom:/home/jlmre/create3_ws/install/pr_pkg:/home/jlmre/create3_ws/install/img_server:/home/jlmre/create3_ws/install/image_png_player:/home/jlmre/create3_ws/install/ez_nav:/home/jlmre/create3_ws/install/bringup:/opt/ros/humble LD_LIBRARY_PATH=/home/jlmre/create3_ws/install/irobot_create_toolbox/lib:/home/jlmre/create3_ws/install/irobot_create_nodes/lib:/home/jlmre/create3_ws/install/irobot_create_ignition_toolbox/lib:/home/jlmre/create3_ws/install/irobot_create_gazebo_plugins/lib:/usr/local/lib:/usr/lib/x86_64-linux-gnu/gazebo-11/plugins:/opt/ros/humble/opt/rviz_ogre_vendor/lib:/opt/ros/humble/lib/x86_64-linux-gnu:/opt/ros/humble/lib /usr/bin/cmake --build /home/jlmre/create3_ws/build/irobot_create_nodes -- -j16 -l16
[0.150s] Invoking command in '/home/jlmre/create3_ws/build/irobot_create_nodes': CMAKE_PREFIX_PATH=/home/jlmre/create3_ws/install/irobot_create_toolbox:/home/jlmre/create3_ws/install/irobot_create_ignition_sim:/home/jlmre/create3_ws/install/irobot_create_ignition_bringup:/home/jlmre/create3_ws/install/irobot_create_gazebo_sim:/home/jlmre/create3_ws/install/irobot_create_gazebo_bringup:/home/jlmre/create3_ws/install/irobot_create_common_bringup:/home/jlmre/create3_ws/install/irobot_create_nodes:/home/jlmre/create3_ws/install/irobot_create_ignition_toolbox:/home/jlmre/create3_ws/install/irobot_create_gazebo_plugins:/home/jlmre/create3_ws/install/irobot_create_ignition_plugins:/home/jlmre/create3_ws/install/irobot_create_description:/home/jlmre/create3_ws/install/irobot_create_control:/home/jlmre/create3_ws/install/vodom:/home/jlmre/create3_ws/install/pr_pkg:/home/jlmre/create3_ws/install/img_server:/home/jlmre/create3_ws/install/image_png_player:/home/jlmre/create3_ws/install/ez_nav:/home/jlmre/create3_ws/install/bringup:/opt/ros/humble LD_LIBRARY_PATH=/home/jlmre/create3_ws/install/irobot_create_toolbox/lib:/home/jlmre/create3_ws/install/irobot_create_nodes/lib:/home/jlmre/create3_ws/install/irobot_create_ignition_toolbox/lib:/home/jlmre/create3_ws/install/irobot_create_gazebo_plugins/lib:/usr/local/lib:/usr/lib/x86_64-linux-gnu/gazebo-11/plugins:/opt/ros/humble/opt/rviz_ogre_vendor/lib:/opt/ros/humble/lib/x86_64-linux-gnu:/opt/ros/humble/lib /usr/bin/cmake --install /home/jlmre/create3_ws/build/irobot_create_nodes
[0.156s] -- Install configuration: ""
[0.156s] -- Up-to-date: /home/jlmre/create3_ws/install/irobot_create_nodes/lib/irobot_create_nodes/hazards_vector_publisher
[0.156s] -- Up-to-date: /home/jlmre/create3_ws/install/irobot_create_nodes/lib/irobot_create_nodes/ir_intensity_vector_publisher
[0.157s] -- Up-to-date: /home/jlmre/create3_ws/install/irobot_create_nodes/lib/irobot_create_nodes/motion_control
[0.157s] -- Up-to-date: /home/jlmre/create3_ws/install/irobot_create_nodes/lib/irobot_create_nodes/wheel_status_publisher
[0.157s] -- Up-to-date: /home/jlmre/create3_ws/install/irobot_create_nodes/lib/irobot_create_nodes/robot_state
[0.157s] -- Up-to-date: /home/jlmre/create3_ws/install/irobot_create_nodes/lib/irobot_create_nodes/ui_mgr
[0.157s] -- Up-to-date: /home/jlmre/create3_ws/install/irobot_create_nodes/lib/irobot_create_nodes/mock_publisher
[0.158s] -- Up-to-date: /home/jlmre/create3_ws/install/irobot_create_nodes/lib/irobot_create_nodes/kidnap_estimator_publisher
[0.158s] -- Up-to-date: /home/jlmre/create3_ws/install/irobot_create_nodes/lib/libhazard_publisher_lib.so
[0.158s] -- Up-to-date: /home/jlmre/create3_ws/install/irobot_create_nodes/lib/libir_intensity_publisher_lib.so
[0.158s] -- Up-to-date: /home/jlmre/create3_ws/install/irobot_create_nodes/lib/libmotion_control_lib.so
[0.159s] -- Up-to-date: /home/jlmre/create3_ws/install/irobot_create_nodes/lib/libwheel_status_publisher_lib.so
[0.159s] -- Up-to-date: /home/jlmre/create3_ws/install/irobot_create_nodes/lib/librobot_state_lib.so
[0.159s] -- Up-to-date: /home/jlmre/create3_ws/install/irobot_create_nodes/lib/libui_mgr_lib.so
[0.159s] -- Up-to-date: /home/jlmre/create3_ws/install/irobot_create_nodes/lib/libmock_publisher_lib.so
[0.160s] -- Up-to-date: /home/jlmre/create3_ws/install/irobot_create_nodes/lib/libkidnap_estimator_publisher_lib.so
[0.160s] -- Up-to-date: /home/jlmre/create3_ws/install/irobot_create_nodes/include
[0.160s] -- Up-to-date: /home/jlmre/create3_ws/install/irobot_create_nodes/include/irobot_create_nodes
[0.160s] -- Up-to-date: /home/jlmre/create3_ws/install/irobot_create_nodes/include/irobot_create_nodes/motion_control_node.hpp
[0.160s] -- Up-to-date: /home/jlmre/create3_ws/install/irobot_create_nodes/include/irobot_create_nodes/ui_mgr.hpp
[0.160s] -- Up-to-date: /home/jlmre/create3_ws/install/irobot_create_nodes/include/irobot_create_nodes/kidnap_estimator_publisher.hpp
[0.160s] -- Up-to-date: /home/jlmre/create3_ws/install/irobot_create_nodes/include/irobot_create_nodes/ir_intensity_vector_publisher.hpp
[0.160s] -- Up-to-date: /home/jlmre/create3_ws/install/irobot_create_nodes/include/irobot_create_nodes/hazards_vector_publisher.hpp
[0.160s] -- Up-to-date: /home/jlmre/create3_ws/install/irobot_create_nodes/include/irobot_create_nodes/motion_control
[0.160s] -- Up-to-date: /home/jlmre/create3_ws/install/irobot_create_nodes/include/irobot_create_nodes/motion_control/behaviors_scheduler.hpp
[0.160s] -- Up-to-date: /home/jlmre/create3_ws/install/irobot_create_nodes/include/irobot_create_nodes/motion_control/reflex_behavior.hpp
[0.162s] -- Up-to-date: /home/jlmre/create3_ws/install/irobot_create_nodes/include/irobot_create_nodes/motion_control/drive_goal_behaviors.hpp
[0.162s] -- Up-to-date: /home/jlmre/create3_ws/install/irobot_create_nodes/include/irobot_create_nodes/motion_control/docking_behavior.hpp
[0.162s] -- Up-to-date: /home/jlmre/create3_ws/install/irobot_create_nodes/include/irobot_create_nodes/motion_control/simple_goal_controller.hpp
[0.162s] -- Up-to-date: /home/jlmre/create3_ws/install/irobot_create_nodes/include/irobot_create_nodes/motion_control/wall_follow_behavior.hpp
[0.162s] -- Up-to-date: /home/jlmre/create3_ws/install/irobot_create_nodes/include/irobot_create_nodes/motion_control/wall_follow_states.hpp
[0.162s] -- Up-to-date: /home/jlmre/create3_ws/install/irobot_create_nodes/include/irobot_create_nodes/wheels_publisher.hpp
[0.162s] -- Up-to-date: /home/jlmre/create3_ws/install/irobot_create_nodes/include/irobot_create_nodes/mock_publisher.hpp
[0.162s] -- Up-to-date: /home/jlmre/create3_ws/install/irobot_create_nodes/include/irobot_create_nodes/robot_state.hpp
[0.162s] -- Up-to-date: /home/jlmre/create3_ws/install/irobot_create_nodes/share/irobot_create_nodes/environment/library_path.sh
[0.162s] -- Up-to-date: /home/jlmre/create3_ws/install/irobot_create_nodes/share/irobot_create_nodes/environment/library_path.dsv
[0.162s] -- Up-to-date: /home/jlmre/create3_ws/install/irobot_create_nodes/share/ament_index/resource_index/package_run_dependencies/irobot_create_nodes
[0.162s] -- Up-to-date: /home/jlmre/create3_ws/install/irobot_create_nodes/share/ament_index/resource_index/parent_prefix_path/irobot_create_nodes
[0.163s] -- Up-to-date: /home/jlmre/create3_ws/install/irobot_create_nodes/share/irobot_create_nodes/environment/ament_prefix_path.sh
[0.163s] -- Up-to-date: /home/jlmre/create3_ws/install/irobot_create_nodes/share/irobot_create_nodes/environment/ament_prefix_path.dsv
[0.164s] -- Up-to-date: /home/jlmre/create3_ws/install/irobot_create_nodes/share/irobot_create_nodes/environment/path.sh
[0.164s] -- Up-to-date: /home/jlmre/create3_ws/install/irobot_create_nodes/share/irobot_create_nodes/environment/path.dsv
[0.164s] -- Up-to-date: /home/jlmre/create3_ws/install/irobot_create_nodes/share/irobot_create_nodes/local_setup.bash
[0.164s] -- Up-to-date: /home/jlmre/create3_ws/install/irobot_create_nodes/share/irobot_create_nodes/local_setup.sh
[0.164s] -- Up-to-date: /home/jlmre/create3_ws/install/irobot_create_nodes/share/irobot_create_nodes/local_setup.zsh
[0.164s] -- Up-to-date: /home/jlmre/create3_ws/install/irobot_create_nodes/share/irobot_create_nodes/local_setup.dsv
[0.164s] -- Installing: /home/jlmre/create3_ws/install/irobot_create_nodes/share/irobot_create_nodes/package.dsv
[0.164s] -- Up-to-date: /home/jlmre/create3_ws/install/irobot_create_nodes/share/ament_index/resource_index/packages/irobot_create_nodes
[0.164s] -- Up-to-date: /home/jlmre/create3_ws/install/irobot_create_nodes/share/ament_index/resource_index/rclcpp_components/irobot_create_nodes
[0.164s] -- Up-to-date: /home/jlmre/create3_ws/install/irobot_create_nodes/share/irobot_create_nodes/cmake/ament_cmake_export_include_directories-extras.cmake
[0.164s] -- Up-to-date: /home/jlmre/create3_ws/install/irobot_create_nodes/share/irobot_create_nodes/cmake/ament_cmake_export_libraries-extras.cmake
[0.164s] -- Up-to-date: /home/jlmre/create3_ws/install/irobot_create_nodes/share/irobot_create_nodes/cmake/ament_cmake_export_dependencies-extras.cmake
[0.164s] -- Up-to-date: /home/jlmre/create3_ws/install/irobot_create_nodes/share/irobot_create_nodes/cmake/irobot_create_nodesConfig.cmake
[0.164s] -- Up-to-date: /home/jlmre/create3_ws/install/irobot_create_nodes/share/irobot_create_nodes/cmake/irobot_create_nodesConfig-version.cmake
[0.164s] -- Up-to-date: /home/jlmre/create3_ws/install/irobot_create_nodes/share/irobot_create_nodes/package.xml
[0.164s] Invoked command in '/home/jlmre/create3_ws/build/irobot_create_nodes' returned '0': CMAKE_PREFIX_PATH=/home/jlmre/create3_ws/install/irobot_create_toolbox:/home/jlmre/create3_ws/install/irobot_create_ignition_sim:/home/jlmre/create3_ws/install/irobot_create_ignition_bringup:/home/jlmre/create3_ws/install/irobot_create_gazebo_sim:/home/jlmre/create3_ws/install/irobot_create_gazebo_bringup:/home/jlmre/create3_ws/install/irobot_create_common_bringup:/home/jlmre/create3_ws/install/irobot_create_nodes:/home/jlmre/create3_ws/install/irobot_create_ignition_toolbox:/home/jlmre/create3_ws/install/irobot_create_gazebo_plugins:/home/jlmre/create3_ws/install/irobot_create_ignition_plugins:/home/jlmre/create3_ws/install/irobot_create_description:/home/jlmre/create3_ws/install/irobot_create_control:/home/jlmre/create3_ws/install/vodom:/home/jlmre/create3_ws/install/pr_pkg:/home/jlmre/create3_ws/install/img_server:/home/jlmre/create3_ws/install/image_png_player:/home/jlmre/create3_ws/install/ez_nav:/home/jlmre/create3_ws/install/bringup:/opt/ros/humble LD_LIBRARY_PATH=/home/jlmre/create3_ws/install/irobot_create_toolbox/lib:/home/jlmre/create3_ws/install/irobot_create_nodes/lib:/home/jlmre/create3_ws/install/irobot_create_ignition_toolbox/lib:/home/jlmre/create3_ws/install/irobot_create_gazebo_plugins/lib:/usr/local/lib:/usr/lib/x86_64-linux-gnu/gazebo-11/plugins:/opt/ros/humble/opt/rviz_ogre_vendor/lib:/opt/ros/humble/lib/x86_64-linux-gnu:/opt/ros/humble/lib /usr/bin/cmake --install /home/jlmre/create3_ws/build/irobot_create_nodes
