[1.249s] Invoking command in '/home/jlmre/create3_ws/src/ez_nav': PYTHONPATH=/home/jlmre/create3_ws/build/ez_nav/prefix_override:/usr/lib/python3/dist-packages/colcon_core/task/python/colcon_distutils_commands:/home/jlmre/create3_ws/install/ez_nav/lib/python3.10/site-packages:${PYTHONPATH} /usr/bin/python3 -W ignore:setup.py install is deprecated -W ignore:easy_install command is deprecated setup.py egg_info --egg-base ../../build/ez_nav build --build-base /home/jlmre/create3_ws/build/ez_nav/build install --record /home/jlmre/create3_ws/build/ez_nav/install.log --single-version-externally-managed install_data
[1.396s] running egg_info
[1.396s] writing ../../build/ez_nav/ez_nav.egg-info/PKG-INFO
[1.396s] writing dependency_links to ../../build/ez_nav/ez_nav.egg-info/dependency_links.txt
[1.397s] writing entry points to ../../build/ez_nav/ez_nav.egg-info/entry_points.txt
[1.397s] writing requirements to ../../build/ez_nav/ez_nav.egg-info/requires.txt
[1.397s] writing top-level names to ../../build/ez_nav/ez_nav.egg-info/top_level.txt
[1.398s] reading manifest file '../../build/ez_nav/ez_nav.egg-info/SOURCES.txt'
[1.398s] writing manifest file '../../build/ez_nav/ez_nav.egg-info/SOURCES.txt'
[1.398s] running build
[1.398s] running build_py
[1.398s] running install
[1.399s] running install_lib
[1.399s] running install_data
[1.399s] running install_egg_info
[1.400s] removing '/home/jlmre/create3_ws/install/ez_nav/lib/python3.10/site-packages/ez_nav-0.0.0-py3.10.egg-info' (and everything under it)
[1.401s] Copying ../../build/ez_nav/ez_nav.egg-info to /home/jlmre/create3_ws/install/ez_nav/lib/python3.10/site-packages/ez_nav-0.0.0-py3.10.egg-info
[1.401s] running install_scripts
[1.415s] Installing wf_nav script to /home/jlmre/create3_ws/install/ez_nav/lib/ez_nav
[1.415s] writing list of installed files to '/home/jlmre/create3_ws/build/ez_nav/install.log'
[1.444s] Invoked command in '/home/jlmre/create3_ws/src/ez_nav' returned '0': PYTHONPATH=/home/jlmre/create3_ws/build/ez_nav/prefix_override:/usr/lib/python3/dist-packages/colcon_core/task/python/colcon_distutils_commands:/home/jlmre/create3_ws/install/ez_nav/lib/python3.10/site-packages:${PYTHONPATH} /usr/bin/python3 -W ignore:setup.py install is deprecated -W ignore:easy_install command is deprecated setup.py egg_info --egg-base ../../build/ez_nav build --build-base /home/jlmre/create3_ws/build/ez_nav/build install --record /home/jlmre/create3_ws/build/ez_nav/install.log --single-version-externally-managed install_data
