[0.039s] Invoking command in '/home/jlmre/create3_ws/build/irobot_create_control': CMAKE_PREFIX_PATH=/opt/ros/humble /usr/bin/cmake --build /home/jlmre/create3_ws/build/irobot_create_control -- -j16 -l16
[0.869s] Invoked command in '/home/jlmre/create3_ws/build/irobot_create_control' returned '0': CMAKE_PREFIX_PATH=/opt/ros/humble /usr/bin/cmake --build /home/jlmre/create3_ws/build/irobot_create_control -- -j16 -l16
[0.871s] Invoking command in '/home/jlmre/create3_ws/build/irobot_create_control': CMAKE_PREFIX_PATH=/opt/ros/humble /usr/bin/cmake --install /home/jlmre/create3_ws/build/irobot_create_control
[1.037s] -- Install configuration: ""
[1.037s] -- Up-to-date: /home/jlmre/create3_ws/install/irobot_create_control/share/irobot_create_control//launch
[1.037s] -- Up-to-date: /home/jlmre/create3_ws/install/irobot_create_control/share/irobot_create_control//launch/include
[1.037s] -- Up-to-date: /home/jlmre/create3_ws/install/irobot_create_control/share/irobot_create_control//launch/include/control.py
[1.037s] -- Up-to-date: /home/jlmre/create3_ws/install/irobot_create_control/share/irobot_create_control//config
[1.037s] -- Up-to-date: /home/jlmre/create3_ws/install/irobot_create_control/share/irobot_create_control//config/control.yaml
[1.037s] -- Up-to-date: /home/jlmre/create3_ws/install/irobot_create_control/share/ament_index/resource_index/package_run_dependencies/irobot_create_control
[1.037s] -- Up-to-date: /home/jlmre/create3_ws/install/irobot_create_control/share/ament_index/resource_index/parent_prefix_path/irobot_create_control
[1.037s] -- Up-to-date: /home/jlmre/create3_ws/install/irobot_create_control/share/irobot_create_control/environment/ament_prefix_path.sh
[1.037s] -- Up-to-date: /home/jlmre/create3_ws/install/irobot_create_control/share/irobot_create_control/environment/ament_prefix_path.dsv
[1.037s] -- Up-to-date: /home/jlmre/create3_ws/install/irobot_create_control/share/irobot_create_control/environment/path.sh
[1.037s] -- Up-to-date: /home/jlmre/create3_ws/install/irobot_create_control/share/irobot_create_control/environment/path.dsv
[1.037s] -- Up-to-date: /home/jlmre/create3_ws/install/irobot_create_control/share/irobot_create_control/local_setup.bash
[1.037s] -- Up-to-date: /home/jlmre/create3_ws/install/irobot_create_control/share/irobot_create_control/local_setup.sh
[1.038s] -- Up-to-date: /home/jlmre/create3_ws/install/irobot_create_control/share/irobot_create_control/local_setup.zsh
[1.038s] -- Up-to-date: /home/jlmre/create3_ws/install/irobot_create_control/share/irobot_create_control/local_setup.dsv
[1.038s] -- Installing: /home/jlmre/create3_ws/install/irobot_create_control/share/irobot_create_control/package.dsv
[1.038s] -- Up-to-date: /home/jlmre/create3_ws/install/irobot_create_control/share/ament_index/resource_index/packages/irobot_create_control
[1.038s] -- Up-to-date: /home/jlmre/create3_ws/install/irobot_create_control/share/irobot_create_control/cmake/irobot_create_controlConfig.cmake
[1.039s] -- Up-to-date: /home/jlmre/create3_ws/install/irobot_create_control/share/irobot_create_control/cmake/irobot_create_controlConfig-version.cmake
[1.039s] -- Up-to-date: /home/jlmre/create3_ws/install/irobot_create_control/share/irobot_create_control/package.xml
[1.067s] Invoked command in '/home/jlmre/create3_ws/build/irobot_create_control' returned '0': CMAKE_PREFIX_PATH=/opt/ros/humble /usr/bin/cmake --install /home/jlmre/create3_ws/build/irobot_create_control
