[1.341s] Invoking command in '/home/jlmre/create3_ws/src/ez_nav': PYTHONPATH=/home/jlmre/create3_ws/build/ez_nav/prefix_override:/usr/lib/python3/dist-packages/colcon_core/task/python/colcon_distutils_commands:/home/jlmre/create3_ws/install/ez_nav/lib/python3.10/site-packages:${PYTHONPATH} /usr/bin/python3 -W ignore:setup.py install is deprecated -W ignore:easy_install command is deprecated setup.py egg_info --egg-base ../../build/ez_nav build --build-base /home/jlmre/create3_ws/build/ez_nav/build install --record /home/jlmre/create3_ws/build/ez_nav/install.log --single-version-externally-managed install_data
[1.533s] running egg_info
[1.533s] creating ../../build/ez_nav/ez_nav.egg-info
[1.533s] writing ../../build/ez_nav/ez_nav.egg-info/PKG-INFO
[1.534s] writing dependency_links to ../../build/ez_nav/ez_nav.egg-info/dependency_links.txt
[1.534s] writing entry points to ../../build/ez_nav/ez_nav.egg-info/entry_points.txt
[1.534s] writing requirements to ../../build/ez_nav/ez_nav.egg-info/requires.txt
[1.534s] writing top-level names to ../../build/ez_nav/ez_nav.egg-info/top_level.txt
[1.534s] writing manifest file '../../build/ez_nav/ez_nav.egg-info/SOURCES.txt'
[1.535s] reading manifest file '../../build/ez_nav/ez_nav.egg-info/SOURCES.txt'
[1.536s] writing manifest file '../../build/ez_nav/ez_nav.egg-info/SOURCES.txt'
[1.536s] running build
[1.536s] running build_py
[1.536s] creating /home/jlmre/create3_ws/build/ez_nav/build
[1.536s] creating /home/jlmre/create3_ws/build/ez_nav/build/lib
[1.536s] creating /home/jlmre/create3_ws/build/ez_nav/build/lib/ez_nav
[1.536s] copying ez_nav/__init__.py -> /home/jlmre/create3_ws/build/ez_nav/build/lib/ez_nav
[1.536s] copying ez_nav/wf_nav.py -> /home/jlmre/create3_ws/build/ez_nav/build/lib/ez_nav
[1.536s] running install
[1.537s] running install_lib
[1.537s] creating /home/jlmre/create3_ws/install/ez_nav/lib/python3.10/site-packages/ez_nav
[1.537s] copying /home/jlmre/create3_ws/build/ez_nav/build/lib/ez_nav/__init__.py -> /home/jlmre/create3_ws/install/ez_nav/lib/python3.10/site-packages/ez_nav
[1.537s] copying /home/jlmre/create3_ws/build/ez_nav/build/lib/ez_nav/wf_nav.py -> /home/jlmre/create3_ws/install/ez_nav/lib/python3.10/site-packages/ez_nav
[1.538s] byte-compiling /home/jlmre/create3_ws/install/ez_nav/lib/python3.10/site-packages/ez_nav/__init__.py to __init__.cpython-310.pyc
[1.538s] byte-compiling /home/jlmre/create3_ws/install/ez_nav/lib/python3.10/site-packages/ez_nav/wf_nav.py to wf_nav.cpython-310.pyc
[1.539s] running install_data
[1.539s] creating /home/jlmre/create3_ws/install/ez_nav/share/ament_index
[1.539s] creating /home/jlmre/create3_ws/install/ez_nav/share/ament_index/resource_index
[1.539s] creating /home/jlmre/create3_ws/install/ez_nav/share/ament_index/resource_index/packages
[1.539s] copying resource/ez_nav -> /home/jlmre/create3_ws/install/ez_nav/share/ament_index/resource_index/packages
[1.539s] copying package.xml -> /home/jlmre/create3_ws/install/ez_nav/share/ez_nav
[1.539s] running install_egg_info
[1.541s] Copying ../../build/ez_nav/ez_nav.egg-info to /home/jlmre/create3_ws/install/ez_nav/lib/python3.10/site-packages/ez_nav-0.0.0-py3.10.egg-info
[1.541s] running install_scripts
[1.559s] Installing wf_nav script to /home/jlmre/create3_ws/install/ez_nav/lib/ez_nav
[1.559s] writing list of installed files to '/home/jlmre/create3_ws/build/ez_nav/install.log'
[1.589s] Invoked command in '/home/jlmre/create3_ws/src/ez_nav' returned '0': PYTHONPATH=/home/jlmre/create3_ws/build/ez_nav/prefix_override:/usr/lib/python3/dist-packages/colcon_core/task/python/colcon_distutils_commands:/home/jlmre/create3_ws/install/ez_nav/lib/python3.10/site-packages:${PYTHONPATH} /usr/bin/python3 -W ignore:setup.py install is deprecated -W ignore:easy_install command is deprecated setup.py egg_info --egg-base ../../build/ez_nav build --build-base /home/jlmre/create3_ws/build/ez_nav/build install --record /home/jlmre/create3_ws/build/ez_nav/install.log --single-version-externally-managed install_data
