[1.235s] Invoking command in '/home/jlmre/create3_ws/src/ez_nav': PYTHONPATH=/home/jlmre/create3_ws/build/ez_nav/prefix_override:/usr/lib/python3/dist-packages/colcon_core/task/python/colcon_distutils_commands:/home/jlmre/create3_ws/install/ez_nav/lib/python3.10/site-packages:${PYTHONPATH} /usr/bin/python3 -W ignore:setup.py install is deprecated -W ignore:easy_install command is deprecated setup.py egg_info --egg-base ../../build/ez_nav build --build-base /home/jlmre/create3_ws/build/ez_nav/build install --record /home/jlmre/create3_ws/build/ez_nav/install.log --single-version-externally-managed install_data
[1.380s] running egg_info
[1.381s] writing ../../build/ez_nav/ez_nav.egg-info/PKG-INFO
[1.381s] writing dependency_links to ../../build/ez_nav/ez_nav.egg-info/dependency_links.txt
[1.381s] writing entry points to ../../build/ez_nav/ez_nav.egg-info/entry_points.txt
[1.381s] writing requirements to ../../build/ez_nav/ez_nav.egg-info/requires.txt
[1.381s] writing top-level names to ../../build/ez_nav/ez_nav.egg-info/top_level.txt
[1.382s] reading manifest file '../../build/ez_nav/ez_nav.egg-info/SOURCES.txt'
[1.383s] writing manifest file '../../build/ez_nav/ez_nav.egg-info/SOURCES.txt'
[1.383s] running build
[1.383s] running build_py
[1.383s] copying ez_nav/wf_nav.py -> /home/jlmre/create3_ws/build/ez_nav/build/lib/ez_nav
[1.383s] running install
[1.383s] running install_lib
[1.384s] copying /home/jlmre/create3_ws/build/ez_nav/build/lib/ez_nav/wf_nav.py -> /home/jlmre/create3_ws/install/ez_nav/lib/python3.10/site-packages/ez_nav
[1.384s] byte-compiling /home/jlmre/create3_ws/install/ez_nav/lib/python3.10/site-packages/ez_nav/wf_nav.py to wf_nav.cpython-310.pyc
[1.385s] running install_data
[1.385s] running install_egg_info
[1.386s] removing '/home/jlmre/create3_ws/install/ez_nav/lib/python3.10/site-packages/ez_nav-0.0.0-py3.10.egg-info' (and everything under it)
[1.387s] Copying ../../build/ez_nav/ez_nav.egg-info to /home/jlmre/create3_ws/install/ez_nav/lib/python3.10/site-packages/ez_nav-0.0.0-py3.10.egg-info
[1.387s] running install_scripts
[1.400s] Installing wf_nav script to /home/jlmre/create3_ws/install/ez_nav/lib/ez_nav
[1.401s] writing list of installed files to '/home/jlmre/create3_ws/build/ez_nav/install.log'
[1.435s] Invoked command in '/home/jlmre/create3_ws/src/ez_nav' returned '0': PYTHONPATH=/home/jlmre/create3_ws/build/ez_nav/prefix_override:/usr/lib/python3/dist-packages/colcon_core/task/python/colcon_distutils_commands:/home/jlmre/create3_ws/install/ez_nav/lib/python3.10/site-packages:${PYTHONPATH} /usr/bin/python3 -W ignore:setup.py install is deprecated -W ignore:easy_install command is deprecated setup.py egg_info --egg-base ../../build/ez_nav build --build-base /home/jlmre/create3_ws/build/ez_nav/build install --record /home/jlmre/create3_ws/build/ez_nav/install.log --single-version-externally-managed install_data
