[0.057s] DEBUG:colcon:Command line arguments: ['/usr/bin/colcon', 'build']
[0.057s] DEBUG:colcon:Parsed command line arguments: Namespace(log_base=None, log_level=None, verb_name='build', build_base='build', install_base='install', merge_install=False, symlink_install=False, test_result_base=None, continue_on_error=False, executor='parallel', parallel_workers=16, event_handlers=None, ignore_user_meta=False, metas=['./colcon.meta'], base_paths=['.'], packages_ignore=None, packages_ignore_regex=None, paths=None, packages_up_to=None, packages_up_to_regex=None, packages_above=None, packages_above_and_dependencies=None, packages_above_depth=None, packages_select_by_dep=None, packages_skip_by_dep=None, packages_skip_up_to=None, packages_select_build_failed=False, packages_skip_build_finished=False, packages_select_test_failures=False, packages_skip_test_passed=False, packages_select=None, packages_skip=None, packages_select_regex=None, packages_skip_regex=None, packages_start=None, packages_end=None, allow_overriding=[], cmake_args=None, cmake_target=None, cmake_target_skip_unavailable=False, cmake_clean_cache=False, cmake_clean_first=False, cmake_force_configure=False, ament_cmake_args=None, catkin_cmake_args=None, catkin_skip_building_tests=False, verb_parser=<colcon_defaults.argument_parser.defaults.DefaultArgumentsDecorator object at 0x7e9197658520>, verb_extension=<colcon_core.verb.build.BuildVerb object at 0x7e91977d5b10>, main=<bound method BuildVerb.main of <colcon_core.verb.build.BuildVerb object at 0x7e91977d5b10>>)
[0.149s] Level 1:colcon.colcon_core.package_discovery:discover_packages(colcon_meta) check parameters
[0.149s] Level 1:colcon.colcon_core.package_discovery:discover_packages(recursive) check parameters
[0.149s] Level 1:colcon.colcon_core.package_discovery:discover_packages(ignore) check parameters
[0.149s] Level 1:colcon.colcon_core.package_discovery:discover_packages(path) check parameters
[0.149s] Level 1:colcon.colcon_core.package_discovery:discover_packages(colcon_meta) discover
[0.149s] Level 1:colcon.colcon_core.package_discovery:discover_packages(recursive) discover
[0.149s] INFO:colcon.colcon_core.package_discovery:Crawling recursively for packages in '/home/jlmre/Proyectos_Robotica/create3_ws'
[0.149s] Level 1:colcon.colcon_core.package_identification:_identify(.) by extensions ['ignore', 'ignore_ament_install']
[0.149s] Level 1:colcon.colcon_core.package_identification:_identify(.) by extension 'ignore'
[0.149s] Level 1:colcon.colcon_core.package_identification:_identify(.) by extension 'ignore_ament_install'
[0.149s] Level 1:colcon.colcon_core.package_identification:_identify(.) by extensions ['colcon_pkg']
[0.149s] Level 1:colcon.colcon_core.package_identification:_identify(.) by extension 'colcon_pkg'
[0.149s] Level 1:colcon.colcon_core.package_identification:_identify(.) by extensions ['colcon_meta']
[0.149s] Level 1:colcon.colcon_core.package_identification:_identify(.) by extension 'colcon_meta'
[0.149s] Level 1:colcon.colcon_core.package_identification:_identify(.) by extensions ['ros']
[0.149s] Level 1:colcon.colcon_core.package_identification:_identify(.) by extension 'ros'
[0.155s] Level 1:colcon.colcon_core.package_identification:_identify(.) by extensions ['cmake', 'python']
[0.155s] Level 1:colcon.colcon_core.package_identification:_identify(.) by extension 'cmake'
[0.155s] Level 1:colcon.colcon_core.package_identification:_identify(.) by extension 'python'
[0.155s] Level 1:colcon.colcon_core.package_identification:_identify(.) by extensions ['python_setup_py']
[0.155s] Level 1:colcon.colcon_core.package_identification:_identify(.) by extension 'python_setup_py'
[0.155s] Level 1:colcon.colcon_core.package_identification:_identify(build) by extensions ['ignore', 'ignore_ament_install']
[0.155s] Level 1:colcon.colcon_core.package_identification:_identify(build) by extension 'ignore'
[0.155s] Level 1:colcon.colcon_core.package_identification:_identify(build) ignored
[0.155s] Level 1:colcon.colcon_core.package_identification:_identify(install) by extensions ['ignore', 'ignore_ament_install']
[0.155s] Level 1:colcon.colcon_core.package_identification:_identify(install) by extension 'ignore'
[0.155s] Level 1:colcon.colcon_core.package_identification:_identify(install) ignored
[0.155s] Level 1:colcon.colcon_core.package_identification:_identify(log) by extensions ['ignore', 'ignore_ament_install']
[0.155s] Level 1:colcon.colcon_core.package_identification:_identify(log) by extension 'ignore'
[0.155s] Level 1:colcon.colcon_core.package_identification:_identify(log) ignored
[0.155s] Level 1:colcon.colcon_core.package_identification:_identify(src) by extensions ['ignore', 'ignore_ament_install']
[0.156s] Level 1:colcon.colcon_core.package_identification:_identify(src) by extension 'ignore'
[0.156s] Level 1:colcon.colcon_core.package_identification:_identify(src) by extension 'ignore_ament_install'
[0.156s] Level 1:colcon.colcon_core.package_identification:_identify(src) by extensions ['colcon_pkg']
[0.156s] Level 1:colcon.colcon_core.package_identification:_identify(src) by extension 'colcon_pkg'
[0.156s] Level 1:colcon.colcon_core.package_identification:_identify(src) by extensions ['colcon_meta']
[0.156s] Level 1:colcon.colcon_core.package_identification:_identify(src) by extension 'colcon_meta'
[0.156s] Level 1:colcon.colcon_core.package_identification:_identify(src) by extensions ['ros']
[0.156s] Level 1:colcon.colcon_core.package_identification:_identify(src) by extension 'ros'
[0.156s] Level 1:colcon.colcon_core.package_identification:_identify(src) by extensions ['cmake', 'python']
[0.156s] Level 1:colcon.colcon_core.package_identification:_identify(src) by extension 'cmake'
[0.156s] Level 1:colcon.colcon_core.package_identification:_identify(src) by extension 'python'
[0.156s] Level 1:colcon.colcon_core.package_identification:_identify(src) by extensions ['python_setup_py']
[0.156s] Level 1:colcon.colcon_core.package_identification:_identify(src) by extension 'python_setup_py'
[0.156s] Level 1:colcon.colcon_core.package_identification:_identify(src/bringup) by extensions ['ignore', 'ignore_ament_install']
[0.156s] Level 1:colcon.colcon_core.package_identification:_identify(src/bringup) by extension 'ignore'
[0.156s] Level 1:colcon.colcon_core.package_identification:_identify(src/bringup) by extension 'ignore_ament_install'
[0.156s] Level 1:colcon.colcon_core.package_identification:_identify(src/bringup) by extensions ['colcon_pkg']
[0.156s] Level 1:colcon.colcon_core.package_identification:_identify(src/bringup) by extension 'colcon_pkg'
[0.156s] Level 1:colcon.colcon_core.package_identification:_identify(src/bringup) by extensions ['colcon_meta']
[0.156s] Level 1:colcon.colcon_core.package_identification:_identify(src/bringup) by extension 'colcon_meta'
[0.156s] Level 1:colcon.colcon_core.package_identification:_identify(src/bringup) by extensions ['ros']
[0.156s] Level 1:colcon.colcon_core.package_identification:_identify(src/bringup) by extension 'ros'
[0.157s] DEBUG:colcon.colcon_core.package_identification:Package 'src/bringup' with type 'ros.ament_python' and name 'bringup'
[0.157s] Level 1:colcon.colcon_core.package_identification:_identify(src/create3_sim) by extensions ['ignore', 'ignore_ament_install']
[0.157s] Level 1:colcon.colcon_core.package_identification:_identify(src/create3_sim) by extension 'ignore'
[0.157s] Level 1:colcon.colcon_core.package_identification:_identify(src/create3_sim) by extension 'ignore_ament_install'
[0.157s] Level 1:colcon.colcon_core.package_identification:_identify(src/create3_sim) by extensions ['colcon_pkg']
[0.157s] Level 1:colcon.colcon_core.package_identification:_identify(src/create3_sim) by extension 'colcon_pkg'
[0.157s] Level 1:colcon.colcon_core.package_identification:_identify(src/create3_sim) by extensions ['colcon_meta']
[0.157s] Level 1:colcon.colcon_core.package_identification:_identify(src/create3_sim) by extension 'colcon_meta'
[0.157s] Level 1:colcon.colcon_core.package_identification:_identify(src/create3_sim) by extensions ['ros']
[0.157s] Level 1:colcon.colcon_core.package_identification:_identify(src/create3_sim) by extension 'ros'
[0.157s] Level 1:colcon.colcon_core.package_identification:_identify(src/create3_sim) by extensions ['cmake', 'python']
[0.157s] Level 1:colcon.colcon_core.package_identification:_identify(src/create3_sim) by extension 'cmake'
[0.157s] Level 1:colcon.colcon_core.package_identification:_identify(src/create3_sim) by extension 'python'
[0.157s] Level 1:colcon.colcon_core.package_identification:_identify(src/create3_sim) by extensions ['python_setup_py']
[0.157s] Level 1:colcon.colcon_core.package_identification:_identify(src/create3_sim) by extension 'python_setup_py'
[0.157s] Level 1:colcon.colcon_core.package_identification:_identify(src/create3_sim/irobot_create_common) by extensions ['ignore', 'ignore_ament_install']
[0.157s] Level 1:colcon.colcon_core.package_identification:_identify(src/create3_sim/irobot_create_common) by extension 'ignore'
[0.157s] Level 1:colcon.colcon_core.package_identification:_identify(src/create3_sim/irobot_create_common) by extension 'ignore_ament_install'
[0.157s] Level 1:colcon.colcon_core.package_identification:_identify(src/create3_sim/irobot_create_common) by extensions ['colcon_pkg']
[0.157s] Level 1:colcon.colcon_core.package_identification:_identify(src/create3_sim/irobot_create_common) by extension 'colcon_pkg'
[0.157s] Level 1:colcon.colcon_core.package_identification:_identify(src/create3_sim/irobot_create_common) by extensions ['colcon_meta']
[0.157s] Level 1:colcon.colcon_core.package_identification:_identify(src/create3_sim/irobot_create_common) by extension 'colcon_meta'
[0.157s] Level 1:colcon.colcon_core.package_identification:_identify(src/create3_sim/irobot_create_common) by extensions ['ros']
[0.157s] Level 1:colcon.colcon_core.package_identification:_identify(src/create3_sim/irobot_create_common) by extension 'ros'
[0.158s] Level 1:colcon.colcon_core.package_identification:_identify(src/create3_sim/irobot_create_common) by extensions ['cmake', 'python']
[0.158s] Level 1:colcon.colcon_core.package_identification:_identify(src/create3_sim/irobot_create_common) by extension 'cmake'
[0.158s] Level 1:colcon.colcon_core.package_identification:_identify(src/create3_sim/irobot_create_common) by extension 'python'
[0.158s] Level 1:colcon.colcon_core.package_identification:_identify(src/create3_sim/irobot_create_common) by extensions ['python_setup_py']
[0.158s] Level 1:colcon.colcon_core.package_identification:_identify(src/create3_sim/irobot_create_common) by extension 'python_setup_py'
[0.158s] Level 1:colcon.colcon_core.package_identification:_identify(src/create3_sim/irobot_create_common/irobot_create_common_bringup) by extensions ['ignore', 'ignore_ament_install']
[0.158s] Level 1:colcon.colcon_core.package_identification:_identify(src/create3_sim/irobot_create_common/irobot_create_common_bringup) by extension 'ignore'
[0.158s] Level 1:colcon.colcon_core.package_identification:_identify(src/create3_sim/irobot_create_common/irobot_create_common_bringup) by extension 'ignore_ament_install'
[0.158s] Level 1:colcon.colcon_core.package_identification:_identify(src/create3_sim/irobot_create_common/irobot_create_common_bringup) by extensions ['colcon_pkg']
[0.158s] Level 1:colcon.colcon_core.package_identification:_identify(src/create3_sim/irobot_create_common/irobot_create_common_bringup) by extension 'colcon_pkg'
[0.158s] Level 1:colcon.colcon_core.package_identification:_identify(src/create3_sim/irobot_create_common/irobot_create_common_bringup) by extensions ['colcon_meta']
[0.158s] Level 1:colcon.colcon_core.package_identification:_identify(src/create3_sim/irobot_create_common/irobot_create_common_bringup) by extension 'colcon_meta'
[0.158s] Level 1:colcon.colcon_core.package_identification:_identify(src/create3_sim/irobot_create_common/irobot_create_common_bringup) by extensions ['ros']
[0.158s] Level 1:colcon.colcon_core.package_identification:_identify(src/create3_sim/irobot_create_common/irobot_create_common_bringup) by extension 'ros'
[0.158s] DEBUG:colcon.colcon_core.package_identification:Package 'src/create3_sim/irobot_create_common/irobot_create_common_bringup' with type 'ros.ament_cmake' and name 'irobot_create_common_bringup'
[0.158s] Level 1:colcon.colcon_core.package_identification:_identify(src/create3_sim/irobot_create_common/irobot_create_control) by extensions ['ignore', 'ignore_ament_install']
[0.158s] Level 1:colcon.colcon_core.package_identification:_identify(src/create3_sim/irobot_create_common/irobot_create_control) by extension 'ignore'
[0.158s] Level 1:colcon.colcon_core.package_identification:_identify(src/create3_sim/irobot_create_common/irobot_create_control) by extension 'ignore_ament_install'
[0.158s] Level 1:colcon.colcon_core.package_identification:_identify(src/create3_sim/irobot_create_common/irobot_create_control) by extensions ['colcon_pkg']
[0.158s] Level 1:colcon.colcon_core.package_identification:_identify(src/create3_sim/irobot_create_common/irobot_create_control) by extension 'colcon_pkg'
[0.158s] Level 1:colcon.colcon_core.package_identification:_identify(src/create3_sim/irobot_create_common/irobot_create_control) by extensions ['colcon_meta']
[0.158s] Level 1:colcon.colcon_core.package_identification:_identify(src/create3_sim/irobot_create_common/irobot_create_control) by extension 'colcon_meta'
[0.158s] Level 1:colcon.colcon_core.package_identification:_identify(src/create3_sim/irobot_create_common/irobot_create_control) by extensions ['ros']
[0.158s] Level 1:colcon.colcon_core.package_identification:_identify(src/create3_sim/irobot_create_common/irobot_create_control) by extension 'ros'
[0.159s] DEBUG:colcon.colcon_core.package_identification:Package 'src/create3_sim/irobot_create_common/irobot_create_control' with type 'ros.ament_cmake' and name 'irobot_create_control'
[0.159s] Level 1:colcon.colcon_core.package_identification:_identify(src/create3_sim/irobot_create_common/irobot_create_description) by extensions ['ignore', 'ignore_ament_install']
[0.159s] Level 1:colcon.colcon_core.package_identification:_identify(src/create3_sim/irobot_create_common/irobot_create_description) by extension 'ignore'
[0.159s] Level 1:colcon.colcon_core.package_identification:_identify(src/create3_sim/irobot_create_common/irobot_create_description) by extension 'ignore_ament_install'
[0.159s] Level 1:colcon.colcon_core.package_identification:_identify(src/create3_sim/irobot_create_common/irobot_create_description) by extensions ['colcon_pkg']
[0.159s] Level 1:colcon.colcon_core.package_identification:_identify(src/create3_sim/irobot_create_common/irobot_create_description) by extension 'colcon_pkg'
[0.159s] Level 1:colcon.colcon_core.package_identification:_identify(src/create3_sim/irobot_create_common/irobot_create_description) by extensions ['colcon_meta']
[0.159s] Level 1:colcon.colcon_core.package_identification:_identify(src/create3_sim/irobot_create_common/irobot_create_description) by extension 'colcon_meta'
[0.159s] Level 1:colcon.colcon_core.package_identification:_identify(src/create3_sim/irobot_create_common/irobot_create_description) by extensions ['ros']
[0.159s] Level 1:colcon.colcon_core.package_identification:_identify(src/create3_sim/irobot_create_common/irobot_create_description) by extension 'ros'
[0.159s] DEBUG:colcon.colcon_core.package_identification:Package 'src/create3_sim/irobot_create_common/irobot_create_description' with type 'ros.ament_cmake' and name 'irobot_create_description'
[0.159s] Level 1:colcon.colcon_core.package_identification:_identify(src/create3_sim/irobot_create_common/irobot_create_nodes) by extensions ['ignore', 'ignore_ament_install']
[0.159s] Level 1:colcon.colcon_core.package_identification:_identify(src/create3_sim/irobot_create_common/irobot_create_nodes) by extension 'ignore'
[0.159s] Level 1:colcon.colcon_core.package_identification:_identify(src/create3_sim/irobot_create_common/irobot_create_nodes) by extension 'ignore_ament_install'
[0.159s] Level 1:colcon.colcon_core.package_identification:_identify(src/create3_sim/irobot_create_common/irobot_create_nodes) by extensions ['colcon_pkg']
[0.159s] Level 1:colcon.colcon_core.package_identification:_identify(src/create3_sim/irobot_create_common/irobot_create_nodes) by extension 'colcon_pkg'
[0.159s] Level 1:colcon.colcon_core.package_identification:_identify(src/create3_sim/irobot_create_common/irobot_create_nodes) by extensions ['colcon_meta']
[0.159s] Level 1:colcon.colcon_core.package_identification:_identify(src/create3_sim/irobot_create_common/irobot_create_nodes) by extension 'colcon_meta'
[0.159s] Level 1:colcon.colcon_core.package_identification:_identify(src/create3_sim/irobot_create_common/irobot_create_nodes) by extensions ['ros']
[0.159s] Level 1:colcon.colcon_core.package_identification:_identify(src/create3_sim/irobot_create_common/irobot_create_nodes) by extension 'ros'
[0.160s] DEBUG:colcon.colcon_core.package_identification:Package 'src/create3_sim/irobot_create_common/irobot_create_nodes' with type 'ros.ament_cmake' and name 'irobot_create_nodes'
[0.160s] Level 1:colcon.colcon_core.package_identification:_identify(src/create3_sim/irobot_create_common/irobot_create_toolbox) by extensions ['ignore', 'ignore_ament_install']
[0.160s] Level 1:colcon.colcon_core.package_identification:_identify(src/create3_sim/irobot_create_common/irobot_create_toolbox) by extension 'ignore'
[0.160s] Level 1:colcon.colcon_core.package_identification:_identify(src/create3_sim/irobot_create_common/irobot_create_toolbox) by extension 'ignore_ament_install'
[0.160s] Level 1:colcon.colcon_core.package_identification:_identify(src/create3_sim/irobot_create_common/irobot_create_toolbox) by extensions ['colcon_pkg']
[0.160s] Level 1:colcon.colcon_core.package_identification:_identify(src/create3_sim/irobot_create_common/irobot_create_toolbox) by extension 'colcon_pkg'
[0.160s] Level 1:colcon.colcon_core.package_identification:_identify(src/create3_sim/irobot_create_common/irobot_create_toolbox) by extensions ['colcon_meta']
[0.160s] Level 1:colcon.colcon_core.package_identification:_identify(src/create3_sim/irobot_create_common/irobot_create_toolbox) by extension 'colcon_meta'
[0.160s] Level 1:colcon.colcon_core.package_identification:_identify(src/create3_sim/irobot_create_common/irobot_create_toolbox) by extensions ['ros']
[0.160s] Level 1:colcon.colcon_core.package_identification:_identify(src/create3_sim/irobot_create_common/irobot_create_toolbox) by extension 'ros'
[0.161s] DEBUG:colcon.colcon_core.package_identification:Package 'src/create3_sim/irobot_create_common/irobot_create_toolbox' with type 'ros.ament_cmake' and name 'irobot_create_toolbox'
[0.161s] Level 1:colcon.colcon_core.package_identification:_identify(src/create3_sim/irobot_create_gazebo) by extensions ['ignore', 'ignore_ament_install']
[0.161s] Level 1:colcon.colcon_core.package_identification:_identify(src/create3_sim/irobot_create_gazebo) by extension 'ignore'
[0.161s] Level 1:colcon.colcon_core.package_identification:_identify(src/create3_sim/irobot_create_gazebo) by extension 'ignore_ament_install'
[0.161s] Level 1:colcon.colcon_core.package_identification:_identify(src/create3_sim/irobot_create_gazebo) by extensions ['colcon_pkg']
[0.161s] Level 1:colcon.colcon_core.package_identification:_identify(src/create3_sim/irobot_create_gazebo) by extension 'colcon_pkg'
[0.161s] Level 1:colcon.colcon_core.package_identification:_identify(src/create3_sim/irobot_create_gazebo) by extensions ['colcon_meta']
[0.161s] Level 1:colcon.colcon_core.package_identification:_identify(src/create3_sim/irobot_create_gazebo) by extension 'colcon_meta'
[0.161s] Level 1:colcon.colcon_core.package_identification:_identify(src/create3_sim/irobot_create_gazebo) by extensions ['ros']
[0.161s] Level 1:colcon.colcon_core.package_identification:_identify(src/create3_sim/irobot_create_gazebo) by extension 'ros'
[0.161s] Level 1:colcon.colcon_core.package_identification:_identify(src/create3_sim/irobot_create_gazebo) by extensions ['cmake', 'python']
[0.161s] Level 1:colcon.colcon_core.package_identification:_identify(src/create3_sim/irobot_create_gazebo) by extension 'cmake'
[0.161s] Level 1:colcon.colcon_core.package_identification:_identify(src/create3_sim/irobot_create_gazebo) by extension 'python'
[0.161s] Level 1:colcon.colcon_core.package_identification:_identify(src/create3_sim/irobot_create_gazebo) by extensions ['python_setup_py']
[0.161s] Level 1:colcon.colcon_core.package_identification:_identify(src/create3_sim/irobot_create_gazebo) by extension 'python_setup_py'
[0.161s] Level 1:colcon.colcon_core.package_identification:_identify(src/create3_sim/irobot_create_gazebo/irobot_create_gazebo_bringup) by extensions ['ignore', 'ignore_ament_install']
[0.161s] Level 1:colcon.colcon_core.package_identification:_identify(src/create3_sim/irobot_create_gazebo/irobot_create_gazebo_bringup) by extension 'ignore'
[0.161s] Level 1:colcon.colcon_core.package_identification:_identify(src/create3_sim/irobot_create_gazebo/irobot_create_gazebo_bringup) by extension 'ignore_ament_install'
[0.161s] Level 1:colcon.colcon_core.package_identification:_identify(src/create3_sim/irobot_create_gazebo/irobot_create_gazebo_bringup) by extensions ['colcon_pkg']
[0.161s] Level 1:colcon.colcon_core.package_identification:_identify(src/create3_sim/irobot_create_gazebo/irobot_create_gazebo_bringup) by extension 'colcon_pkg'
[0.161s] Level 1:colcon.colcon_core.package_identification:_identify(src/create3_sim/irobot_create_gazebo/irobot_create_gazebo_bringup) by extensions ['colcon_meta']
[0.161s] Level 1:colcon.colcon_core.package_identification:_identify(src/create3_sim/irobot_create_gazebo/irobot_create_gazebo_bringup) by extension 'colcon_meta'
[0.161s] Level 1:colcon.colcon_core.package_identification:_identify(src/create3_sim/irobot_create_gazebo/irobot_create_gazebo_bringup) by extensions ['ros']
[0.161s] Level 1:colcon.colcon_core.package_identification:_identify(src/create3_sim/irobot_create_gazebo/irobot_create_gazebo_bringup) by extension 'ros'
[0.162s] DEBUG:colcon.colcon_core.package_identification:Package 'src/create3_sim/irobot_create_gazebo/irobot_create_gazebo_bringup' with type 'ros.ament_cmake' and name 'irobot_create_gazebo_bringup'
[0.162s] Level 1:colcon.colcon_core.package_identification:_identify(src/create3_sim/irobot_create_gazebo/irobot_create_gazebo_plugins) by extensions ['ignore', 'ignore_ament_install']
[0.162s] Level 1:colcon.colcon_core.package_identification:_identify(src/create3_sim/irobot_create_gazebo/irobot_create_gazebo_plugins) by extension 'ignore'
[0.162s] Level 1:colcon.colcon_core.package_identification:_identify(src/create3_sim/irobot_create_gazebo/irobot_create_gazebo_plugins) by extension 'ignore_ament_install'
[0.162s] Level 1:colcon.colcon_core.package_identification:_identify(src/create3_sim/irobot_create_gazebo/irobot_create_gazebo_plugins) by extensions ['colcon_pkg']
[0.162s] Level 1:colcon.colcon_core.package_identification:_identify(src/create3_sim/irobot_create_gazebo/irobot_create_gazebo_plugins) by extension 'colcon_pkg'
[0.162s] Level 1:colcon.colcon_core.package_identification:_identify(src/create3_sim/irobot_create_gazebo/irobot_create_gazebo_plugins) by extensions ['colcon_meta']
[0.162s] Level 1:colcon.colcon_core.package_identification:_identify(src/create3_sim/irobot_create_gazebo/irobot_create_gazebo_plugins) by extension 'colcon_meta'
[0.162s] Level 1:colcon.colcon_core.package_identification:_identify(src/create3_sim/irobot_create_gazebo/irobot_create_gazebo_plugins) by extensions ['ros']
[0.162s] Level 1:colcon.colcon_core.package_identification:_identify(src/create3_sim/irobot_create_gazebo/irobot_create_gazebo_plugins) by extension 'ros'
[0.163s] DEBUG:colcon.colcon_core.package_identification:Package 'src/create3_sim/irobot_create_gazebo/irobot_create_gazebo_plugins' with type 'ros.ament_cmake' and name 'irobot_create_gazebo_plugins'
[0.163s] Level 1:colcon.colcon_core.package_identification:_identify(src/create3_sim/irobot_create_gazebo/irobot_create_gazebo_sim) by extensions ['ignore', 'ignore_ament_install']
[0.163s] Level 1:colcon.colcon_core.package_identification:_identify(src/create3_sim/irobot_create_gazebo/irobot_create_gazebo_sim) by extension 'ignore'
[0.163s] Level 1:colcon.colcon_core.package_identification:_identify(src/create3_sim/irobot_create_gazebo/irobot_create_gazebo_sim) by extension 'ignore_ament_install'
[0.163s] Level 1:colcon.colcon_core.package_identification:_identify(src/create3_sim/irobot_create_gazebo/irobot_create_gazebo_sim) by extensions ['colcon_pkg']
[0.163s] Level 1:colcon.colcon_core.package_identification:_identify(src/create3_sim/irobot_create_gazebo/irobot_create_gazebo_sim) by extension 'colcon_pkg'
[0.163s] Level 1:colcon.colcon_core.package_identification:_identify(src/create3_sim/irobot_create_gazebo/irobot_create_gazebo_sim) by extensions ['colcon_meta']
[0.163s] Level 1:colcon.colcon_core.package_identification:_identify(src/create3_sim/irobot_create_gazebo/irobot_create_gazebo_sim) by extension 'colcon_meta'
[0.163s] Level 1:colcon.colcon_core.package_identification:_identify(src/create3_sim/irobot_create_gazebo/irobot_create_gazebo_sim) by extensions ['ros']
[0.163s] Level 1:colcon.colcon_core.package_identification:_identify(src/create3_sim/irobot_create_gazebo/irobot_create_gazebo_sim) by extension 'ros'
[0.163s] DEBUG:colcon.colcon_core.package_identification:Package 'src/create3_sim/irobot_create_gazebo/irobot_create_gazebo_sim' with type 'ros.ament_cmake' and name 'irobot_create_gazebo_sim'
[0.163s] Level 1:colcon.colcon_core.package_identification:_identify(src/create3_sim/irobot_create_ignition) by extensions ['ignore', 'ignore_ament_install']
[0.163s] Level 1:colcon.colcon_core.package_identification:_identify(src/create3_sim/irobot_create_ignition) by extension 'ignore'
[0.163s] Level 1:colcon.colcon_core.package_identification:_identify(src/create3_sim/irobot_create_ignition) by extension 'ignore_ament_install'
[0.164s] Level 1:colcon.colcon_core.package_identification:_identify(src/create3_sim/irobot_create_ignition) by extensions ['colcon_pkg']
[0.164s] Level 1:colcon.colcon_core.package_identification:_identify(src/create3_sim/irobot_create_ignition) by extension 'colcon_pkg'
[0.164s] Level 1:colcon.colcon_core.package_identification:_identify(src/create3_sim/irobot_create_ignition) by extensions ['colcon_meta']
[0.164s] Level 1:colcon.colcon_core.package_identification:_identify(src/create3_sim/irobot_create_ignition) by extension 'colcon_meta'
[0.164s] Level 1:colcon.colcon_core.package_identification:_identify(src/create3_sim/irobot_create_ignition) by extensions ['ros']
[0.164s] Level 1:colcon.colcon_core.package_identification:_identify(src/create3_sim/irobot_create_ignition) by extension 'ros'
[0.164s] Level 1:colcon.colcon_core.package_identification:_identify(src/create3_sim/irobot_create_ignition) by extensions ['cmake', 'python']
[0.164s] Level 1:colcon.colcon_core.package_identification:_identify(src/create3_sim/irobot_create_ignition) by extension 'cmake'
[0.164s] Level 1:colcon.colcon_core.package_identification:_identify(src/create3_sim/irobot_create_ignition) by extension 'python'
[0.164s] Level 1:colcon.colcon_core.package_identification:_identify(src/create3_sim/irobot_create_ignition) by extensions ['python_setup_py']
[0.164s] Level 1:colcon.colcon_core.package_identification:_identify(src/create3_sim/irobot_create_ignition) by extension 'python_setup_py'
[0.164s] Level 1:colcon.colcon_core.package_identification:_identify(src/create3_sim/irobot_create_ignition/irobot_create_ignition_bringup) by extensions ['ignore', 'ignore_ament_install']
[0.164s] Level 1:colcon.colcon_core.package_identification:_identify(src/create3_sim/irobot_create_ignition/irobot_create_ignition_bringup) by extension 'ignore'
[0.164s] Level 1:colcon.colcon_core.package_identification:_identify(src/create3_sim/irobot_create_ignition/irobot_create_ignition_bringup) by extension 'ignore_ament_install'
[0.164s] Level 1:colcon.colcon_core.package_identification:_identify(src/create3_sim/irobot_create_ignition/irobot_create_ignition_bringup) by extensions ['colcon_pkg']
[0.164s] Level 1:colcon.colcon_core.package_identification:_identify(src/create3_sim/irobot_create_ignition/irobot_create_ignition_bringup) by extension 'colcon_pkg'
[0.164s] Level 1:colcon.colcon_core.package_identification:_identify(src/create3_sim/irobot_create_ignition/irobot_create_ignition_bringup) by extensions ['colcon_meta']
[0.164s] Level 1:colcon.colcon_core.package_identification:_identify(src/create3_sim/irobot_create_ignition/irobot_create_ignition_bringup) by extension 'colcon_meta'
[0.164s] Level 1:colcon.colcon_core.package_identification:_identify(src/create3_sim/irobot_create_ignition/irobot_create_ignition_bringup) by extensions ['ros']
[0.164s] Level 1:colcon.colcon_core.package_identification:_identify(src/create3_sim/irobot_create_ignition/irobot_create_ignition_bringup) by extension 'ros'
[0.173s] DEBUG:colcon.colcon_core.package_identification:Package 'src/create3_sim/irobot_create_ignition/irobot_create_ignition_bringup' with type 'ros.ament_cmake' and name 'irobot_create_ignition_bringup'
[0.173s] Level 1:colcon.colcon_core.package_identification:_identify(src/create3_sim/irobot_create_ignition/irobot_create_ignition_plugins) by extensions ['ignore', 'ignore_ament_install']
[0.173s] Level 1:colcon.colcon_core.package_identification:_identify(src/create3_sim/irobot_create_ignition/irobot_create_ignition_plugins) by extension 'ignore'
[0.173s] Level 1:colcon.colcon_core.package_identification:_identify(src/create3_sim/irobot_create_ignition/irobot_create_ignition_plugins) by extension 'ignore_ament_install'
[0.173s] Level 1:colcon.colcon_core.package_identification:_identify(src/create3_sim/irobot_create_ignition/irobot_create_ignition_plugins) by extensions ['colcon_pkg']
[0.173s] Level 1:colcon.colcon_core.package_identification:_identify(src/create3_sim/irobot_create_ignition/irobot_create_ignition_plugins) by extension 'colcon_pkg'
[0.173s] Level 1:colcon.colcon_core.package_identification:_identify(src/create3_sim/irobot_create_ignition/irobot_create_ignition_plugins) by extensions ['colcon_meta']
[0.173s] Level 1:colcon.colcon_core.package_identification:_identify(src/create3_sim/irobot_create_ignition/irobot_create_ignition_plugins) by extension 'colcon_meta'
[0.173s] Level 1:colcon.colcon_core.package_identification:_identify(src/create3_sim/irobot_create_ignition/irobot_create_ignition_plugins) by extensions ['ros']
[0.173s] Level 1:colcon.colcon_core.package_identification:_identify(src/create3_sim/irobot_create_ignition/irobot_create_ignition_plugins) by extension 'ros'
[0.173s] DEBUG:colcon.colcon_core.package_identification:Package 'src/create3_sim/irobot_create_ignition/irobot_create_ignition_plugins' with type 'ros.ament_cmake' and name 'irobot_create_ignition_plugins'
[0.174s] Level 1:colcon.colcon_core.package_identification:_identify(src/create3_sim/irobot_create_ignition/irobot_create_ignition_sim) by extensions ['ignore', 'ignore_ament_install']
[0.174s] Level 1:colcon.colcon_core.package_identification:_identify(src/create3_sim/irobot_create_ignition/irobot_create_ignition_sim) by extension 'ignore'
[0.174s] Level 1:colcon.colcon_core.package_identification:_identify(src/create3_sim/irobot_create_ignition/irobot_create_ignition_sim) by extension 'ignore_ament_install'
[0.174s] Level 1:colcon.colcon_core.package_identification:_identify(src/create3_sim/irobot_create_ignition/irobot_create_ignition_sim) by extensions ['colcon_pkg']
[0.174s] Level 1:colcon.colcon_core.package_identification:_identify(src/create3_sim/irobot_create_ignition/irobot_create_ignition_sim) by extension 'colcon_pkg'
[0.174s] Level 1:colcon.colcon_core.package_identification:_identify(src/create3_sim/irobot_create_ignition/irobot_create_ignition_sim) by extensions ['colcon_meta']
[0.174s] Level 1:colcon.colcon_core.package_identification:_identify(src/create3_sim/irobot_create_ignition/irobot_create_ignition_sim) by extension 'colcon_meta'
[0.174s] Level 1:colcon.colcon_core.package_identification:_identify(src/create3_sim/irobot_create_ignition/irobot_create_ignition_sim) by extensions ['ros']
[0.174s] Level 1:colcon.colcon_core.package_identification:_identify(src/create3_sim/irobot_create_ignition/irobot_create_ignition_sim) by extension 'ros'
[0.174s] DEBUG:colcon.colcon_core.package_identification:Package 'src/create3_sim/irobot_create_ignition/irobot_create_ignition_sim' with type 'ros.ament_cmake' and name 'irobot_create_ignition_sim'
[0.174s] Level 1:colcon.colcon_core.package_identification:_identify(src/create3_sim/irobot_create_ignition/irobot_create_ignition_toolbox) by extensions ['ignore', 'ignore_ament_install']
[0.174s] Level 1:colcon.colcon_core.package_identification:_identify(src/create3_sim/irobot_create_ignition/irobot_create_ignition_toolbox) by extension 'ignore'
[0.174s] Level 1:colcon.colcon_core.package_identification:_identify(src/create3_sim/irobot_create_ignition/irobot_create_ignition_toolbox) by extension 'ignore_ament_install'
[0.174s] Level 1:colcon.colcon_core.package_identification:_identify(src/create3_sim/irobot_create_ignition/irobot_create_ignition_toolbox) by extensions ['colcon_pkg']
[0.174s] Level 1:colcon.colcon_core.package_identification:_identify(src/create3_sim/irobot_create_ignition/irobot_create_ignition_toolbox) by extension 'colcon_pkg'
[0.174s] Level 1:colcon.colcon_core.package_identification:_identify(src/create3_sim/irobot_create_ignition/irobot_create_ignition_toolbox) by extensions ['colcon_meta']
[0.174s] Level 1:colcon.colcon_core.package_identification:_identify(src/create3_sim/irobot_create_ignition/irobot_create_ignition_toolbox) by extension 'colcon_meta'
[0.174s] Level 1:colcon.colcon_core.package_identification:_identify(src/create3_sim/irobot_create_ignition/irobot_create_ignition_toolbox) by extensions ['ros']
[0.174s] Level 1:colcon.colcon_core.package_identification:_identify(src/create3_sim/irobot_create_ignition/irobot_create_ignition_toolbox) by extension 'ros'
[0.175s] DEBUG:colcon.colcon_core.package_identification:Package 'src/create3_sim/irobot_create_ignition/irobot_create_ignition_toolbox' with type 'ros.ament_cmake' and name 'irobot_create_ignition_toolbox'
[0.175s] Level 1:colcon.colcon_core.package_identification:_identify(src/ez_nav) by extensions ['ignore', 'ignore_ament_install']
[0.175s] Level 1:colcon.colcon_core.package_identification:_identify(src/ez_nav) by extension 'ignore'
[0.175s] Level 1:colcon.colcon_core.package_identification:_identify(src/ez_nav) by extension 'ignore_ament_install'
[0.175s] Level 1:colcon.colcon_core.package_identification:_identify(src/ez_nav) by extensions ['colcon_pkg']
[0.175s] Level 1:colcon.colcon_core.package_identification:_identify(src/ez_nav) by extension 'colcon_pkg'
[0.175s] Level 1:colcon.colcon_core.package_identification:_identify(src/ez_nav) by extensions ['colcon_meta']
[0.175s] Level 1:colcon.colcon_core.package_identification:_identify(src/ez_nav) by extension 'colcon_meta'
[0.175s] Level 1:colcon.colcon_core.package_identification:_identify(src/ez_nav) by extensions ['ros']
[0.175s] Level 1:colcon.colcon_core.package_identification:_identify(src/ez_nav) by extension 'ros'
[0.175s] DEBUG:colcon.colcon_core.package_identification:Package 'src/ez_nav' with type 'ros.ament_python' and name 'ez_nav'
[0.175s] Level 1:colcon.colcon_core.package_identification:_identify(src/img_server) by extensions ['ignore', 'ignore_ament_install']
[0.175s] Level 1:colcon.colcon_core.package_identification:_identify(src/img_server) by extension 'ignore'
[0.175s] Level 1:colcon.colcon_core.package_identification:_identify(src/img_server) by extension 'ignore_ament_install'
[0.175s] Level 1:colcon.colcon_core.package_identification:_identify(src/img_server) by extensions ['colcon_pkg']
[0.175s] Level 1:colcon.colcon_core.package_identification:_identify(src/img_server) by extension 'colcon_pkg'
[0.175s] Level 1:colcon.colcon_core.package_identification:_identify(src/img_server) by extensions ['colcon_meta']
[0.175s] Level 1:colcon.colcon_core.package_identification:_identify(src/img_server) by extension 'colcon_meta'
[0.175s] Level 1:colcon.colcon_core.package_identification:_identify(src/img_server) by extensions ['ros']
[0.175s] Level 1:colcon.colcon_core.package_identification:_identify(src/img_server) by extension 'ros'
[0.176s] DEBUG:colcon.colcon_core.package_identification:Package 'src/img_server' with type 'ros.ament_python' and name 'img_server'
[0.176s] Level 1:colcon.colcon_core.package_identification:_identify(tmp) by extensions ['ignore', 'ignore_ament_install']
[0.176s] Level 1:colcon.colcon_core.package_identification:_identify(tmp) by extension 'ignore'
[0.176s] Level 1:colcon.colcon_core.package_identification:_identify(tmp) by extension 'ignore_ament_install'
[0.176s] Level 1:colcon.colcon_core.package_identification:_identify(tmp) by extensions ['colcon_pkg']
[0.176s] Level 1:colcon.colcon_core.package_identification:_identify(tmp) by extension 'colcon_pkg'
[0.176s] Level 1:colcon.colcon_core.package_identification:_identify(tmp) by extensions ['colcon_meta']
[0.176s] Level 1:colcon.colcon_core.package_identification:_identify(tmp) by extension 'colcon_meta'
[0.176s] Level 1:colcon.colcon_core.package_identification:_identify(tmp) by extensions ['ros']
[0.176s] Level 1:colcon.colcon_core.package_identification:_identify(tmp) by extension 'ros'
[0.176s] Level 1:colcon.colcon_core.package_identification:_identify(tmp) by extensions ['cmake', 'python']
[0.176s] Level 1:colcon.colcon_core.package_identification:_identify(tmp) by extension 'cmake'
[0.176s] Level 1:colcon.colcon_core.package_identification:_identify(tmp) by extension 'python'
[0.176s] Level 1:colcon.colcon_core.package_identification:_identify(tmp) by extensions ['python_setup_py']
[0.176s] Level 1:colcon.colcon_core.package_identification:_identify(tmp) by extension 'python_setup_py'
[0.176s] Level 1:colcon.colcon_core.package_identification:_identify(tmp/img_server) by extensions ['ignore', 'ignore_ament_install']
[0.176s] Level 1:colcon.colcon_core.package_identification:_identify(tmp/img_server) by extension 'ignore'
[0.176s] Level 1:colcon.colcon_core.package_identification:_identify(tmp/img_server) by extension 'ignore_ament_install'
[0.176s] Level 1:colcon.colcon_core.package_identification:_identify(tmp/img_server) by extensions ['colcon_pkg']
[0.176s] Level 1:colcon.colcon_core.package_identification:_identify(tmp/img_server) by extension 'colcon_pkg'
[0.176s] Level 1:colcon.colcon_core.package_identification:_identify(tmp/img_server) by extensions ['colcon_meta']
[0.176s] Level 1:colcon.colcon_core.package_identification:_identify(tmp/img_server) by extension 'colcon_meta'
[0.176s] Level 1:colcon.colcon_core.package_identification:_identify(tmp/img_server) by extensions ['ros']
[0.176s] Level 1:colcon.colcon_core.package_identification:_identify(tmp/img_server) by extension 'ros'
[0.176s] Level 1:colcon.colcon_core.package_identification:_identify(tmp/img_server) by extensions ['cmake', 'python']
[0.176s] Level 1:colcon.colcon_core.package_identification:_identify(tmp/img_server) by extension 'cmake'
[0.176s] Level 1:colcon.colcon_core.package_identification:_identify(tmp/img_server) by extension 'python'
[0.176s] Level 1:colcon.colcon_core.package_identification:_identify(tmp/img_server) by extensions ['python_setup_py']
[0.176s] Level 1:colcon.colcon_core.package_identification:_identify(tmp/img_server) by extension 'python_setup_py'
[0.176s] Level 1:colcon.colcon_core.package_discovery:discover_packages(recursive) using defaults
[0.176s] Level 1:colcon.colcon_core.package_discovery:discover_packages(ignore) discover
[0.176s] Level 1:colcon.colcon_core.package_discovery:discover_packages(ignore) using defaults
[0.176s] Level 1:colcon.colcon_core.package_discovery:discover_packages(path) discover
[0.176s] Level 1:colcon.colcon_core.package_discovery:discover_packages(path) using defaults
[0.187s] INFO:colcon.colcon_metadata.metadata.colcon_pkg:Updating descriptor of package 'src/create3_sim/irobot_create_gazebo/irobot_create_gazebo_plugins' from colcon.pkg: {'dependencies': ['Gazebo']}
[0.190s] Level 1:colcon.colcon_core.package_discovery:discover_packages(prefix_path) check parameters
[0.190s] Level 1:colcon.colcon_core.package_discovery:discover_packages(prefix_path) discover
[0.191s] DEBUG:colcon.colcon_installed_package_information.package_discovery:Found 414 installed packages in /opt/ros/humble
[0.193s] Level 1:colcon.colcon_core.package_discovery:discover_packages(prefix_path) using defaults
[0.217s] Level 5:colcon.colcon_core.verb:set package 'bringup' build argument 'cmake_args' from command line to 'None'
[0.217s] Level 5:colcon.colcon_core.verb:set package 'bringup' build argument 'cmake_target' from command line to 'None'
[0.217s] Level 5:colcon.colcon_core.verb:set package 'bringup' build argument 'cmake_target_skip_unavailable' from command line to 'False'
[0.217s] Level 5:colcon.colcon_core.verb:set package 'bringup' build argument 'cmake_clean_cache' from command line to 'False'
[0.217s] Level 5:colcon.colcon_core.verb:set package 'bringup' build argument 'cmake_clean_first' from command line to 'False'
[0.217s] Level 5:colcon.colcon_core.verb:set package 'bringup' build argument 'cmake_force_configure' from command line to 'False'
[0.217s] Level 5:colcon.colcon_core.verb:set package 'bringup' build argument 'ament_cmake_args' from command line to 'None'
[0.217s] Level 5:colcon.colcon_core.verb:set package 'bringup' build argument 'catkin_cmake_args' from command line to 'None'
[0.217s] Level 5:colcon.colcon_core.verb:set package 'bringup' build argument 'catkin_skip_building_tests' from command line to 'False'
[0.217s] DEBUG:colcon.colcon_core.verb:Building package 'bringup' with the following arguments: {'ament_cmake_args': None, 'build_base': '/home/jlmre/Proyectos_Robotica/create3_ws/build/bringup', 'catkin_cmake_args': None, 'catkin_skip_building_tests': False, 'cmake_args': None, 'cmake_clean_cache': False, 'cmake_clean_first': False, 'cmake_force_configure': False, 'cmake_target': None, 'cmake_target_skip_unavailable': False, 'install_base': '/home/jlmre/Proyectos_Robotica/create3_ws/install/bringup', 'merge_install': False, 'path': '/home/jlmre/Proyectos_Robotica/create3_ws/src/bringup', 'symlink_install': False, 'test_result_base': None}
[0.217s] Level 5:colcon.colcon_core.verb:set package 'ez_nav' build argument 'cmake_args' from command line to 'None'
[0.217s] Level 5:colcon.colcon_core.verb:set package 'ez_nav' build argument 'cmake_target' from command line to 'None'
[0.217s] Level 5:colcon.colcon_core.verb:set package 'ez_nav' build argument 'cmake_target_skip_unavailable' from command line to 'False'
[0.217s] Level 5:colcon.colcon_core.verb:set package 'ez_nav' build argument 'cmake_clean_cache' from command line to 'False'
[0.217s] Level 5:colcon.colcon_core.verb:set package 'ez_nav' build argument 'cmake_clean_first' from command line to 'False'
[0.217s] Level 5:colcon.colcon_core.verb:set package 'ez_nav' build argument 'cmake_force_configure' from command line to 'False'
[0.217s] Level 5:colcon.colcon_core.verb:set package 'ez_nav' build argument 'ament_cmake_args' from command line to 'None'
[0.217s] Level 5:colcon.colcon_core.verb:set package 'ez_nav' build argument 'catkin_cmake_args' from command line to 'None'
[0.217s] Level 5:colcon.colcon_core.verb:set package 'ez_nav' build argument 'catkin_skip_building_tests' from command line to 'False'
[0.217s] DEBUG:colcon.colcon_core.verb:Building package 'ez_nav' with the following arguments: {'ament_cmake_args': None, 'build_base': '/home/jlmre/Proyectos_Robotica/create3_ws/build/ez_nav', 'catkin_cmake_args': None, 'catkin_skip_building_tests': False, 'cmake_args': None, 'cmake_clean_cache': False, 'cmake_clean_first': False, 'cmake_force_configure': False, 'cmake_target': None, 'cmake_target_skip_unavailable': False, 'install_base': '/home/jlmre/Proyectos_Robotica/create3_ws/install/ez_nav', 'merge_install': False, 'path': '/home/jlmre/Proyectos_Robotica/create3_ws/src/ez_nav', 'symlink_install': False, 'test_result_base': None}
[0.217s] Level 5:colcon.colcon_core.verb:set package 'img_server' build argument 'cmake_args' from command line to 'None'
[0.217s] Level 5:colcon.colcon_core.verb:set package 'img_server' build argument 'cmake_target' from command line to 'None'
[0.217s] Level 5:colcon.colcon_core.verb:set package 'img_server' build argument 'cmake_target_skip_unavailable' from command line to 'False'
[0.217s] Level 5:colcon.colcon_core.verb:set package 'img_server' build argument 'cmake_clean_cache' from command line to 'False'
[0.217s] Level 5:colcon.colcon_core.verb:set package 'img_server' build argument 'cmake_clean_first' from command line to 'False'
[0.217s] Level 5:colcon.colcon_core.verb:set package 'img_server' build argument 'cmake_force_configure' from command line to 'False'
[0.217s] Level 5:colcon.colcon_core.verb:set package 'img_server' build argument 'ament_cmake_args' from command line to 'None'
[0.217s] Level 5:colcon.colcon_core.verb:set package 'img_server' build argument 'catkin_cmake_args' from command line to 'None'
[0.217s] Level 5:colcon.colcon_core.verb:set package 'img_server' build argument 'catkin_skip_building_tests' from command line to 'False'
[0.217s] DEBUG:colcon.colcon_core.verb:Building package 'img_server' with the following arguments: {'ament_cmake_args': None, 'build_base': '/home/jlmre/Proyectos_Robotica/create3_ws/build/img_server', 'catkin_cmake_args': None, 'catkin_skip_building_tests': False, 'cmake_args': None, 'cmake_clean_cache': False, 'cmake_clean_first': False, 'cmake_force_configure': False, 'cmake_target': None, 'cmake_target_skip_unavailable': False, 'install_base': '/home/jlmre/Proyectos_Robotica/create3_ws/install/img_server', 'merge_install': False, 'path': '/home/jlmre/Proyectos_Robotica/create3_ws/src/img_server', 'symlink_install': False, 'test_result_base': None}
[0.217s] Level 5:colcon.colcon_core.verb:set package 'irobot_create_control' build argument 'cmake_args' from command line to 'None'
[0.217s] Level 5:colcon.colcon_core.verb:set package 'irobot_create_control' build argument 'cmake_target' from command line to 'None'
[0.217s] Level 5:colcon.colcon_core.verb:set package 'irobot_create_control' build argument 'cmake_target_skip_unavailable' from command line to 'False'
[0.217s] Level 5:colcon.colcon_core.verb:set package 'irobot_create_control' build argument 'cmake_clean_cache' from command line to 'False'
[0.217s] Level 5:colcon.colcon_core.verb:set package 'irobot_create_control' build argument 'cmake_clean_first' from command line to 'False'
[0.217s] Level 5:colcon.colcon_core.verb:set package 'irobot_create_control' build argument 'cmake_force_configure' from command line to 'False'
[0.217s] Level 5:colcon.colcon_core.verb:set package 'irobot_create_control' build argument 'ament_cmake_args' from command line to 'None'
[0.217s] Level 5:colcon.colcon_core.verb:set package 'irobot_create_control' build argument 'catkin_cmake_args' from command line to 'None'
[0.217s] Level 5:colcon.colcon_core.verb:set package 'irobot_create_control' build argument 'catkin_skip_building_tests' from command line to 'False'
[0.217s] DEBUG:colcon.colcon_core.verb:Building package 'irobot_create_control' with the following arguments: {'ament_cmake_args': None, 'build_base': '/home/jlmre/Proyectos_Robotica/create3_ws/build/irobot_create_control', 'catkin_cmake_args': None, 'catkin_skip_building_tests': False, 'cmake_args': None, 'cmake_clean_cache': False, 'cmake_clean_first': False, 'cmake_force_configure': False, 'cmake_target': None, 'cmake_target_skip_unavailable': False, 'install_base': '/home/jlmre/Proyectos_Robotica/create3_ws/install/irobot_create_control', 'merge_install': False, 'path': '/home/jlmre/Proyectos_Robotica/create3_ws/src/create3_sim/irobot_create_common/irobot_create_control', 'symlink_install': False, 'test_result_base': None}
[0.218s] Level 5:colcon.colcon_core.verb:set package 'irobot_create_description' build argument 'cmake_args' from command line to 'None'
[0.218s] Level 5:colcon.colcon_core.verb:set package 'irobot_create_description' build argument 'cmake_target' from command line to 'None'
[0.218s] Level 5:colcon.colcon_core.verb:set package 'irobot_create_description' build argument 'cmake_target_skip_unavailable' from command line to 'False'
[0.218s] Level 5:colcon.colcon_core.verb:set package 'irobot_create_description' build argument 'cmake_clean_cache' from command line to 'False'
[0.218s] Level 5:colcon.colcon_core.verb:set package 'irobot_create_description' build argument 'cmake_clean_first' from command line to 'False'
[0.218s] Level 5:colcon.colcon_core.verb:set package 'irobot_create_description' build argument 'cmake_force_configure' from command line to 'False'
[0.218s] Level 5:colcon.colcon_core.verb:set package 'irobot_create_description' build argument 'ament_cmake_args' from command line to 'None'
[0.218s] Level 5:colcon.colcon_core.verb:set package 'irobot_create_description' build argument 'catkin_cmake_args' from command line to 'None'
[0.218s] Level 5:colcon.colcon_core.verb:set package 'irobot_create_description' build argument 'catkin_skip_building_tests' from command line to 'False'
[0.218s] DEBUG:colcon.colcon_core.verb:Building package 'irobot_create_description' with the following arguments: {'ament_cmake_args': None, 'build_base': '/home/jlmre/Proyectos_Robotica/create3_ws/build/irobot_create_description', 'catkin_cmake_args': None, 'catkin_skip_building_tests': False, 'cmake_args': None, 'cmake_clean_cache': False, 'cmake_clean_first': False, 'cmake_force_configure': False, 'cmake_target': None, 'cmake_target_skip_unavailable': False, 'install_base': '/home/jlmre/Proyectos_Robotica/create3_ws/install/irobot_create_description', 'merge_install': False, 'path': '/home/jlmre/Proyectos_Robotica/create3_ws/src/create3_sim/irobot_create_common/irobot_create_description', 'symlink_install': False, 'test_result_base': None}
[0.218s] Level 5:colcon.colcon_core.verb:set package 'irobot_create_ignition_plugins' build argument 'cmake_args' from command line to 'None'
[0.218s] Level 5:colcon.colcon_core.verb:set package 'irobot_create_ignition_plugins' build argument 'cmake_target' from command line to 'None'
[0.218s] Level 5:colcon.colcon_core.verb:set package 'irobot_create_ignition_plugins' build argument 'cmake_target_skip_unavailable' from command line to 'False'
[0.218s] Level 5:colcon.colcon_core.verb:set package 'irobot_create_ignition_plugins' build argument 'cmake_clean_cache' from command line to 'False'
[0.218s] Level 5:colcon.colcon_core.verb:set package 'irobot_create_ignition_plugins' build argument 'cmake_clean_first' from command line to 'False'
[0.218s] Level 5:colcon.colcon_core.verb:set package 'irobot_create_ignition_plugins' build argument 'cmake_force_configure' from command line to 'False'
[0.218s] Level 5:colcon.colcon_core.verb:set package 'irobot_create_ignition_plugins' build argument 'ament_cmake_args' from command line to 'None'
[0.218s] Level 5:colcon.colcon_core.verb:set package 'irobot_create_ignition_plugins' build argument 'catkin_cmake_args' from command line to 'None'
[0.218s] Level 5:colcon.colcon_core.verb:set package 'irobot_create_ignition_plugins' build argument 'catkin_skip_building_tests' from command line to 'False'
[0.218s] DEBUG:colcon.colcon_core.verb:Building package 'irobot_create_ignition_plugins' with the following arguments: {'ament_cmake_args': None, 'build_base': '/home/jlmre/Proyectos_Robotica/create3_ws/build/irobot_create_ignition_plugins', 'catkin_cmake_args': None, 'catkin_skip_building_tests': False, 'cmake_args': None, 'cmake_clean_cache': False, 'cmake_clean_first': False, 'cmake_force_configure': False, 'cmake_target': None, 'cmake_target_skip_unavailable': False, 'install_base': '/home/jlmre/Proyectos_Robotica/create3_ws/install/irobot_create_ignition_plugins', 'merge_install': False, 'path': '/home/jlmre/Proyectos_Robotica/create3_ws/src/create3_sim/irobot_create_ignition/irobot_create_ignition_plugins', 'symlink_install': False, 'test_result_base': None}
[0.218s] Level 5:colcon.colcon_core.verb:set package 'irobot_create_toolbox' build argument 'cmake_args' from command line to 'None'
[0.218s] Level 5:colcon.colcon_core.verb:set package 'irobot_create_toolbox' build argument 'cmake_target' from command line to 'None'
[0.218s] Level 5:colcon.colcon_core.verb:set package 'irobot_create_toolbox' build argument 'cmake_target_skip_unavailable' from command line to 'False'
[0.218s] Level 5:colcon.colcon_core.verb:set package 'irobot_create_toolbox' build argument 'cmake_clean_cache' from command line to 'False'
[0.218s] Level 5:colcon.colcon_core.verb:set package 'irobot_create_toolbox' build argument 'cmake_clean_first' from command line to 'False'
[0.218s] Level 5:colcon.colcon_core.verb:set package 'irobot_create_toolbox' build argument 'cmake_force_configure' from command line to 'False'
[0.218s] Level 5:colcon.colcon_core.verb:set package 'irobot_create_toolbox' build argument 'ament_cmake_args' from command line to 'None'
[0.218s] Level 5:colcon.colcon_core.verb:set package 'irobot_create_toolbox' build argument 'catkin_cmake_args' from command line to 'None'
[0.218s] Level 5:colcon.colcon_core.verb:set package 'irobot_create_toolbox' build argument 'catkin_skip_building_tests' from command line to 'False'
[0.218s] DEBUG:colcon.colcon_core.verb:Building package 'irobot_create_toolbox' with the following arguments: {'ament_cmake_args': None, 'build_base': '/home/jlmre/Proyectos_Robotica/create3_ws/build/irobot_create_toolbox', 'catkin_cmake_args': None, 'catkin_skip_building_tests': False, 'cmake_args': None, 'cmake_clean_cache': False, 'cmake_clean_first': False, 'cmake_force_configure': False, 'cmake_target': None, 'cmake_target_skip_unavailable': False, 'install_base': '/home/jlmre/Proyectos_Robotica/create3_ws/install/irobot_create_toolbox', 'merge_install': False, 'path': '/home/jlmre/Proyectos_Robotica/create3_ws/src/create3_sim/irobot_create_common/irobot_create_toolbox', 'symlink_install': False, 'test_result_base': None}
[0.218s] Level 5:colcon.colcon_core.verb:set package 'irobot_create_gazebo_plugins' build argument 'cmake_args' from command line to 'None'
[0.218s] Level 5:colcon.colcon_core.verb:set package 'irobot_create_gazebo_plugins' build argument 'cmake_target' from command line to 'None'
[0.218s] Level 5:colcon.colcon_core.verb:set package 'irobot_create_gazebo_plugins' build argument 'cmake_target_skip_unavailable' from command line to 'False'
[0.218s] Level 5:colcon.colcon_core.verb:set package 'irobot_create_gazebo_plugins' build argument 'cmake_clean_cache' from command line to 'False'
[0.218s] Level 5:colcon.colcon_core.verb:set package 'irobot_create_gazebo_plugins' build argument 'cmake_clean_first' from command line to 'False'
[0.218s] Level 5:colcon.colcon_core.verb:set package 'irobot_create_gazebo_plugins' build argument 'cmake_force_configure' from command line to 'False'
[0.218s] Level 5:colcon.colcon_core.verb:set package 'irobot_create_gazebo_plugins' build argument 'ament_cmake_args' from command line to 'None'
[0.218s] Level 5:colcon.colcon_core.verb:set package 'irobot_create_gazebo_plugins' build argument 'catkin_cmake_args' from command line to 'None'
[0.218s] Level 5:colcon.colcon_core.verb:set package 'irobot_create_gazebo_plugins' build argument 'catkin_skip_building_tests' from command line to 'False'
[0.218s] DEBUG:colcon.colcon_core.verb:Building package 'irobot_create_gazebo_plugins' with the following arguments: {'ament_cmake_args': None, 'build_base': '/home/jlmre/Proyectos_Robotica/create3_ws/build/irobot_create_gazebo_plugins', 'catkin_cmake_args': None, 'catkin_skip_building_tests': False, 'cmake_args': None, 'cmake_clean_cache': False, 'cmake_clean_first': False, 'cmake_force_configure': False, 'cmake_target': None, 'cmake_target_skip_unavailable': False, 'install_base': '/home/jlmre/Proyectos_Robotica/create3_ws/install/irobot_create_gazebo_plugins', 'merge_install': False, 'path': '/home/jlmre/Proyectos_Robotica/create3_ws/src/create3_sim/irobot_create_gazebo/irobot_create_gazebo_plugins', 'symlink_install': False, 'test_result_base': None}
[0.219s] Level 5:colcon.colcon_core.verb:set package 'irobot_create_ignition_toolbox' build argument 'cmake_args' from command line to 'None'
[0.219s] Level 5:colcon.colcon_core.verb:set package 'irobot_create_ignition_toolbox' build argument 'cmake_target' from command line to 'None'
[0.219s] Level 5:colcon.colcon_core.verb:set package 'irobot_create_ignition_toolbox' build argument 'cmake_target_skip_unavailable' from command line to 'False'
[0.219s] Level 5:colcon.colcon_core.verb:set package 'irobot_create_ignition_toolbox' build argument 'cmake_clean_cache' from command line to 'False'
[0.219s] Level 5:colcon.colcon_core.verb:set package 'irobot_create_ignition_toolbox' build argument 'cmake_clean_first' from command line to 'False'
[0.219s] Level 5:colcon.colcon_core.verb:set package 'irobot_create_ignition_toolbox' build argument 'cmake_force_configure' from command line to 'False'
[0.219s] Level 5:colcon.colcon_core.verb:set package 'irobot_create_ignition_toolbox' build argument 'ament_cmake_args' from command line to 'None'
[0.219s] Level 5:colcon.colcon_core.verb:set package 'irobot_create_ignition_toolbox' build argument 'catkin_cmake_args' from command line to 'None'
[0.219s] Level 5:colcon.colcon_core.verb:set package 'irobot_create_ignition_toolbox' build argument 'catkin_skip_building_tests' from command line to 'False'
[0.219s] DEBUG:colcon.colcon_core.verb:Building package 'irobot_create_ignition_toolbox' with the following arguments: {'ament_cmake_args': None, 'build_base': '/home/jlmre/Proyectos_Robotica/create3_ws/build/irobot_create_ignition_toolbox', 'catkin_cmake_args': None, 'catkin_skip_building_tests': False, 'cmake_args': None, 'cmake_clean_cache': False, 'cmake_clean_first': False, 'cmake_force_configure': False, 'cmake_target': None, 'cmake_target_skip_unavailable': False, 'install_base': '/home/jlmre/Proyectos_Robotica/create3_ws/install/irobot_create_ignition_toolbox', 'merge_install': False, 'path': '/home/jlmre/Proyectos_Robotica/create3_ws/src/create3_sim/irobot_create_ignition/irobot_create_ignition_toolbox', 'symlink_install': False, 'test_result_base': None}
[0.219s] Level 5:colcon.colcon_core.verb:set package 'irobot_create_nodes' build argument 'cmake_args' from command line to 'None'
[0.219s] Level 5:colcon.colcon_core.verb:set package 'irobot_create_nodes' build argument 'cmake_target' from command line to 'None'
[0.219s] Level 5:colcon.colcon_core.verb:set package 'irobot_create_nodes' build argument 'cmake_target_skip_unavailable' from command line to 'False'
[0.219s] Level 5:colcon.colcon_core.verb:set package 'irobot_create_nodes' build argument 'cmake_clean_cache' from command line to 'False'
[0.219s] Level 5:colcon.colcon_core.verb:set package 'irobot_create_nodes' build argument 'cmake_clean_first' from command line to 'False'
[0.219s] Level 5:colcon.colcon_core.verb:set package 'irobot_create_nodes' build argument 'cmake_force_configure' from command line to 'False'
[0.219s] Level 5:colcon.colcon_core.verb:set package 'irobot_create_nodes' build argument 'ament_cmake_args' from command line to 'None'
[0.219s] Level 5:colcon.colcon_core.verb:set package 'irobot_create_nodes' build argument 'catkin_cmake_args' from command line to 'None'
[0.219s] Level 5:colcon.colcon_core.verb:set package 'irobot_create_nodes' build argument 'catkin_skip_building_tests' from command line to 'False'
[0.219s] DEBUG:colcon.colcon_core.verb:Building package 'irobot_create_nodes' with the following arguments: {'ament_cmake_args': None, 'build_base': '/home/jlmre/Proyectos_Robotica/create3_ws/build/irobot_create_nodes', 'catkin_cmake_args': None, 'catkin_skip_building_tests': False, 'cmake_args': None, 'cmake_clean_cache': False, 'cmake_clean_first': False, 'cmake_force_configure': False, 'cmake_target': None, 'cmake_target_skip_unavailable': False, 'install_base': '/home/jlmre/Proyectos_Robotica/create3_ws/install/irobot_create_nodes', 'merge_install': False, 'path': '/home/jlmre/Proyectos_Robotica/create3_ws/src/create3_sim/irobot_create_common/irobot_create_nodes', 'symlink_install': False, 'test_result_base': None}
[0.219s] Level 5:colcon.colcon_core.verb:set package 'irobot_create_common_bringup' build argument 'cmake_args' from command line to 'None'
[0.219s] Level 5:colcon.colcon_core.verb:set package 'irobot_create_common_bringup' build argument 'cmake_target' from command line to 'None'
[0.219s] Level 5:colcon.colcon_core.verb:set package 'irobot_create_common_bringup' build argument 'cmake_target_skip_unavailable' from command line to 'False'
[0.219s] Level 5:colcon.colcon_core.verb:set package 'irobot_create_common_bringup' build argument 'cmake_clean_cache' from command line to 'False'
[0.219s] Level 5:colcon.colcon_core.verb:set package 'irobot_create_common_bringup' build argument 'cmake_clean_first' from command line to 'False'
[0.219s] Level 5:colcon.colcon_core.verb:set package 'irobot_create_common_bringup' build argument 'cmake_force_configure' from command line to 'False'
[0.219s] Level 5:colcon.colcon_core.verb:set package 'irobot_create_common_bringup' build argument 'ament_cmake_args' from command line to 'None'
[0.219s] Level 5:colcon.colcon_core.verb:set package 'irobot_create_common_bringup' build argument 'catkin_cmake_args' from command line to 'None'
[0.219s] Level 5:colcon.colcon_core.verb:set package 'irobot_create_common_bringup' build argument 'catkin_skip_building_tests' from command line to 'False'
[0.219s] DEBUG:colcon.colcon_core.verb:Building package 'irobot_create_common_bringup' with the following arguments: {'ament_cmake_args': None, 'build_base': '/home/jlmre/Proyectos_Robotica/create3_ws/build/irobot_create_common_bringup', 'catkin_cmake_args': None, 'catkin_skip_building_tests': False, 'cmake_args': None, 'cmake_clean_cache': False, 'cmake_clean_first': False, 'cmake_force_configure': False, 'cmake_target': None, 'cmake_target_skip_unavailable': False, 'install_base': '/home/jlmre/Proyectos_Robotica/create3_ws/install/irobot_create_common_bringup', 'merge_install': False, 'path': '/home/jlmre/Proyectos_Robotica/create3_ws/src/create3_sim/irobot_create_common/irobot_create_common_bringup', 'symlink_install': False, 'test_result_base': None}
[0.219s] Level 5:colcon.colcon_core.verb:set package 'irobot_create_gazebo_bringup' build argument 'cmake_args' from command line to 'None'
[0.219s] Level 5:colcon.colcon_core.verb:set package 'irobot_create_gazebo_bringup' build argument 'cmake_target' from command line to 'None'
[0.219s] Level 5:colcon.colcon_core.verb:set package 'irobot_create_gazebo_bringup' build argument 'cmake_target_skip_unavailable' from command line to 'False'
[0.219s] Level 5:colcon.colcon_core.verb:set package 'irobot_create_gazebo_bringup' build argument 'cmake_clean_cache' from command line to 'False'
[0.219s] Level 5:colcon.colcon_core.verb:set package 'irobot_create_gazebo_bringup' build argument 'cmake_clean_first' from command line to 'False'
[0.219s] Level 5:colcon.colcon_core.verb:set package 'irobot_create_gazebo_bringup' build argument 'cmake_force_configure' from command line to 'False'
[0.219s] Level 5:colcon.colcon_core.verb:set package 'irobot_create_gazebo_bringup' build argument 'ament_cmake_args' from command line to 'None'
[0.219s] Level 5:colcon.colcon_core.verb:set package 'irobot_create_gazebo_bringup' build argument 'catkin_cmake_args' from command line to 'None'
[0.219s] Level 5:colcon.colcon_core.verb:set package 'irobot_create_gazebo_bringup' build argument 'catkin_skip_building_tests' from command line to 'False'
[0.219s] DEBUG:colcon.colcon_core.verb:Building package 'irobot_create_gazebo_bringup' with the following arguments: {'ament_cmake_args': None, 'build_base': '/home/jlmre/Proyectos_Robotica/create3_ws/build/irobot_create_gazebo_bringup', 'catkin_cmake_args': None, 'catkin_skip_building_tests': False, 'cmake_args': None, 'cmake_clean_cache': False, 'cmake_clean_first': False, 'cmake_force_configure': False, 'cmake_target': None, 'cmake_target_skip_unavailable': False, 'install_base': '/home/jlmre/Proyectos_Robotica/create3_ws/install/irobot_create_gazebo_bringup', 'merge_install': False, 'path': '/home/jlmre/Proyectos_Robotica/create3_ws/src/create3_sim/irobot_create_gazebo/irobot_create_gazebo_bringup', 'symlink_install': False, 'test_result_base': None}
[0.219s] Level 5:colcon.colcon_core.verb:set package 'irobot_create_ignition_bringup' build argument 'cmake_args' from command line to 'None'
[0.219s] Level 5:colcon.colcon_core.verb:set package 'irobot_create_ignition_bringup' build argument 'cmake_target' from command line to 'None'
[0.219s] Level 5:colcon.colcon_core.verb:set package 'irobot_create_ignition_bringup' build argument 'cmake_target_skip_unavailable' from command line to 'False'
[0.219s] Level 5:colcon.colcon_core.verb:set package 'irobot_create_ignition_bringup' build argument 'cmake_clean_cache' from command line to 'False'
[0.219s] Level 5:colcon.colcon_core.verb:set package 'irobot_create_ignition_bringup' build argument 'cmake_clean_first' from command line to 'False'
[0.219s] Level 5:colcon.colcon_core.verb:set package 'irobot_create_ignition_bringup' build argument 'cmake_force_configure' from command line to 'False'
[0.220s] Level 5:colcon.colcon_core.verb:set package 'irobot_create_ignition_bringup' build argument 'ament_cmake_args' from command line to 'None'
[0.220s] Level 5:colcon.colcon_core.verb:set package 'irobot_create_ignition_bringup' build argument 'catkin_cmake_args' from command line to 'None'
[0.220s] Level 5:colcon.colcon_core.verb:set package 'irobot_create_ignition_bringup' build argument 'catkin_skip_building_tests' from command line to 'False'
[0.220s] DEBUG:colcon.colcon_core.verb:Building package 'irobot_create_ignition_bringup' with the following arguments: {'ament_cmake_args': None, 'build_base': '/home/jlmre/Proyectos_Robotica/create3_ws/build/irobot_create_ignition_bringup', 'catkin_cmake_args': None, 'catkin_skip_building_tests': False, 'cmake_args': None, 'cmake_clean_cache': False, 'cmake_clean_first': False, 'cmake_force_configure': False, 'cmake_target': None, 'cmake_target_skip_unavailable': False, 'install_base': '/home/jlmre/Proyectos_Robotica/create3_ws/install/irobot_create_ignition_bringup', 'merge_install': False, 'path': '/home/jlmre/Proyectos_Robotica/create3_ws/src/create3_sim/irobot_create_ignition/irobot_create_ignition_bringup', 'symlink_install': False, 'test_result_base': None}
[0.220s] Level 5:colcon.colcon_core.verb:set package 'irobot_create_gazebo_sim' build argument 'cmake_args' from command line to 'None'
[0.220s] Level 5:colcon.colcon_core.verb:set package 'irobot_create_gazebo_sim' build argument 'cmake_target' from command line to 'None'
[0.220s] Level 5:colcon.colcon_core.verb:set package 'irobot_create_gazebo_sim' build argument 'cmake_target_skip_unavailable' from command line to 'False'
[0.220s] Level 5:colcon.colcon_core.verb:set package 'irobot_create_gazebo_sim' build argument 'cmake_clean_cache' from command line to 'False'
[0.220s] Level 5:colcon.colcon_core.verb:set package 'irobot_create_gazebo_sim' build argument 'cmake_clean_first' from command line to 'False'
[0.220s] Level 5:colcon.colcon_core.verb:set package 'irobot_create_gazebo_sim' build argument 'cmake_force_configure' from command line to 'False'
[0.220s] Level 5:colcon.colcon_core.verb:set package 'irobot_create_gazebo_sim' build argument 'ament_cmake_args' from command line to 'None'
[0.220s] Level 5:colcon.colcon_core.verb:set package 'irobot_create_gazebo_sim' build argument 'catkin_cmake_args' from command line to 'None'
[0.220s] Level 5:colcon.colcon_core.verb:set package 'irobot_create_gazebo_sim' build argument 'catkin_skip_building_tests' from command line to 'False'
[0.220s] DEBUG:colcon.colcon_core.verb:Building package 'irobot_create_gazebo_sim' with the following arguments: {'ament_cmake_args': None, 'build_base': '/home/jlmre/Proyectos_Robotica/create3_ws/build/irobot_create_gazebo_sim', 'catkin_cmake_args': None, 'catkin_skip_building_tests': False, 'cmake_args': None, 'cmake_clean_cache': False, 'cmake_clean_first': False, 'cmake_force_configure': False, 'cmake_target': None, 'cmake_target_skip_unavailable': False, 'install_base': '/home/jlmre/Proyectos_Robotica/create3_ws/install/irobot_create_gazebo_sim', 'merge_install': False, 'path': '/home/jlmre/Proyectos_Robotica/create3_ws/src/create3_sim/irobot_create_gazebo/irobot_create_gazebo_sim', 'symlink_install': False, 'test_result_base': None}
[0.220s] Level 5:colcon.colcon_core.verb:set package 'irobot_create_ignition_sim' build argument 'cmake_args' from command line to 'None'
[0.220s] Level 5:colcon.colcon_core.verb:set package 'irobot_create_ignition_sim' build argument 'cmake_target' from command line to 'None'
[0.220s] Level 5:colcon.colcon_core.verb:set package 'irobot_create_ignition_sim' build argument 'cmake_target_skip_unavailable' from command line to 'False'
[0.220s] Level 5:colcon.colcon_core.verb:set package 'irobot_create_ignition_sim' build argument 'cmake_clean_cache' from command line to 'False'
[0.220s] Level 5:colcon.colcon_core.verb:set package 'irobot_create_ignition_sim' build argument 'cmake_clean_first' from command line to 'False'
[0.220s] Level 5:colcon.colcon_core.verb:set package 'irobot_create_ignition_sim' build argument 'cmake_force_configure' from command line to 'False'
[0.220s] Level 5:colcon.colcon_core.verb:set package 'irobot_create_ignition_sim' build argument 'ament_cmake_args' from command line to 'None'
[0.220s] Level 5:colcon.colcon_core.verb:set package 'irobot_create_ignition_sim' build argument 'catkin_cmake_args' from command line to 'None'
[0.220s] Level 5:colcon.colcon_core.verb:set package 'irobot_create_ignition_sim' build argument 'catkin_skip_building_tests' from command line to 'False'
[0.220s] DEBUG:colcon.colcon_core.verb:Building package 'irobot_create_ignition_sim' with the following arguments: {'ament_cmake_args': None, 'build_base': '/home/jlmre/Proyectos_Robotica/create3_ws/build/irobot_create_ignition_sim', 'catkin_cmake_args': None, 'catkin_skip_building_tests': False, 'cmake_args': None, 'cmake_clean_cache': False, 'cmake_clean_first': False, 'cmake_force_configure': False, 'cmake_target': None, 'cmake_target_skip_unavailable': False, 'install_base': '/home/jlmre/Proyectos_Robotica/create3_ws/install/irobot_create_ignition_sim', 'merge_install': False, 'path': '/home/jlmre/Proyectos_Robotica/create3_ws/src/create3_sim/irobot_create_ignition/irobot_create_ignition_sim', 'symlink_install': False, 'test_result_base': None}
[0.220s] INFO:colcon.colcon_core.executor:Executing jobs using 'parallel' executor
[0.221s] DEBUG:colcon.colcon_parallel_executor.executor.parallel:run_until_complete
[0.221s] INFO:colcon.colcon_ros.task.ament_cmake.build:Building ROS package in '/home/jlmre/Proyectos_Robotica/create3_ws/src/create3_sim/irobot_create_common/irobot_create_toolbox' with build type 'ament_cmake'
[0.221s] INFO:colcon.colcon_cmake.task.cmake.build:Building CMake package in '/home/jlmre/Proyectos_Robotica/create3_ws/src/create3_sim/irobot_create_common/irobot_create_toolbox'
[0.223s] INFO:colcon.colcon_core.plugin_system:Skipping extension 'colcon_core.shell.bat': Not used on non-Windows systems
[0.223s] INFO:colcon.colcon_core.shell:Skip shell extension 'powershell' for command environment: Not usable outside of PowerShell
[0.223s] DEBUG:colcon.colcon_core.shell:Skip shell extension 'dsv' for command environment
[0.228s] INFO:colcon.colcon_ros.task.ament_cmake.build:Building ROS package in '/home/jlmre/Proyectos_Robotica/create3_ws/src/create3_sim/irobot_create_common/irobot_create_control' with build type 'ament_cmake'
[0.229s] INFO:colcon.colcon_cmake.task.cmake.build:Building CMake package in '/home/jlmre/Proyectos_Robotica/create3_ws/src/create3_sim/irobot_create_common/irobot_create_control'
[0.229s] INFO:colcon.colcon_core.shell:Skip shell extension 'powershell' for command environment: Not usable outside of PowerShell
[0.229s] DEBUG:colcon.colcon_core.shell:Skip shell extension 'dsv' for command environment
[0.231s] INFO:colcon.colcon_ros.task.ament_cmake.build:Building ROS package in '/home/jlmre/Proyectos_Robotica/create3_ws/src/create3_sim/irobot_create_common/irobot_create_description' with build type 'ament_cmake'
[0.231s] INFO:colcon.colcon_cmake.task.cmake.build:Building CMake package in '/home/jlmre/Proyectos_Robotica/create3_ws/src/create3_sim/irobot_create_common/irobot_create_description'
[0.231s] INFO:colcon.colcon_core.shell:Skip shell extension 'powershell' for command environment: Not usable outside of PowerShell
[0.231s] DEBUG:colcon.colcon_core.shell:Skip shell extension 'dsv' for command environment
[0.233s] INFO:colcon.colcon_ros.task.ament_cmake.build:Building ROS package in '/home/jlmre/Proyectos_Robotica/create3_ws/src/create3_sim/irobot_create_ignition/irobot_create_ignition_plugins' with build type 'ament_cmake'
[0.233s] INFO:colcon.colcon_cmake.task.cmake.build:Building CMake package in '/home/jlmre/Proyectos_Robotica/create3_ws/src/create3_sim/irobot_create_ignition/irobot_create_ignition_plugins'
[0.233s] INFO:colcon.colcon_core.shell:Skip shell extension 'powershell' for command environment: Not usable outside of PowerShell
[0.233s] DEBUG:colcon.colcon_core.shell:Skip shell extension 'dsv' for command environment
[0.236s] INFO:colcon.colcon_ros.task.ament_python.build:Building ROS package in '/home/jlmre/Proyectos_Robotica/create3_ws/src/bringup' with build type 'ament_python'
[0.236s] Level 1:colcon.colcon_core.shell:create_environment_hook('bringup', 'ament_prefix_path')
[0.237s] INFO:colcon.colcon_core.shell:Creating environment hook '/home/jlmre/Proyectos_Robotica/create3_ws/install/bringup/share/bringup/hook/ament_prefix_path.ps1'
[0.239s] INFO:colcon.colcon_core.shell:Creating environment descriptor '/home/jlmre/Proyectos_Robotica/create3_ws/install/bringup/share/bringup/hook/ament_prefix_path.dsv'
[0.239s] INFO:colcon.colcon_core.shell:Creating environment hook '/home/jlmre/Proyectos_Robotica/create3_ws/install/bringup/share/bringup/hook/ament_prefix_path.sh'
[0.239s] INFO:colcon.colcon_core.shell:Skip shell extension 'powershell' for command environment: Not usable outside of PowerShell
[0.239s] DEBUG:colcon.colcon_core.shell:Skip shell extension 'dsv' for command environment
[0.241s] INFO:colcon.colcon_ros.task.ament_python.build:Building ROS package in '/home/jlmre/Proyectos_Robotica/create3_ws/src/ez_nav' with build type 'ament_python'
[0.241s] Level 1:colcon.colcon_core.shell:create_environment_hook('ez_nav', 'ament_prefix_path')
[0.242s] INFO:colcon.colcon_core.shell:Creating environment hook '/home/jlmre/Proyectos_Robotica/create3_ws/install/ez_nav/share/ez_nav/hook/ament_prefix_path.ps1'
[0.242s] INFO:colcon.colcon_core.shell:Creating environment descriptor '/home/jlmre/Proyectos_Robotica/create3_ws/install/ez_nav/share/ez_nav/hook/ament_prefix_path.dsv'
[0.243s] INFO:colcon.colcon_core.shell:Creating environment hook '/home/jlmre/Proyectos_Robotica/create3_ws/install/ez_nav/share/ez_nav/hook/ament_prefix_path.sh'
[0.243s] INFO:colcon.colcon_core.shell:Skip shell extension 'powershell' for command environment: Not usable outside of PowerShell
[0.243s] DEBUG:colcon.colcon_core.shell:Skip shell extension 'dsv' for command environment
[0.245s] INFO:colcon.colcon_ros.task.ament_python.build:Building ROS package in '/home/jlmre/Proyectos_Robotica/create3_ws/src/img_server' with build type 'ament_python'
[0.245s] Level 1:colcon.colcon_core.shell:create_environment_hook('img_server', 'ament_prefix_path')
[0.245s] INFO:colcon.colcon_core.shell:Creating environment hook '/home/jlmre/Proyectos_Robotica/create3_ws/install/img_server/share/img_server/hook/ament_prefix_path.ps1'
[0.246s] INFO:colcon.colcon_core.shell:Creating environment descriptor '/home/jlmre/Proyectos_Robotica/create3_ws/install/img_server/share/img_server/hook/ament_prefix_path.dsv'
[0.246s] INFO:colcon.colcon_core.shell:Creating environment hook '/home/jlmre/Proyectos_Robotica/create3_ws/install/img_server/share/img_server/hook/ament_prefix_path.sh'
[0.246s] INFO:colcon.colcon_core.shell:Skip shell extension 'powershell' for command environment: Not usable outside of PowerShell
[0.246s] DEBUG:colcon.colcon_core.shell:Skip shell extension 'dsv' for command environment
[0.253s] DEBUG:colcon.colcon_core.event_handler.log_command:Invoking command in '/home/jlmre/Proyectos_Robotica/create3_ws/build/irobot_create_toolbox': CMAKE_PREFIX_PATH=/opt/ros/humble /usr/bin/cmake --build /home/jlmre/Proyectos_Robotica/create3_ws/build/irobot_create_toolbox -- -j16 -l16
[0.255s] DEBUG:colcon.colcon_core.event_handler.log_command:Invoking command in '/home/jlmre/Proyectos_Robotica/create3_ws/build/irobot_create_control': CMAKE_PREFIX_PATH=/opt/ros/humble /usr/bin/cmake --build /home/jlmre/Proyectos_Robotica/create3_ws/build/irobot_create_control -- -j16 -l16
[0.256s] DEBUG:colcon.colcon_core.event_handler.log_command:Invoking command in '/home/jlmre/Proyectos_Robotica/create3_ws/build/irobot_create_description': CMAKE_PREFIX_PATH=/opt/ros/humble /usr/bin/cmake --build /home/jlmre/Proyectos_Robotica/create3_ws/build/irobot_create_description -- -j16 -l16
[0.259s] DEBUG:colcon.colcon_core.event_handler.log_command:Invoking command in '/home/jlmre/Proyectos_Robotica/create3_ws/build/irobot_create_ignition_plugins': CMAKE_PREFIX_PATH=/opt/ros/humble /usr/bin/cmake --build /home/jlmre/Proyectos_Robotica/create3_ws/build/irobot_create_ignition_plugins -- -j16 -l16
[0.409s] INFO:colcon.colcon_core.task.python.build:Building Python package in '/home/jlmre/Proyectos_Robotica/create3_ws/src/bringup'
[0.410s] INFO:colcon.colcon_core.shell:Skip shell extension 'powershell' for command environment: Not usable outside of PowerShell
[0.410s] DEBUG:colcon.colcon_core.shell:Skip shell extension 'dsv' for command environment
[0.560s] INFO:colcon.colcon_core.task.python.build:Building Python package in '/home/jlmre/Proyectos_Robotica/create3_ws/src/ez_nav'
[0.560s] INFO:colcon.colcon_core.shell:Skip shell extension 'powershell' for command environment: Not usable outside of PowerShell
[0.560s] DEBUG:colcon.colcon_core.shell:Skip shell extension 'dsv' for command environment
[0.568s] DEBUG:colcon.colcon_core.event_handler.log_command:Invoked command in '/home/jlmre/Proyectos_Robotica/create3_ws/build/irobot_create_control' returned '2': CMAKE_PREFIX_PATH=/opt/ros/humble /usr/bin/cmake --build /home/jlmre/Proyectos_Robotica/create3_ws/build/irobot_create_control -- -j16 -l16
[0.570s] Level 1:colcon.colcon_core.environment:create_environment_scripts_only(irobot_create_control)
[0.572s] Level 1:colcon.colcon_core.environment:checking '/home/jlmre/Proyectos_Robotica/create3_ws/install/irobot_create_control' for CMake module files
[0.573s] Level 1:colcon.colcon_core.environment:checking '/home/jlmre/Proyectos_Robotica/create3_ws/install/irobot_create_control' for CMake config files
[0.573s] Level 1:colcon.colcon_core.shell:create_environment_hook('irobot_create_control', 'cmake_prefix_path')
[0.573s] INFO:colcon.colcon_core.shell:Creating environment hook '/home/jlmre/Proyectos_Robotica/create3_ws/install/irobot_create_control/share/irobot_create_control/hook/cmake_prefix_path.ps1'
[0.574s] INFO:colcon.colcon_core.shell:Creating environment descriptor '/home/jlmre/Proyectos_Robotica/create3_ws/install/irobot_create_control/share/irobot_create_control/hook/cmake_prefix_path.dsv'
[0.574s] INFO:colcon.colcon_core.shell:Creating environment hook '/home/jlmre/Proyectos_Robotica/create3_ws/install/irobot_create_control/share/irobot_create_control/hook/cmake_prefix_path.sh'
[0.574s] Level 1:colcon.colcon_core.environment:checking '/home/jlmre/Proyectos_Robotica/create3_ws/install/irobot_create_control/bin'
[0.575s] Level 1:colcon.colcon_core.environment:checking '/home/jlmre/Proyectos_Robotica/create3_ws/install/irobot_create_control/lib/pkgconfig/irobot_create_control.pc'
[0.575s] Level 1:colcon.colcon_core.environment:checking '/home/jlmre/Proyectos_Robotica/create3_ws/install/irobot_create_control/lib/python3.10/site-packages'
[0.575s] Level 1:colcon.colcon_core.environment:checking '/home/jlmre/Proyectos_Robotica/create3_ws/install/irobot_create_control/bin'
[0.575s] INFO:colcon.colcon_core.shell:Creating package script '/home/jlmre/Proyectos_Robotica/create3_ws/install/irobot_create_control/share/irobot_create_control/package.ps1'
[0.575s] INFO:colcon.colcon_core.shell:Creating package descriptor '/home/jlmre/Proyectos_Robotica/create3_ws/install/irobot_create_control/share/irobot_create_control/package.dsv'
[0.576s] INFO:colcon.colcon_core.shell:Creating package script '/home/jlmre/Proyectos_Robotica/create3_ws/install/irobot_create_control/share/irobot_create_control/package.sh'
[0.576s] INFO:colcon.colcon_core.shell:Creating package script '/home/jlmre/Proyectos_Robotica/create3_ws/install/irobot_create_control/share/irobot_create_control/package.bash'
[0.576s] INFO:colcon.colcon_core.shell:Creating package script '/home/jlmre/Proyectos_Robotica/create3_ws/install/irobot_create_control/share/irobot_create_control/package.zsh'
[0.577s] Level 1:colcon.colcon_core.environment:create_file_with_runtime_dependencies(/home/jlmre/Proyectos_Robotica/create3_ws/install/irobot_create_control/share/colcon-core/packages/irobot_create_control)
[0.578s] DEBUG:colcon.colcon_core.event_handler.log_command:Invoked command in '/home/jlmre/Proyectos_Robotica/create3_ws/build/irobot_create_description' returned '2': CMAKE_PREFIX_PATH=/opt/ros/humble /usr/bin/cmake --build /home/jlmre/Proyectos_Robotica/create3_ws/build/irobot_create_description -- -j16 -l16
[0.578s] Level 1:colcon.colcon_core.environment:create_environment_scripts_only(irobot_create_description)
[0.578s] Level 1:colcon.colcon_core.environment:checking '/home/jlmre/Proyectos_Robotica/create3_ws/install/irobot_create_description' for CMake module files
[0.579s] Level 1:colcon.colcon_core.environment:checking '/home/jlmre/Proyectos_Robotica/create3_ws/install/irobot_create_description' for CMake config files
[0.580s] Level 1:colcon.colcon_core.shell:create_environment_hook('irobot_create_description', 'cmake_prefix_path')
[0.580s] INFO:colcon.colcon_core.shell:Creating environment hook '/home/jlmre/Proyectos_Robotica/create3_ws/install/irobot_create_description/share/irobot_create_description/hook/cmake_prefix_path.ps1'
[0.580s] INFO:colcon.colcon_core.shell:Creating environment descriptor '/home/jlmre/Proyectos_Robotica/create3_ws/install/irobot_create_description/share/irobot_create_description/hook/cmake_prefix_path.dsv'
[0.580s] INFO:colcon.colcon_core.shell:Creating environment hook '/home/jlmre/Proyectos_Robotica/create3_ws/install/irobot_create_description/share/irobot_create_description/hook/cmake_prefix_path.sh'
[0.581s] Level 1:colcon.colcon_core.environment:checking '/home/jlmre/Proyectos_Robotica/create3_ws/install/irobot_create_description/bin'
[0.581s] Level 1:colcon.colcon_core.environment:checking '/home/jlmre/Proyectos_Robotica/create3_ws/install/irobot_create_description/lib/pkgconfig/irobot_create_description.pc'
[0.581s] Level 1:colcon.colcon_core.environment:checking '/home/jlmre/Proyectos_Robotica/create3_ws/install/irobot_create_description/lib/python3.10/site-packages'
[0.581s] Level 1:colcon.colcon_core.environment:checking '/home/jlmre/Proyectos_Robotica/create3_ws/install/irobot_create_description/bin'
[0.581s] INFO:colcon.colcon_core.shell:Creating package script '/home/jlmre/Proyectos_Robotica/create3_ws/install/irobot_create_description/share/irobot_create_description/package.ps1'
[0.581s] INFO:colcon.colcon_core.shell:Creating package descriptor '/home/jlmre/Proyectos_Robotica/create3_ws/install/irobot_create_description/share/irobot_create_description/package.dsv'
[0.582s] INFO:colcon.colcon_core.shell:Creating package script '/home/jlmre/Proyectos_Robotica/create3_ws/install/irobot_create_description/share/irobot_create_description/package.sh'
[0.582s] INFO:colcon.colcon_core.shell:Creating package script '/home/jlmre/Proyectos_Robotica/create3_ws/install/irobot_create_description/share/irobot_create_description/package.bash'
[0.582s] INFO:colcon.colcon_core.shell:Creating package script '/home/jlmre/Proyectos_Robotica/create3_ws/install/irobot_create_description/share/irobot_create_description/package.zsh'
[0.582s] Level 1:colcon.colcon_core.environment:create_file_with_runtime_dependencies(/home/jlmre/Proyectos_Robotica/create3_ws/install/irobot_create_description/share/colcon-core/packages/irobot_create_description)
[0.728s] INFO:colcon.colcon_core.task.python.build:Building Python package in '/home/jlmre/Proyectos_Robotica/create3_ws/src/img_server'
[0.728s] INFO:colcon.colcon_core.shell:Skip shell extension 'powershell' for command environment: Not usable outside of PowerShell
[0.728s] DEBUG:colcon.colcon_core.shell:Skip shell extension 'dsv' for command environment
[0.731s] DEBUG:colcon.colcon_core.event_handler.log_command:Invoked command in '/home/jlmre/Proyectos_Robotica/create3_ws/build/irobot_create_ignition_plugins' returned '2': CMAKE_PREFIX_PATH=/opt/ros/humble /usr/bin/cmake --build /home/jlmre/Proyectos_Robotica/create3_ws/build/irobot_create_ignition_plugins -- -j16 -l16
[0.733s] Level 1:colcon.colcon_core.environment:create_environment_scripts_only(irobot_create_ignition_plugins)
[0.734s] Level 1:colcon.colcon_core.environment:checking '/home/jlmre/Proyectos_Robotica/create3_ws/install/irobot_create_ignition_plugins' for CMake module files
[0.735s] Level 1:colcon.colcon_core.environment:checking '/home/jlmre/Proyectos_Robotica/create3_ws/install/irobot_create_ignition_plugins' for CMake config files
[0.735s] Level 1:colcon.colcon_core.shell:create_environment_hook('irobot_create_ignition_plugins', 'cmake_prefix_path')
[0.735s] INFO:colcon.colcon_core.shell:Creating environment hook '/home/jlmre/Proyectos_Robotica/create3_ws/install/irobot_create_ignition_plugins/share/irobot_create_ignition_plugins/hook/cmake_prefix_path.ps1'
[0.736s] INFO:colcon.colcon_core.shell:Creating environment descriptor '/home/jlmre/Proyectos_Robotica/create3_ws/install/irobot_create_ignition_plugins/share/irobot_create_ignition_plugins/hook/cmake_prefix_path.dsv'
[0.736s] INFO:colcon.colcon_core.shell:Creating environment hook '/home/jlmre/Proyectos_Robotica/create3_ws/install/irobot_create_ignition_plugins/share/irobot_create_ignition_plugins/hook/cmake_prefix_path.sh'
[0.736s] Level 1:colcon.colcon_core.environment:checking '/home/jlmre/Proyectos_Robotica/create3_ws/install/irobot_create_ignition_plugins/bin'
[0.736s] Level 1:colcon.colcon_core.environment:checking '/home/jlmre/Proyectos_Robotica/create3_ws/install/irobot_create_ignition_plugins/lib/pkgconfig/irobot_create_ignition_plugins.pc'
[0.737s] Level 1:colcon.colcon_core.environment:checking '/home/jlmre/Proyectos_Robotica/create3_ws/install/irobot_create_ignition_plugins/lib/python3.10/site-packages'
[0.737s] Level 1:colcon.colcon_core.environment:checking '/home/jlmre/Proyectos_Robotica/create3_ws/install/irobot_create_ignition_plugins/bin'
[0.737s] INFO:colcon.colcon_core.shell:Creating package script '/home/jlmre/Proyectos_Robotica/create3_ws/install/irobot_create_ignition_plugins/share/irobot_create_ignition_plugins/package.ps1'
[0.737s] INFO:colcon.colcon_core.shell:Creating package descriptor '/home/jlmre/Proyectos_Robotica/create3_ws/install/irobot_create_ignition_plugins/share/irobot_create_ignition_plugins/package.dsv'
[0.737s] INFO:colcon.colcon_core.shell:Creating package script '/home/jlmre/Proyectos_Robotica/create3_ws/install/irobot_create_ignition_plugins/share/irobot_create_ignition_plugins/package.sh'
[0.738s] INFO:colcon.colcon_core.shell:Creating package script '/home/jlmre/Proyectos_Robotica/create3_ws/install/irobot_create_ignition_plugins/share/irobot_create_ignition_plugins/package.bash'
[0.738s] INFO:colcon.colcon_core.shell:Creating package script '/home/jlmre/Proyectos_Robotica/create3_ws/install/irobot_create_ignition_plugins/share/irobot_create_ignition_plugins/package.zsh'
[0.738s] Level 1:colcon.colcon_core.environment:create_file_with_runtime_dependencies(/home/jlmre/Proyectos_Robotica/create3_ws/install/irobot_create_ignition_plugins/share/colcon-core/packages/irobot_create_ignition_plugins)
[0.739s] DEBUG:colcon.colcon_core.event_handler.log_command:Invoked command in '/home/jlmre/Proyectos_Robotica/create3_ws/build/irobot_create_toolbox' returned '2': CMAKE_PREFIX_PATH=/opt/ros/humble /usr/bin/cmake --build /home/jlmre/Proyectos_Robotica/create3_ws/build/irobot_create_toolbox -- -j16 -l16
[0.739s] Level 1:colcon.colcon_core.environment:create_environment_scripts_only(irobot_create_toolbox)
[0.739s] Level 1:colcon.colcon_core.environment:checking '/home/jlmre/Proyectos_Robotica/create3_ws/install/irobot_create_toolbox' for CMake module files
[0.740s] Level 1:colcon.colcon_core.environment:checking '/home/jlmre/Proyectos_Robotica/create3_ws/install/irobot_create_toolbox' for CMake config files
[0.741s] Level 1:colcon.colcon_core.shell:create_environment_hook('irobot_create_toolbox', 'cmake_prefix_path')
[0.741s] INFO:colcon.colcon_core.shell:Creating environment hook '/home/jlmre/Proyectos_Robotica/create3_ws/install/irobot_create_toolbox/share/irobot_create_toolbox/hook/cmake_prefix_path.ps1'
[0.741s] INFO:colcon.colcon_core.shell:Creating environment descriptor '/home/jlmre/Proyectos_Robotica/create3_ws/install/irobot_create_toolbox/share/irobot_create_toolbox/hook/cmake_prefix_path.dsv'
[0.741s] INFO:colcon.colcon_core.shell:Creating environment hook '/home/jlmre/Proyectos_Robotica/create3_ws/install/irobot_create_toolbox/share/irobot_create_toolbox/hook/cmake_prefix_path.sh'
[0.742s] Level 1:colcon.colcon_core.environment:checking '/home/jlmre/Proyectos_Robotica/create3_ws/install/irobot_create_toolbox/lib'
[0.742s] Level 1:colcon.colcon_core.shell:create_environment_hook('irobot_create_toolbox', 'ld_library_path_lib')
[0.742s] INFO:colcon.colcon_core.shell:Creating environment hook '/home/jlmre/Proyectos_Robotica/create3_ws/install/irobot_create_toolbox/share/irobot_create_toolbox/hook/ld_library_path_lib.ps1'
[0.742s] INFO:colcon.colcon_core.shell:Creating environment descriptor '/home/jlmre/Proyectos_Robotica/create3_ws/install/irobot_create_toolbox/share/irobot_create_toolbox/hook/ld_library_path_lib.dsv'
[0.742s] INFO:colcon.colcon_core.shell:Creating environment hook '/home/jlmre/Proyectos_Robotica/create3_ws/install/irobot_create_toolbox/share/irobot_create_toolbox/hook/ld_library_path_lib.sh'
[0.742s] Level 1:colcon.colcon_core.environment:checking '/home/jlmre/Proyectos_Robotica/create3_ws/install/irobot_create_toolbox/bin'
[0.742s] Level 1:colcon.colcon_core.environment:checking '/home/jlmre/Proyectos_Robotica/create3_ws/install/irobot_create_toolbox/lib/pkgconfig/irobot_create_toolbox.pc'
[0.742s] Level 1:colcon.colcon_core.environment:checking '/home/jlmre/Proyectos_Robotica/create3_ws/install/irobot_create_toolbox/lib/python3.10/site-packages'
[0.743s] Level 1:colcon.colcon_core.environment:checking '/home/jlmre/Proyectos_Robotica/create3_ws/install/irobot_create_toolbox/bin'
[0.743s] INFO:colcon.colcon_core.shell:Creating package script '/home/jlmre/Proyectos_Robotica/create3_ws/install/irobot_create_toolbox/share/irobot_create_toolbox/package.ps1'
[0.743s] INFO:colcon.colcon_core.shell:Creating package descriptor '/home/jlmre/Proyectos_Robotica/create3_ws/install/irobot_create_toolbox/share/irobot_create_toolbox/package.dsv'
[0.743s] INFO:colcon.colcon_core.shell:Creating package script '/home/jlmre/Proyectos_Robotica/create3_ws/install/irobot_create_toolbox/share/irobot_create_toolbox/package.sh'
[0.743s] INFO:colcon.colcon_core.shell:Creating package script '/home/jlmre/Proyectos_Robotica/create3_ws/install/irobot_create_toolbox/share/irobot_create_toolbox/package.bash'
[0.744s] INFO:colcon.colcon_core.shell:Creating package script '/home/jlmre/Proyectos_Robotica/create3_ws/install/irobot_create_toolbox/share/irobot_create_toolbox/package.zsh'
[0.744s] Level 1:colcon.colcon_core.environment:create_file_with_runtime_dependencies(/home/jlmre/Proyectos_Robotica/create3_ws/install/irobot_create_toolbox/share/colcon-core/packages/irobot_create_toolbox)
[0.755s] DEBUG:colcon.colcon_parallel_executor.executor.parallel:closing loop
[0.755s] DEBUG:colcon.colcon_parallel_executor.executor.parallel:loop closed
[0.755s] DEBUG:colcon.colcon_parallel_executor.executor.parallel:run_until_complete finished with '2'
[0.755s] DEBUG:colcon.colcon_core.event_reactor:joining thread
[0.762s] INFO:colcon.colcon_core.plugin_system:Skipping extension 'colcon_notification.desktop_notification.terminal_notifier': Not used on non-Darwin systems
[0.762s] INFO:colcon.colcon_core.plugin_system:Skipping extension 'colcon_notification.desktop_notification.win32': Not used on non-Windows systems
[0.762s] INFO:colcon.colcon_notification.desktop_notification:Sending desktop notification using 'notify2'
[0.772s] DEBUG:colcon.colcon_core.event_reactor:joined thread
[0.772s] INFO:colcon.colcon_core.shell:Creating prefix script '/home/jlmre/Proyectos_Robotica/create3_ws/install/local_setup.ps1'
[0.774s] INFO:colcon.colcon_core.shell:Creating prefix util module '/home/jlmre/Proyectos_Robotica/create3_ws/install/_local_setup_util_ps1.py'
[0.774s] INFO:colcon.colcon_core.shell:Creating prefix chain script '/home/jlmre/Proyectos_Robotica/create3_ws/install/setup.ps1'
[0.775s] INFO:colcon.colcon_core.shell:Creating prefix script '/home/jlmre/Proyectos_Robotica/create3_ws/install/local_setup.sh'
[0.775s] INFO:colcon.colcon_core.shell:Creating prefix util module '/home/jlmre/Proyectos_Robotica/create3_ws/install/_local_setup_util_sh.py'
[0.776s] INFO:colcon.colcon_core.shell:Creating prefix chain script '/home/jlmre/Proyectos_Robotica/create3_ws/install/setup.sh'
[0.776s] INFO:colcon.colcon_core.shell:Creating prefix script '/home/jlmre/Proyectos_Robotica/create3_ws/install/local_setup.bash'
[0.776s] INFO:colcon.colcon_core.shell:Creating prefix chain script '/home/jlmre/Proyectos_Robotica/create3_ws/install/setup.bash'
[0.777s] INFO:colcon.colcon_core.shell:Creating prefix script '/home/jlmre/Proyectos_Robotica/create3_ws/install/local_setup.zsh'
[0.777s] INFO:colcon.colcon_core.shell:Creating prefix chain script '/home/jlmre/Proyectos_Robotica/create3_ws/install/setup.zsh'
