[0.037s] Invoking command in '/home/jlmre/Proyectos_Robotica/create3_ws/build/irobot_create_ignition_plugins': CMAKE_PREFIX_PATH=/opt/ros/humble /usr/bin/cmake --build /home/jlmre/Proyectos_Robotica/create3_ws/build/irobot_create_ignition_plugins -- -j16 -l16
[0.357s] [ 16%] [34m[1mAutomatic MOC for target Create3Hmi[0m
[0.357s] [ 16%] Built target Create3Hmi_autogen
[0.357s] [100%] Built target Create3Hmi
[0.357s] [0mCMake Error: The current CMakeCache.txt directory /home/jlmre/Proyectos_Robotica/create3_ws/build/irobot_create_ignition_plugins/CMakeCache.txt is different than the directory /home/jlmre/create3_ws/build/irobot_create_ignition_plugins where CMakeCache.txt was created. This may result in binaries being created in the wrong place. If you are not sure, reedit the CMakeCache.txt[0m
[0.522s] Invoked command in '/home/jlmre/Proyectos_Robotica/create3_ws/build/irobot_create_ignition_plugins' returned '0': CMAKE_PREFIX_PATH=/opt/ros/humble /usr/bin/cmake --build /home/jlmre/Proyectos_Robotica/create3_ws/build/irobot_create_ignition_plugins -- -j16 -l16
[0.522s] Invoking command in '/home/jlmre/Proyectos_Robotica/create3_ws/build/irobot_create_ignition_plugins': CMAKE_PREFIX_PATH=/opt/ros/humble /usr/bin/cmake --install /home/jlmre/Proyectos_Robotica/create3_ws/build/irobot_create_ignition_plugins
[0.534s] -- Install configuration: ""
[0.534s] -- Up-to-date: /home/jlmre/create3_ws/install/irobot_create_ignition_plugins/share/ament_index/resource_index/package_run_dependencies/irobot_create_ignition_plugins
[0.534s] -- Up-to-date: /home/jlmre/create3_ws/install/irobot_create_ignition_plugins/share/ament_index/resource_index/parent_prefix_path/irobot_create_ignition_plugins
[0.534s] -- Up-to-date: /home/jlmre/create3_ws/install/irobot_create_ignition_plugins/share/irobot_create_ignition_plugins/environment/ament_prefix_path.sh
[0.534s] -- Up-to-date: /home/jlmre/create3_ws/install/irobot_create_ignition_plugins/share/irobot_create_ignition_plugins/environment/ament_prefix_path.dsv
[0.534s] -- Up-to-date: /home/jlmre/create3_ws/install/irobot_create_ignition_plugins/share/irobot_create_ignition_plugins/environment/path.sh
[0.534s] -- Up-to-date: /home/jlmre/create3_ws/install/irobot_create_ignition_plugins/share/irobot_create_ignition_plugins/environment/path.dsv
[0.534s] -- Up-to-date: /home/jlmre/create3_ws/install/irobot_create_ignition_plugins/share/irobot_create_ignition_plugins/local_setup.bash
[0.534s] -- Up-to-date: /home/jlmre/create3_ws/install/irobot_create_ignition_plugins/share/irobot_create_ignition_plugins/local_setup.sh
[0.534s] -- Up-to-date: /home/jlmre/create3_ws/install/irobot_create_ignition_plugins/share/irobot_create_ignition_plugins/local_setup.zsh
[0.534s] -- Up-to-date: /home/jlmre/create3_ws/install/irobot_create_ignition_plugins/share/irobot_create_ignition_plugins/local_setup.dsv
[0.534s] -- Installing: /home/jlmre/create3_ws/install/irobot_create_ignition_plugins/share/irobot_create_ignition_plugins/package.dsv
[0.534s] -- Up-to-date: /home/jlmre/create3_ws/install/irobot_create_ignition_plugins/share/ament_index/resource_index/packages/irobot_create_ignition_plugins
[0.535s] -- Up-to-date: /home/jlmre/create3_ws/install/irobot_create_ignition_plugins/share/irobot_create_ignition_plugins/cmake/irobot_create_ignition_pluginsConfig.cmake
[0.535s] -- Up-to-date: /home/jlmre/create3_ws/install/irobot_create_ignition_plugins/share/irobot_create_ignition_plugins/cmake/irobot_create_ignition_pluginsConfig-version.cmake
[0.535s] -- Up-to-date: /home/jlmre/create3_ws/install/irobot_create_ignition_plugins/share/irobot_create_ignition_plugins/package.xml
[0.535s] -- Up-to-date: /home/jlmre/create3_ws/install/irobot_create_ignition_plugins/share/irobot_create_ignition_plugins/lib/libCreate3Hmi.so
[0.557s] Invoked command in '/home/jlmre/Proyectos_Robotica/create3_ws/build/irobot_create_ignition_plugins' returned '0': CMAKE_PREFIX_PATH=/opt/ros/humble /usr/bin/cmake --install /home/jlmre/Proyectos_Robotica/create3_ws/build/irobot_create_ignition_plugins
