[0.762s] Invoking command in '/home/jlmre/create3_ws/src/ez_nav': PYTHONPATH=/home/jlmre/create3_ws/build/ez_nav/prefix_override:/usr/lib/python3/dist-packages/colcon_core/task/python/colcon_distutils_commands:/home/jlmre/create3_ws/install/ez_nav/lib/python3.10/site-packages:${PYTHONPATH} /usr/bin/python3 -W ignore:setup.py install is deprecated -W ignore:easy_install command is deprecated setup.py egg_info --egg-base ../../build/ez_nav build --build-base /home/jlmre/create3_ws/build/ez_nav/build install --record /home/jlmre/create3_ws/build/ez_nav/install.log --single-version-externally-managed install_data
[0.901s] running egg_info
[0.902s] writing ../../build/ez_nav/ez_nav.egg-info/PKG-INFO
[0.902s] writing dependency_links to ../../build/ez_nav/ez_nav.egg-info/dependency_links.txt
[0.902s] writing entry points to ../../build/ez_nav/ez_nav.egg-info/entry_points.txt
[0.902s] writing requirements to ../../build/ez_nav/ez_nav.egg-info/requires.txt
[0.902s] writing top-level names to ../../build/ez_nav/ez_nav.egg-info/top_level.txt
[0.903s] reading manifest file '../../build/ez_nav/ez_nav.egg-info/SOURCES.txt'
[0.903s] writing manifest file '../../build/ez_nav/ez_nav.egg-info/SOURCES.txt'
[0.903s] running build
[0.903s] running build_py
[0.904s] running install
[0.904s] running install_lib
[0.904s] running install_data
[0.905s] running install_egg_info
[0.906s] removing '/home/jlmre/create3_ws/install/ez_nav/lib/python3.10/site-packages/ez_nav-0.0.0-py3.10.egg-info' (and everything under it)
[0.906s] Copying ../../build/ez_nav/ez_nav.egg-info to /home/jlmre/create3_ws/install/ez_nav/lib/python3.10/site-packages/ez_nav-0.0.0-py3.10.egg-info
[0.906s] running install_scripts
[0.922s] Installing ez_nav_node script to /home/jlmre/create3_ws/install/ez_nav/lib/ez_nav
[0.923s] writing list of installed files to '/home/jlmre/create3_ws/build/ez_nav/install.log'
[0.943s] Invoked command in '/home/jlmre/create3_ws/src/ez_nav' returned '0': PYTHONPATH=/home/jlmre/create3_ws/build/ez_nav/prefix_override:/usr/lib/python3/dist-packages/colcon_core/task/python/colcon_distutils_commands:/home/jlmre/create3_ws/install/ez_nav/lib/python3.10/site-packages:${PYTHONPATH} /usr/bin/python3 -W ignore:setup.py install is deprecated -W ignore:easy_install command is deprecated setup.py egg_info --egg-base ../../build/ez_nav build --build-base /home/jlmre/create3_ws/build/ez_nav/build install --record /home/jlmre/create3_ws/build/ez_nav/install.log --single-version-externally-managed install_data
