[1.481s] Invoking command in '/home/jlmre/create3_ws/src/ez_nav': PYTHONPATH=/home/jlmre/create3_ws/build/ez_nav/prefix_override:/usr/lib/python3/dist-packages/colcon_core/task/python/colcon_distutils_commands:/home/jlmre/create3_ws/install/ez_nav/lib/python3.10/site-packages:${PYTHONPATH} /usr/bin/python3 -W ignore:setup.py install is deprecated -W ignore:easy_install command is deprecated setup.py egg_info --egg-base ../../build/ez_nav build --build-base /home/jlmre/create3_ws/build/ez_nav/build install --record /home/jlmre/create3_ws/build/ez_nav/install.log --single-version-externally-managed install_data
[1.673s] running egg_info
[1.673s] writing ../../build/ez_nav/ez_nav.egg-info/PKG-INFO
[1.674s] writing dependency_links to ../../build/ez_nav/ez_nav.egg-info/dependency_links.txt
[1.674s] writing entry points to ../../build/ez_nav/ez_nav.egg-info/entry_points.txt
[1.674s] writing requirements to ../../build/ez_nav/ez_nav.egg-info/requires.txt
[1.674s] writing top-level names to ../../build/ez_nav/ez_nav.egg-info/top_level.txt
[1.675s] reading manifest file '../../build/ez_nav/ez_nav.egg-info/SOURCES.txt'
[1.677s] writing manifest file '../../build/ez_nav/ez_nav.egg-info/SOURCES.txt'
[1.677s] running build
[1.677s] running build_py
[1.677s] running install
[1.678s] running install_lib
[1.679s] running install_data
[1.679s] running install_egg_info
[1.679s] removing '/home/jlmre/create3_ws/install/ez_nav/lib/python3.10/site-packages/ez_nav-0.0.0-py3.10.egg-info' (and everything under it)
[1.680s] Copying ../../build/ez_nav/ez_nav.egg-info to /home/jlmre/create3_ws/install/ez_nav/lib/python3.10/site-packages/ez_nav-0.0.0-py3.10.egg-info
[1.680s] running install_scripts
[1.699s] Installing wf_nav script to /home/jlmre/create3_ws/install/ez_nav/lib/ez_nav
[1.699s] writing list of installed files to '/home/jlmre/create3_ws/build/ez_nav/install.log'
[1.765s] Invoked command in '/home/jlmre/create3_ws/src/ez_nav' returned '0': PYTHONPATH=/home/jlmre/create3_ws/build/ez_nav/prefix_override:/usr/lib/python3/dist-packages/colcon_core/task/python/colcon_distutils_commands:/home/jlmre/create3_ws/install/ez_nav/lib/python3.10/site-packages:${PYTHONPATH} /usr/bin/python3 -W ignore:setup.py install is deprecated -W ignore:easy_install command is deprecated setup.py egg_info --egg-base ../../build/ez_nav build --build-base /home/jlmre/create3_ws/build/ez_nav/build install --record /home/jlmre/create3_ws/build/ez_nav/install.log --single-version-externally-managed install_data
