[0.013s] Invoking command in '/home/jlmre/create3_ws/build/irobot_create_ignition_toolbox': CMAKE_PREFIX_PATH=/home/jlmre/create3_ws/install/irobot_create_toolbox:/home/jlmre/create3_ws/install/irobot_create_ignition_sim:/home/jlmre/create3_ws/install/irobot_create_ignition_bringup:/home/jlmre/create3_ws/install/irobot_create_gazebo_sim:/home/jlmre/create3_ws/install/irobot_create_gazebo_bringup:/home/jlmre/create3_ws/install/irobot_create_common_bringup:/home/jlmre/create3_ws/install/irobot_create_nodes:/home/jlmre/create3_ws/install/irobot_create_ignition_toolbox:/home/jlmre/create3_ws/install/irobot_create_gazebo_plugins:/home/jlmre/create3_ws/install/irobot_create_ignition_plugins:/home/jlmre/create3_ws/install/irobot_create_description:/home/jlmre/create3_ws/install/irobot_create_control:/home/jlmre/create3_ws/install/vodom:/home/jlmre/create3_ws/install/pr_pkg:/home/jlmre/create3_ws/install/img_server:/home/jlmre/create3_ws/install/image_png_player:/home/jlmre/create3_ws/install/ez_nav:/home/jlmre/create3_ws/install/bringup:/opt/ros/humble LD_LIBRARY_PATH=/home/jlmre/create3_ws/install/irobot_create_toolbox/lib:/home/jlmre/create3_ws/install/irobot_create_nodes/lib:/home/jlmre/create3_ws/install/irobot_create_ignition_toolbox/lib:/home/jlmre/create3_ws/install/irobot_create_gazebo_plugins/lib:/usr/local/lib:/usr/lib/x86_64-linux-gnu/gazebo-11/plugins:/opt/ros/humble/opt/rviz_ogre_vendor/lib:/opt/ros/humble/lib/x86_64-linux-gnu:/opt/ros/humble/lib /usr/bin/cmake --build /home/jlmre/create3_ws/build/irobot_create_ignition_toolbox -- -j16 -l16
[0.096s] [ 11%] Built target irobot_create_ignition_interface_buttons_lib
[0.104s] [ 22%] Built target irobot_create_ignition_pose_republisher_lib
[0.123s] [ 66%] Built target irobot_create_ignition_sensors_lib
[0.141s] [ 77%] Built target pose_republisher_node
[0.145s] [ 88%] Built target interface_buttons_node
[0.155s] [100%] Built target sensors_node
[0.185s] Invoked command in '/home/jlmre/create3_ws/build/irobot_create_ignition_toolbox' returned '0': CMAKE_PREFIX_PATH=/home/jlmre/create3_ws/install/irobot_create_toolbox:/home/jlmre/create3_ws/install/irobot_create_ignition_sim:/home/jlmre/create3_ws/install/irobot_create_ignition_bringup:/home/jlmre/create3_ws/install/irobot_create_gazebo_sim:/home/jlmre/create3_ws/install/irobot_create_gazebo_bringup:/home/jlmre/create3_ws/install/irobot_create_common_bringup:/home/jlmre/create3_ws/install/irobot_create_nodes:/home/jlmre/create3_ws/install/irobot_create_ignition_toolbox:/home/jlmre/create3_ws/install/irobot_create_gazebo_plugins:/home/jlmre/create3_ws/install/irobot_create_ignition_plugins:/home/jlmre/create3_ws/install/irobot_create_description:/home/jlmre/create3_ws/install/irobot_create_control:/home/jlmre/create3_ws/install/vodom:/home/jlmre/create3_ws/install/pr_pkg:/home/jlmre/create3_ws/install/img_server:/home/jlmre/create3_ws/install/image_png_player:/home/jlmre/create3_ws/install/ez_nav:/home/jlmre/create3_ws/install/bringup:/opt/ros/humble LD_LIBRARY_PATH=/home/jlmre/create3_ws/install/irobot_create_toolbox/lib:/home/jlmre/create3_ws/install/irobot_create_nodes/lib:/home/jlmre/create3_ws/install/irobot_create_ignition_toolbox/lib:/home/jlmre/create3_ws/install/irobot_create_gazebo_plugins/lib:/usr/local/lib:/usr/lib/x86_64-linux-gnu/gazebo-11/plugins:/opt/ros/humble/opt/rviz_ogre_vendor/lib:/opt/ros/humble/lib/x86_64-linux-gnu:/opt/ros/humble/lib /usr/bin/cmake --build /home/jlmre/create3_ws/build/irobot_create_ignition_toolbox -- -j16 -l16
[0.187s] Invoking command in '/home/jlmre/create3_ws/build/irobot_create_ignition_toolbox': CMAKE_PREFIX_PATH=/home/jlmre/create3_ws/install/irobot_create_toolbox:/home/jlmre/create3_ws/install/irobot_create_ignition_sim:/home/jlmre/create3_ws/install/irobot_create_ignition_bringup:/home/jlmre/create3_ws/install/irobot_create_gazebo_sim:/home/jlmre/create3_ws/install/irobot_create_gazebo_bringup:/home/jlmre/create3_ws/install/irobot_create_common_bringup:/home/jlmre/create3_ws/install/irobot_create_nodes:/home/jlmre/create3_ws/install/irobot_create_ignition_toolbox:/home/jlmre/create3_ws/install/irobot_create_gazebo_plugins:/home/jlmre/create3_ws/install/irobot_create_ignition_plugins:/home/jlmre/create3_ws/install/irobot_create_description:/home/jlmre/create3_ws/install/irobot_create_control:/home/jlmre/create3_ws/install/vodom:/home/jlmre/create3_ws/install/pr_pkg:/home/jlmre/create3_ws/install/img_server:/home/jlmre/create3_ws/install/image_png_player:/home/jlmre/create3_ws/install/ez_nav:/home/jlmre/create3_ws/install/bringup:/opt/ros/humble LD_LIBRARY_PATH=/home/jlmre/create3_ws/install/irobot_create_toolbox/lib:/home/jlmre/create3_ws/install/irobot_create_nodes/lib:/home/jlmre/create3_ws/install/irobot_create_ignition_toolbox/lib:/home/jlmre/create3_ws/install/irobot_create_gazebo_plugins/lib:/usr/local/lib:/usr/lib/x86_64-linux-gnu/gazebo-11/plugins:/opt/ros/humble/opt/rviz_ogre_vendor/lib:/opt/ros/humble/lib/x86_64-linux-gnu:/opt/ros/humble/lib /usr/bin/cmake --install /home/jlmre/create3_ws/build/irobot_create_ignition_toolbox
[0.197s] -- Install configuration: ""
[0.197s] -- Up-to-date: /home/jlmre/create3_ws/install/irobot_create_ignition_toolbox/lib/libirobot_create_ignition_pose_republisher_lib.so
[0.197s] -- Up-to-date: /home/jlmre/create3_ws/install/irobot_create_ignition_toolbox/lib/libirobot_create_ignition_sensors_lib.so
[0.198s] -- Up-to-date: /home/jlmre/create3_ws/install/irobot_create_ignition_toolbox/lib/libirobot_create_ignition_interface_buttons_lib.so
[0.198s] -- Up-to-date: /home/jlmre/create3_ws/install/irobot_create_ignition_toolbox/lib/irobot_create_ignition_toolbox/pose_republisher_node
[0.198s] -- Up-to-date: /home/jlmre/create3_ws/install/irobot_create_ignition_toolbox/lib/irobot_create_ignition_toolbox/sensors_node
[0.198s] -- Up-to-date: /home/jlmre/create3_ws/install/irobot_create_ignition_toolbox/lib/irobot_create_ignition_toolbox/interface_buttons_node
[0.198s] -- Up-to-date: /home/jlmre/create3_ws/install/irobot_create_ignition_toolbox/include
[0.198s] -- Up-to-date: /home/jlmre/create3_ws/install/irobot_create_ignition_toolbox/include/irobot_create_ignition_toolbox
[0.198s] -- Up-to-date: /home/jlmre/create3_ws/install/irobot_create_ignition_toolbox/include/irobot_create_ignition_toolbox/utils.hpp
[0.198s] -- Up-to-date: /home/jlmre/create3_ws/install/irobot_create_ignition_toolbox/include/irobot_create_ignition_toolbox/pose_republisher
[0.198s] -- Up-to-date: /home/jlmre/create3_ws/install/irobot_create_ignition_toolbox/include/irobot_create_ignition_toolbox/pose_republisher/pose_republisher.hpp
[0.198s] -- Up-to-date: /home/jlmre/create3_ws/install/irobot_create_ignition_toolbox/include/irobot_create_ignition_toolbox/sensors
[0.198s] -- Up-to-date: /home/jlmre/create3_ws/install/irobot_create_ignition_toolbox/include/irobot_create_ignition_toolbox/sensors/cliff.hpp
[0.198s] -- Up-to-date: /home/jlmre/create3_ws/install/irobot_create_ignition_toolbox/include/irobot_create_ignition_toolbox/sensors/bumper.hpp
[0.198s] -- Up-to-date: /home/jlmre/create3_ws/install/irobot_create_ignition_toolbox/include/irobot_create_ignition_toolbox/sensors/mouse.hpp
[0.198s] -- Up-to-date: /home/jlmre/create3_ws/install/irobot_create_ignition_toolbox/include/irobot_create_ignition_toolbox/sensors/sensors_node.hpp
[0.199s] -- Up-to-date: /home/jlmre/create3_ws/install/irobot_create_ignition_toolbox/include/irobot_create_ignition_toolbox/sensors/wheel_drop.hpp
[0.199s] -- Up-to-date: /home/jlmre/create3_ws/install/irobot_create_ignition_toolbox/include/irobot_create_ignition_toolbox/sensors/ir_intensity.hpp
[0.199s] -- Up-to-date: /home/jlmre/create3_ws/install/irobot_create_ignition_toolbox/include/irobot_create_ignition_toolbox/sensors/ir_opcode.hpp
[0.199s] -- Up-to-date: /home/jlmre/create3_ws/install/irobot_create_ignition_toolbox/include/irobot_create_ignition_toolbox/interface_buttons
[0.199s] -- Up-to-date: /home/jlmre/create3_ws/install/irobot_create_ignition_toolbox/include/irobot_create_ignition_toolbox/interface_buttons/interface_buttons_node.hpp
[0.199s] -- Up-to-date: /home/jlmre/create3_ws/install/irobot_create_ignition_toolbox/share/irobot_create_ignition_toolbox/environment/library_path.sh
[0.199s] -- Up-to-date: /home/jlmre/create3_ws/install/irobot_create_ignition_toolbox/share/irobot_create_ignition_toolbox/environment/library_path.dsv
[0.199s] -- Up-to-date: /home/jlmre/create3_ws/install/irobot_create_ignition_toolbox/share/ament_index/resource_index/package_run_dependencies/irobot_create_ignition_toolbox
[0.199s] -- Up-to-date: /home/jlmre/create3_ws/install/irobot_create_ignition_toolbox/share/ament_index/resource_index/parent_prefix_path/irobot_create_ignition_toolbox
[0.199s] -- Up-to-date: /home/jlmre/create3_ws/install/irobot_create_ignition_toolbox/share/irobot_create_ignition_toolbox/environment/ament_prefix_path.sh
[0.199s] -- Up-to-date: /home/jlmre/create3_ws/install/irobot_create_ignition_toolbox/share/irobot_create_ignition_toolbox/environment/ament_prefix_path.dsv
[0.200s] -- Up-to-date: /home/jlmre/create3_ws/install/irobot_create_ignition_toolbox/share/irobot_create_ignition_toolbox/environment/path.sh
[0.201s] -- Up-to-date: /home/jlmre/create3_ws/install/irobot_create_ignition_toolbox/share/irobot_create_ignition_toolbox/environment/path.dsv
[0.201s] -- Up-to-date: /home/jlmre/create3_ws/install/irobot_create_ignition_toolbox/share/irobot_create_ignition_toolbox/local_setup.bash
[0.201s] -- Up-to-date: /home/jlmre/create3_ws/install/irobot_create_ignition_toolbox/share/irobot_create_ignition_toolbox/local_setup.sh
[0.201s] -- Up-to-date: /home/jlmre/create3_ws/install/irobot_create_ignition_toolbox/share/irobot_create_ignition_toolbox/local_setup.zsh
[0.201s] -- Up-to-date: /home/jlmre/create3_ws/install/irobot_create_ignition_toolbox/share/irobot_create_ignition_toolbox/local_setup.dsv
[0.201s] -- Installing: /home/jlmre/create3_ws/install/irobot_create_ignition_toolbox/share/irobot_create_ignition_toolbox/package.dsv
[0.201s] -- Up-to-date: /home/jlmre/create3_ws/install/irobot_create_ignition_toolbox/share/ament_index/resource_index/packages/irobot_create_ignition_toolbox
[0.201s] -- Up-to-date: /home/jlmre/create3_ws/install/irobot_create_ignition_toolbox/share/irobot_create_ignition_toolbox/cmake/ament_cmake_export_include_directories-extras.cmake
[0.201s] -- Up-to-date: /home/jlmre/create3_ws/install/irobot_create_ignition_toolbox/share/irobot_create_ignition_toolbox/cmake/ament_cmake_export_libraries-extras.cmake
[0.201s] -- Up-to-date: /home/jlmre/create3_ws/install/irobot_create_ignition_toolbox/share/irobot_create_ignition_toolbox/cmake/ament_cmake_export_dependencies-extras.cmake
[0.201s] -- Up-to-date: /home/jlmre/create3_ws/install/irobot_create_ignition_toolbox/share/irobot_create_ignition_toolbox/cmake/irobot_create_ignition_toolboxConfig.cmake
[0.201s] -- Up-to-date: /home/jlmre/create3_ws/install/irobot_create_ignition_toolbox/share/irobot_create_ignition_toolbox/cmake/irobot_create_ignition_toolboxConfig-version.cmake
[0.201s] -- Up-to-date: /home/jlmre/create3_ws/install/irobot_create_ignition_toolbox/share/irobot_create_ignition_toolbox/package.xml
[0.202s] Invoked command in '/home/jlmre/create3_ws/build/irobot_create_ignition_toolbox' returned '0': CMAKE_PREFIX_PATH=/home/jlmre/create3_ws/install/irobot_create_toolbox:/home/jlmre/create3_ws/install/irobot_create_ignition_sim:/home/jlmre/create3_ws/install/irobot_create_ignition_bringup:/home/jlmre/create3_ws/install/irobot_create_gazebo_sim:/home/jlmre/create3_ws/install/irobot_create_gazebo_bringup:/home/jlmre/create3_ws/install/irobot_create_common_bringup:/home/jlmre/create3_ws/install/irobot_create_nodes:/home/jlmre/create3_ws/install/irobot_create_ignition_toolbox:/home/jlmre/create3_ws/install/irobot_create_gazebo_plugins:/home/jlmre/create3_ws/install/irobot_create_ignition_plugins:/home/jlmre/create3_ws/install/irobot_create_description:/home/jlmre/create3_ws/install/irobot_create_control:/home/jlmre/create3_ws/install/vodom:/home/jlmre/create3_ws/install/pr_pkg:/home/jlmre/create3_ws/install/img_server:/home/jlmre/create3_ws/install/image_png_player:/home/jlmre/create3_ws/install/ez_nav:/home/jlmre/create3_ws/install/bringup:/opt/ros/humble LD_LIBRARY_PATH=/home/jlmre/create3_ws/install/irobot_create_toolbox/lib:/home/jlmre/create3_ws/install/irobot_create_nodes/lib:/home/jlmre/create3_ws/install/irobot_create_ignition_toolbox/lib:/home/jlmre/create3_ws/install/irobot_create_gazebo_plugins/lib:/usr/local/lib:/usr/lib/x86_64-linux-gnu/gazebo-11/plugins:/opt/ros/humble/opt/rviz_ogre_vendor/lib:/opt/ros/humble/lib/x86_64-linux-gnu:/opt/ros/humble/lib /usr/bin/cmake --install /home/jlmre/create3_ws/build/irobot_create_ignition_toolbox
