[1.457s] Invoking command in '/home/jlmre/create3_ws/src/img_server': PYTHONPATH=/home/jlmre/create3_ws/build/img_server/prefix_override:/usr/lib/python3/dist-packages/colcon_core/task/python/colcon_distutils_commands:/home/jlmre/create3_ws/install/img_server/lib/python3.10/site-packages:${PYTHONPATH} /usr/bin/python3 -W ignore:setup.py install is deprecated -W ignore:easy_install command is deprecated setup.py egg_info --egg-base ../../build/img_server build --build-base /home/jlmre/create3_ws/build/img_server/build install --record /home/jlmre/create3_ws/build/img_server/install.log --single-version-externally-managed install_data
[1.642s] running egg_info
[1.642s] writing ../../build/img_server/img_server.egg-info/PKG-INFO
[1.643s] writing dependency_links to ../../build/img_server/img_server.egg-info/dependency_links.txt
[1.643s] writing entry points to ../../build/img_server/img_server.egg-info/entry_points.txt
[1.643s] writing requirements to ../../build/img_server/img_server.egg-info/requires.txt
[1.643s] writing top-level names to ../../build/img_server/img_server.egg-info/top_level.txt
[1.644s] reading manifest file '../../build/img_server/img_server.egg-info/SOURCES.txt'
[1.645s] writing manifest file '../../build/img_server/img_server.egg-info/SOURCES.txt'
[1.645s] running build
[1.645s] running build_py
[1.645s] running install
[1.646s] running install_lib
[1.647s] running install_data
[1.647s] running install_egg_info
[1.648s] removing '/home/jlmre/create3_ws/install/img_server/lib/python3.10/site-packages/img_server-0.0.0-py3.10.egg-info' (and everything under it)
[1.649s] Copying ../../build/img_server/img_server.egg-info to /home/jlmre/create3_ws/install/img_server/lib/python3.10/site-packages/img_server-0.0.0-py3.10.egg-info
[1.649s] running install_scripts
[1.668s] Installing img_server_node script to /home/jlmre/create3_ws/install/img_server/lib/img_server
[1.668s] writing list of installed files to '/home/jlmre/create3_ws/build/img_server/install.log'
[1.750s] Invoked command in '/home/jlmre/create3_ws/src/img_server' returned '0': PYTHONPATH=/home/jlmre/create3_ws/build/img_server/prefix_override:/usr/lib/python3/dist-packages/colcon_core/task/python/colcon_distutils_commands:/home/jlmre/create3_ws/install/img_server/lib/python3.10/site-packages:${PYTHONPATH} /usr/bin/python3 -W ignore:setup.py install is deprecated -W ignore:easy_install command is deprecated setup.py egg_info --egg-base ../../build/img_server build --build-base /home/jlmre/create3_ws/build/img_server/build install --record /home/jlmre/create3_ws/build/img_server/install.log --single-version-externally-managed install_data
