[0.860s] Invoking command in '/home/jlmre/Proyectos_Robotica/create3_ws/src/ez_nav': PYTHONPATH=/home/jlmre/Proyectos_Robotica/create3_ws/build/ez_nav/prefix_override:/usr/lib/python3/dist-packages/colcon_core/task/python/colcon_distutils_commands:/home/jlmre/Proyectos_Robotica/create3_ws/install/ez_nav/lib/python3.10/site-packages:${PYTHONPATH} /usr/bin/python3 -W ignore:setup.py install is deprecated -W ignore:easy_install command is deprecated setup.py egg_info --egg-base ../../build/ez_nav build --build-base /home/jlmre/Proyectos_Robotica/create3_ws/build/ez_nav/build install --record /home/jlmre/Proyectos_Robotica/create3_ws/build/ez_nav/install.log --single-version-externally-managed install_data
[1.011s] running egg_info
[1.012s] writing ../../build/ez_nav/ez_nav.egg-info/PKG-INFO
[1.012s] writing dependency_links to ../../build/ez_nav/ez_nav.egg-info/dependency_links.txt
[1.012s] writing entry points to ../../build/ez_nav/ez_nav.egg-info/entry_points.txt
[1.012s] writing requirements to ../../build/ez_nav/ez_nav.egg-info/requires.txt
[1.012s] writing top-level names to ../../build/ez_nav/ez_nav.egg-info/top_level.txt
[1.013s] reading manifest file '../../build/ez_nav/ez_nav.egg-info/SOURCES.txt'
[1.014s] writing manifest file '../../build/ez_nav/ez_nav.egg-info/SOURCES.txt'
[1.014s] running build
[1.014s] running build_py
[1.014s] copying ez_nav/ez_nav_node.py -> /home/jlmre/Proyectos_Robotica/create3_ws/build/ez_nav/build/lib/ez_nav
[1.014s] running install
[1.014s] running install_lib
[1.015s] copying /home/jlmre/Proyectos_Robotica/create3_ws/build/ez_nav/build/lib/ez_nav/ez_nav_node.py -> /home/jlmre/Proyectos_Robotica/create3_ws/install/ez_nav/lib/python3.10/site-packages/ez_nav
[1.016s] byte-compiling /home/jlmre/Proyectos_Robotica/create3_ws/install/ez_nav/lib/python3.10/site-packages/ez_nav/ez_nav_node.py to ez_nav_node.cpython-310.pyc
[1.017s] running install_data
[1.017s] running install_egg_info
[1.018s] removing '/home/jlmre/Proyectos_Robotica/create3_ws/install/ez_nav/lib/python3.10/site-packages/ez_nav-0.0.0-py3.10.egg-info' (and everything under it)
[1.019s] Copying ../../build/ez_nav/ez_nav.egg-info to /home/jlmre/Proyectos_Robotica/create3_ws/install/ez_nav/lib/python3.10/site-packages/ez_nav-0.0.0-py3.10.egg-info
[1.019s] running install_scripts
[1.037s] Installing ez_nav_node script to /home/jlmre/Proyectos_Robotica/create3_ws/install/ez_nav/lib/ez_nav
[1.037s] writing list of installed files to '/home/jlmre/Proyectos_Robotica/create3_ws/build/ez_nav/install.log'
[1.072s] Invoked command in '/home/jlmre/Proyectos_Robotica/create3_ws/src/ez_nav' returned '0': PYTHONPATH=/home/jlmre/Proyectos_Robotica/create3_ws/build/ez_nav/prefix_override:/usr/lib/python3/dist-packages/colcon_core/task/python/colcon_distutils_commands:/home/jlmre/Proyectos_Robotica/create3_ws/install/ez_nav/lib/python3.10/site-packages:${PYTHONPATH} /usr/bin/python3 -W ignore:setup.py install is deprecated -W ignore:easy_install command is deprecated setup.py egg_info --egg-base ../../build/ez_nav build --build-base /home/jlmre/Proyectos_Robotica/create3_ws/build/ez_nav/build install --record /home/jlmre/Proyectos_Robotica/create3_ws/build/ez_nav/install.log --single-version-externally-managed install_data
