[0.015s] Invoking command in '/home/jlmre/create3_ws/build/irobot_create_gazebo_sim': AMENT_PREFIX_PATH=/home/jlmre/create3_ws/install/irobot_create_gazebo_bringup:/home/jlmre/create3_ws/install/irobot_create_common_bringup:/home/jlmre/create3_ws/install/irobot_create_nodes:/home/jlmre/create3_ws/install/irobot_create_gazebo_plugins:/home/jlmre/create3_ws/install/irobot_create_toolbox:${AMENT_PREFIX_PATH} CMAKE_PREFIX_PATH=/home/jlmre/create3_ws/install/irobot_create_gazebo_bringup:/home/jlmre/create3_ws/install/irobot_create_common_bringup:/home/jlmre/create3_ws/install/irobot_create_nodes:/home/jlmre/create3_ws/install/irobot_create_gazebo_plugins:/home/jlmre/create3_ws/install/irobot_create_toolbox:/home/jlmre/create3_ws/install/irobot_create_description:/home/jlmre/create3_ws/install/irobot_create_control:/opt/ros/humble LD_LIBRARY_PATH=/home/jlmre/create3_ws/install/irobot_create_nodes/lib:/home/jlmre/create3_ws/install/irobot_create_gazebo_plugins/lib:/home/jlmre/create3_ws/install/irobot_create_toolbox/lib:${LD_LIBRARY_PATH} PYTHONPATH=/home/jlmre/create3_ws/install/irobot_create_common_bringup/local/lib/python3.10/dist-packages:${PYTHONPATH} /usr/bin/cmake /home/jlmre/create3_ws/src/create3_sim/irobot_create_gazebo/irobot_create_gazebo_sim -DCMAKE_INSTALL_PREFIX=/home/jlmre/create3_ws/install/irobot_create_gazebo_sim
[0.060s] -- The C compiler identification is GNU 11.4.0
[0.102s] -- The CXX compiler identification is GNU 11.4.0
[0.108s] -- Detecting C compiler ABI info
[0.163s] -- Detecting C compiler ABI info - done
[0.167s] -- Check for working C compiler: /usr/bin/cc - skipped
[0.167s] -- Detecting C compile features
[0.168s] -- Detecting C compile features - done
[0.169s] -- Detecting CXX compiler ABI info
[0.232s] -- Detecting CXX compiler ABI info - done
[0.236s] -- Check for working CXX compiler: /usr/bin/c++ - skipped
[0.236s] -- Detecting CXX compile features
[0.237s] -- Detecting CXX compile features - done
[0.239s] -- Found ament_cmake: 1.3.12 (/opt/ros/humble/share/ament_cmake/cmake)
[0.341s] -- Found Python3: /usr/bin/python3 (found version "3.10.12") found components: Interpreter 
[0.443s] -- Configuring done
[0.444s] -- Generating done
[0.445s] -- Build files have been written to: /home/jlmre/create3_ws/build/irobot_create_gazebo_sim
[0.448s] Invoked command in '/home/jlmre/create3_ws/build/irobot_create_gazebo_sim' returned '0': AMENT_PREFIX_PATH=/home/jlmre/create3_ws/install/irobot_create_gazebo_bringup:/home/jlmre/create3_ws/install/irobot_create_common_bringup:/home/jlmre/create3_ws/install/irobot_create_nodes:/home/jlmre/create3_ws/install/irobot_create_gazebo_plugins:/home/jlmre/create3_ws/install/irobot_create_toolbox:${AMENT_PREFIX_PATH} CMAKE_PREFIX_PATH=/home/jlmre/create3_ws/install/irobot_create_gazebo_bringup:/home/jlmre/create3_ws/install/irobot_create_common_bringup:/home/jlmre/create3_ws/install/irobot_create_nodes:/home/jlmre/create3_ws/install/irobot_create_gazebo_plugins:/home/jlmre/create3_ws/install/irobot_create_toolbox:/home/jlmre/create3_ws/install/irobot_create_description:/home/jlmre/create3_ws/install/irobot_create_control:/opt/ros/humble LD_LIBRARY_PATH=/home/jlmre/create3_ws/install/irobot_create_nodes/lib:/home/jlmre/create3_ws/install/irobot_create_gazebo_plugins/lib:/home/jlmre/create3_ws/install/irobot_create_toolbox/lib:${LD_LIBRARY_PATH} PYTHONPATH=/home/jlmre/create3_ws/install/irobot_create_common_bringup/local/lib/python3.10/dist-packages:${PYTHONPATH} /usr/bin/cmake /home/jlmre/create3_ws/src/create3_sim/irobot_create_gazebo/irobot_create_gazebo_sim -DCMAKE_INSTALL_PREFIX=/home/jlmre/create3_ws/install/irobot_create_gazebo_sim
[0.450s] Invoking command in '/home/jlmre/create3_ws/build/irobot_create_gazebo_sim': AMENT_PREFIX_PATH=/home/jlmre/create3_ws/install/irobot_create_gazebo_bringup:/home/jlmre/create3_ws/install/irobot_create_common_bringup:/home/jlmre/create3_ws/install/irobot_create_nodes:/home/jlmre/create3_ws/install/irobot_create_gazebo_plugins:/home/jlmre/create3_ws/install/irobot_create_toolbox:${AMENT_PREFIX_PATH} CMAKE_PREFIX_PATH=/home/jlmre/create3_ws/install/irobot_create_gazebo_bringup:/home/jlmre/create3_ws/install/irobot_create_common_bringup:/home/jlmre/create3_ws/install/irobot_create_nodes:/home/jlmre/create3_ws/install/irobot_create_gazebo_plugins:/home/jlmre/create3_ws/install/irobot_create_toolbox:/home/jlmre/create3_ws/install/irobot_create_description:/home/jlmre/create3_ws/install/irobot_create_control:/opt/ros/humble LD_LIBRARY_PATH=/home/jlmre/create3_ws/install/irobot_create_nodes/lib:/home/jlmre/create3_ws/install/irobot_create_gazebo_plugins/lib:/home/jlmre/create3_ws/install/irobot_create_toolbox/lib:${LD_LIBRARY_PATH} PYTHONPATH=/home/jlmre/create3_ws/install/irobot_create_common_bringup/local/lib/python3.10/dist-packages:${PYTHONPATH} /usr/bin/cmake --build /home/jlmre/create3_ws/build/irobot_create_gazebo_sim -- -j16 -l16
[0.484s] Invoked command in '/home/jlmre/create3_ws/build/irobot_create_gazebo_sim' returned '0': AMENT_PREFIX_PATH=/home/jlmre/create3_ws/install/irobot_create_gazebo_bringup:/home/jlmre/create3_ws/install/irobot_create_common_bringup:/home/jlmre/create3_ws/install/irobot_create_nodes:/home/jlmre/create3_ws/install/irobot_create_gazebo_plugins:/home/jlmre/create3_ws/install/irobot_create_toolbox:${AMENT_PREFIX_PATH} CMAKE_PREFIX_PATH=/home/jlmre/create3_ws/install/irobot_create_gazebo_bringup:/home/jlmre/create3_ws/install/irobot_create_common_bringup:/home/jlmre/create3_ws/install/irobot_create_nodes:/home/jlmre/create3_ws/install/irobot_create_gazebo_plugins:/home/jlmre/create3_ws/install/irobot_create_toolbox:/home/jlmre/create3_ws/install/irobot_create_description:/home/jlmre/create3_ws/install/irobot_create_control:/opt/ros/humble LD_LIBRARY_PATH=/home/jlmre/create3_ws/install/irobot_create_nodes/lib:/home/jlmre/create3_ws/install/irobot_create_gazebo_plugins/lib:/home/jlmre/create3_ws/install/irobot_create_toolbox/lib:${LD_LIBRARY_PATH} PYTHONPATH=/home/jlmre/create3_ws/install/irobot_create_common_bringup/local/lib/python3.10/dist-packages:${PYTHONPATH} /usr/bin/cmake --build /home/jlmre/create3_ws/build/irobot_create_gazebo_sim -- -j16 -l16
[0.485s] Invoking command in '/home/jlmre/create3_ws/build/irobot_create_gazebo_sim': AMENT_PREFIX_PATH=/home/jlmre/create3_ws/install/irobot_create_gazebo_bringup:/home/jlmre/create3_ws/install/irobot_create_common_bringup:/home/jlmre/create3_ws/install/irobot_create_nodes:/home/jlmre/create3_ws/install/irobot_create_gazebo_plugins:/home/jlmre/create3_ws/install/irobot_create_toolbox:${AMENT_PREFIX_PATH} CMAKE_PREFIX_PATH=/home/jlmre/create3_ws/install/irobot_create_gazebo_bringup:/home/jlmre/create3_ws/install/irobot_create_common_bringup:/home/jlmre/create3_ws/install/irobot_create_nodes:/home/jlmre/create3_ws/install/irobot_create_gazebo_plugins:/home/jlmre/create3_ws/install/irobot_create_toolbox:/home/jlmre/create3_ws/install/irobot_create_description:/home/jlmre/create3_ws/install/irobot_create_control:/opt/ros/humble LD_LIBRARY_PATH=/home/jlmre/create3_ws/install/irobot_create_nodes/lib:/home/jlmre/create3_ws/install/irobot_create_gazebo_plugins/lib:/home/jlmre/create3_ws/install/irobot_create_toolbox/lib:${LD_LIBRARY_PATH} PYTHONPATH=/home/jlmre/create3_ws/install/irobot_create_common_bringup/local/lib/python3.10/dist-packages:${PYTHONPATH} /usr/bin/cmake --install /home/jlmre/create3_ws/build/irobot_create_gazebo_sim
[0.491s] -- Install configuration: ""
[0.491s] -- Installing: /home/jlmre/create3_ws/install/irobot_create_gazebo_sim/share/ament_index/resource_index/package_run_dependencies/irobot_create_gazebo_sim
[0.492s] -- Installing: /home/jlmre/create3_ws/install/irobot_create_gazebo_sim/share/ament_index/resource_index/parent_prefix_path/irobot_create_gazebo_sim
[0.492s] -- Installing: /home/jlmre/create3_ws/install/irobot_create_gazebo_sim/share/irobot_create_gazebo_sim/environment/ament_prefix_path.sh
[0.492s] -- Installing: /home/jlmre/create3_ws/install/irobot_create_gazebo_sim/share/irobot_create_gazebo_sim/environment/ament_prefix_path.dsv
[0.492s] -- Installing: /home/jlmre/create3_ws/install/irobot_create_gazebo_sim/share/irobot_create_gazebo_sim/environment/path.sh
[0.492s] -- Installing: /home/jlmre/create3_ws/install/irobot_create_gazebo_sim/share/irobot_create_gazebo_sim/environment/path.dsv
[0.492s] -- Installing: /home/jlmre/create3_ws/install/irobot_create_gazebo_sim/share/irobot_create_gazebo_sim/local_setup.bash
[0.492s] -- Installing: /home/jlmre/create3_ws/install/irobot_create_gazebo_sim/share/irobot_create_gazebo_sim/local_setup.sh
[0.493s] -- Installing: /home/jlmre/create3_ws/install/irobot_create_gazebo_sim/share/irobot_create_gazebo_sim/local_setup.zsh
[0.493s] -- Installing: /home/jlmre/create3_ws/install/irobot_create_gazebo_sim/share/irobot_create_gazebo_sim/local_setup.dsv
[0.493s] -- Installing: /home/jlmre/create3_ws/install/irobot_create_gazebo_sim/share/irobot_create_gazebo_sim/package.dsv
[0.493s] -- Installing: /home/jlmre/create3_ws/install/irobot_create_gazebo_sim/share/ament_index/resource_index/packages/irobot_create_gazebo_sim
[0.493s] -- Installing: /home/jlmre/create3_ws/install/irobot_create_gazebo_sim/share/irobot_create_gazebo_sim/cmake/irobot_create_gazebo_simConfig.cmake
[0.493s] -- Installing: /home/jlmre/create3_ws/install/irobot_create_gazebo_sim/share/irobot_create_gazebo_sim/cmake/irobot_create_gazebo_simConfig-version.cmake
[0.493s] -- Installing: /home/jlmre/create3_ws/install/irobot_create_gazebo_sim/share/irobot_create_gazebo_sim/package.xml
[0.495s] Invoked command in '/home/jlmre/create3_ws/build/irobot_create_gazebo_sim' returned '0': AMENT_PREFIX_PATH=/home/jlmre/create3_ws/install/irobot_create_gazebo_bringup:/home/jlmre/create3_ws/install/irobot_create_common_bringup:/home/jlmre/create3_ws/install/irobot_create_nodes:/home/jlmre/create3_ws/install/irobot_create_gazebo_plugins:/home/jlmre/create3_ws/install/irobot_create_toolbox:${AMENT_PREFIX_PATH} CMAKE_PREFIX_PATH=/home/jlmre/create3_ws/install/irobot_create_gazebo_bringup:/home/jlmre/create3_ws/install/irobot_create_common_bringup:/home/jlmre/create3_ws/install/irobot_create_nodes:/home/jlmre/create3_ws/install/irobot_create_gazebo_plugins:/home/jlmre/create3_ws/install/irobot_create_toolbox:/home/jlmre/create3_ws/install/irobot_create_description:/home/jlmre/create3_ws/install/irobot_create_control:/opt/ros/humble LD_LIBRARY_PATH=/home/jlmre/create3_ws/install/irobot_create_nodes/lib:/home/jlmre/create3_ws/install/irobot_create_gazebo_plugins/lib:/home/jlmre/create3_ws/install/irobot_create_toolbox/lib:${LD_LIBRARY_PATH} PYTHONPATH=/home/jlmre/create3_ws/install/irobot_create_common_bringup/local/lib/python3.10/dist-packages:${PYTHONPATH} /usr/bin/cmake --install /home/jlmre/create3_ws/build/irobot_create_gazebo_sim
