[0.015s] Invoking command in '/home/jlmre/create3_ws/build/irobot_create_nodes': CMAKE_PREFIX_PATH=/home/jlmre/create3_ws/install/irobot_create_toolbox:/home/jlmre/create3_ws/install/irobot_create_ignition_sim:/home/jlmre/create3_ws/install/irobot_create_ignition_bringup:/home/jlmre/create3_ws/install/irobot_create_gazebo_sim:/home/jlmre/create3_ws/install/irobot_create_gazebo_bringup:/home/jlmre/create3_ws/install/irobot_create_common_bringup:/home/jlmre/create3_ws/install/irobot_create_nodes:/home/jlmre/create3_ws/install/irobot_create_ignition_toolbox:/home/jlmre/create3_ws/install/irobot_create_gazebo_plugins:/home/jlmre/create3_ws/install/irobot_create_ignition_plugins:/home/jlmre/create3_ws/install/irobot_create_description:/home/jlmre/create3_ws/install/irobot_create_control:/home/jlmre/create3_ws/install/vodom:/home/jlmre/create3_ws/install/pr_pkg:/home/jlmre/create3_ws/install/img_server:/home/jlmre/create3_ws/install/image_png_player:/home/jlmre/create3_ws/install/ez_nav:/home/jlmre/create3_ws/install/bringup:/opt/ros/humble LD_LIBRARY_PATH=/home/jlmre/create3_ws/install/irobot_create_toolbox/lib:/home/jlmre/create3_ws/install/irobot_create_nodes/lib:/home/jlmre/create3_ws/install/irobot_create_ignition_toolbox/lib:/home/jlmre/create3_ws/install/irobot_create_gazebo_plugins/lib:/usr/local/lib:/usr/lib/x86_64-linux-gnu/gazebo-11/plugins:/opt/ros/humble/opt/rviz_ogre_vendor/lib:/opt/ros/humble/lib/x86_64-linux-gnu:/opt/ros/humble/lib /usr/bin/cmake --build /home/jlmre/create3_ws/build/irobot_create_nodes -- -j16 -l16
[0.094s] [  5%] Built target ir_intensity_vector_publisher
[0.095s] [ 10%] Built target motion_control
[0.097s] [ 16%] Built target ir_intensity_publisher_lib
[0.097s] [ 21%] Built target hazard_publisher_lib
[0.097s] [ 27%] Built target wheel_status_publisher
[0.098s] [ 32%] Built target hazards_vector_publisher
[0.103s] [ 37%] Built target wheel_status_publisher_lib
[0.109s] [ 43%] Built target robot_state_lib
[0.109s] [ 62%] Built target motion_control_lib
[0.111s] [ 67%] Built target robot_state
[0.122s] [ 72%] Built target ui_mgr_lib
[0.133s] [ 78%] Built target mock_publisher_lib
[0.133s] [ 83%] Built target kidnap_estimator_publisher
[0.136s] [ 89%] Built target ui_mgr
[0.139s] [ 94%] Built target mock_publisher
[0.143s] [100%] Built target kidnap_estimator_publisher_lib
[0.158s] Invoked command in '/home/jlmre/create3_ws/build/irobot_create_nodes' returned '0': CMAKE_PREFIX_PATH=/home/jlmre/create3_ws/install/irobot_create_toolbox:/home/jlmre/create3_ws/install/irobot_create_ignition_sim:/home/jlmre/create3_ws/install/irobot_create_ignition_bringup:/home/jlmre/create3_ws/install/irobot_create_gazebo_sim:/home/jlmre/create3_ws/install/irobot_create_gazebo_bringup:/home/jlmre/create3_ws/install/irobot_create_common_bringup:/home/jlmre/create3_ws/install/irobot_create_nodes:/home/jlmre/create3_ws/install/irobot_create_ignition_toolbox:/home/jlmre/create3_ws/install/irobot_create_gazebo_plugins:/home/jlmre/create3_ws/install/irobot_create_ignition_plugins:/home/jlmre/create3_ws/install/irobot_create_description:/home/jlmre/create3_ws/install/irobot_create_control:/home/jlmre/create3_ws/install/vodom:/home/jlmre/create3_ws/install/pr_pkg:/home/jlmre/create3_ws/install/img_server:/home/jlmre/create3_ws/install/image_png_player:/home/jlmre/create3_ws/install/ez_nav:/home/jlmre/create3_ws/install/bringup:/opt/ros/humble LD_LIBRARY_PATH=/home/jlmre/create3_ws/install/irobot_create_toolbox/lib:/home/jlmre/create3_ws/install/irobot_create_nodes/lib:/home/jlmre/create3_ws/install/irobot_create_ignition_toolbox/lib:/home/jlmre/create3_ws/install/irobot_create_gazebo_plugins/lib:/usr/local/lib:/usr/lib/x86_64-linux-gnu/gazebo-11/plugins:/opt/ros/humble/opt/rviz_ogre_vendor/lib:/opt/ros/humble/lib/x86_64-linux-gnu:/opt/ros/humble/lib /usr/bin/cmake --build /home/jlmre/create3_ws/build/irobot_create_nodes -- -j16 -l16
[0.159s] Invoking command in '/home/jlmre/create3_ws/build/irobot_create_nodes': CMAKE_PREFIX_PATH=/home/jlmre/create3_ws/install/irobot_create_toolbox:/home/jlmre/create3_ws/install/irobot_create_ignition_sim:/home/jlmre/create3_ws/install/irobot_create_ignition_bringup:/home/jlmre/create3_ws/install/irobot_create_gazebo_sim:/home/jlmre/create3_ws/install/irobot_create_gazebo_bringup:/home/jlmre/create3_ws/install/irobot_create_common_bringup:/home/jlmre/create3_ws/install/irobot_create_nodes:/home/jlmre/create3_ws/install/irobot_create_ignition_toolbox:/home/jlmre/create3_ws/install/irobot_create_gazebo_plugins:/home/jlmre/create3_ws/install/irobot_create_ignition_plugins:/home/jlmre/create3_ws/install/irobot_create_description:/home/jlmre/create3_ws/install/irobot_create_control:/home/jlmre/create3_ws/install/vodom:/home/jlmre/create3_ws/install/pr_pkg:/home/jlmre/create3_ws/install/img_server:/home/jlmre/create3_ws/install/image_png_player:/home/jlmre/create3_ws/install/ez_nav:/home/jlmre/create3_ws/install/bringup:/opt/ros/humble LD_LIBRARY_PATH=/home/jlmre/create3_ws/install/irobot_create_toolbox/lib:/home/jlmre/create3_ws/install/irobot_create_nodes/lib:/home/jlmre/create3_ws/install/irobot_create_ignition_toolbox/lib:/home/jlmre/create3_ws/install/irobot_create_gazebo_plugins/lib:/usr/local/lib:/usr/lib/x86_64-linux-gnu/gazebo-11/plugins:/opt/ros/humble/opt/rviz_ogre_vendor/lib:/opt/ros/humble/lib/x86_64-linux-gnu:/opt/ros/humble/lib /usr/bin/cmake --install /home/jlmre/create3_ws/build/irobot_create_nodes
[0.169s] -- Install configuration: ""
[0.170s] -- Up-to-date: /home/jlmre/create3_ws/install/irobot_create_nodes/lib/irobot_create_nodes/hazards_vector_publisher
[0.170s] -- Up-to-date: /home/jlmre/create3_ws/install/irobot_create_nodes/lib/irobot_create_nodes/ir_intensity_vector_publisher
[0.170s] -- Up-to-date: /home/jlmre/create3_ws/install/irobot_create_nodes/lib/irobot_create_nodes/motion_control
[0.170s] -- Up-to-date: /home/jlmre/create3_ws/install/irobot_create_nodes/lib/irobot_create_nodes/wheel_status_publisher
[0.171s] -- Up-to-date: /home/jlmre/create3_ws/install/irobot_create_nodes/lib/irobot_create_nodes/robot_state
[0.171s] -- Up-to-date: /home/jlmre/create3_ws/install/irobot_create_nodes/lib/irobot_create_nodes/ui_mgr
[0.171s] -- Up-to-date: /home/jlmre/create3_ws/install/irobot_create_nodes/lib/irobot_create_nodes/mock_publisher
[0.172s] -- Up-to-date: /home/jlmre/create3_ws/install/irobot_create_nodes/lib/irobot_create_nodes/kidnap_estimator_publisher
[0.172s] -- Up-to-date: /home/jlmre/create3_ws/install/irobot_create_nodes/lib/libhazard_publisher_lib.so
[0.172s] -- Up-to-date: /home/jlmre/create3_ws/install/irobot_create_nodes/lib/libir_intensity_publisher_lib.so
[0.172s] -- Up-to-date: /home/jlmre/create3_ws/install/irobot_create_nodes/lib/libmotion_control_lib.so
[0.173s] -- Up-to-date: /home/jlmre/create3_ws/install/irobot_create_nodes/lib/libwheel_status_publisher_lib.so
[0.173s] -- Up-to-date: /home/jlmre/create3_ws/install/irobot_create_nodes/lib/librobot_state_lib.so
[0.173s] -- Up-to-date: /home/jlmre/create3_ws/install/irobot_create_nodes/lib/libui_mgr_lib.so
[0.173s] -- Up-to-date: /home/jlmre/create3_ws/install/irobot_create_nodes/lib/libmock_publisher_lib.so
[0.174s] -- Up-to-date: /home/jlmre/create3_ws/install/irobot_create_nodes/lib/libkidnap_estimator_publisher_lib.so
[0.174s] -- Up-to-date: /home/jlmre/create3_ws/install/irobot_create_nodes/include
[0.174s] -- Up-to-date: /home/jlmre/create3_ws/install/irobot_create_nodes/include/irobot_create_nodes
[0.174s] -- Up-to-date: /home/jlmre/create3_ws/install/irobot_create_nodes/include/irobot_create_nodes/motion_control_node.hpp
[0.174s] -- Up-to-date: /home/jlmre/create3_ws/install/irobot_create_nodes/include/irobot_create_nodes/ui_mgr.hpp
[0.174s] -- Up-to-date: /home/jlmre/create3_ws/install/irobot_create_nodes/include/irobot_create_nodes/kidnap_estimator_publisher.hpp
[0.174s] -- Up-to-date: /home/jlmre/create3_ws/install/irobot_create_nodes/include/irobot_create_nodes/ir_intensity_vector_publisher.hpp
[0.175s] -- Up-to-date: /home/jlmre/create3_ws/install/irobot_create_nodes/include/irobot_create_nodes/hazards_vector_publisher.hpp
[0.176s] -- Up-to-date: /home/jlmre/create3_ws/install/irobot_create_nodes/include/irobot_create_nodes/motion_control
[0.176s] -- Up-to-date: /home/jlmre/create3_ws/install/irobot_create_nodes/include/irobot_create_nodes/motion_control/behaviors_scheduler.hpp
[0.176s] -- Up-to-date: /home/jlmre/create3_ws/install/irobot_create_nodes/include/irobot_create_nodes/motion_control/reflex_behavior.hpp
[0.176s] -- Up-to-date: /home/jlmre/create3_ws/install/irobot_create_nodes/include/irobot_create_nodes/motion_control/drive_goal_behaviors.hpp
[0.176s] -- Up-to-date: /home/jlmre/create3_ws/install/irobot_create_nodes/include/irobot_create_nodes/motion_control/docking_behavior.hpp
[0.176s] -- Up-to-date: /home/jlmre/create3_ws/install/irobot_create_nodes/include/irobot_create_nodes/motion_control/simple_goal_controller.hpp
[0.176s] -- Up-to-date: /home/jlmre/create3_ws/install/irobot_create_nodes/include/irobot_create_nodes/motion_control/wall_follow_behavior.hpp
[0.176s] -- Up-to-date: /home/jlmre/create3_ws/install/irobot_create_nodes/include/irobot_create_nodes/motion_control/wall_follow_states.hpp
[0.176s] -- Up-to-date: /home/jlmre/create3_ws/install/irobot_create_nodes/include/irobot_create_nodes/wheels_publisher.hpp
[0.176s] -- Up-to-date: /home/jlmre/create3_ws/install/irobot_create_nodes/include/irobot_create_nodes/mock_publisher.hpp
[0.176s] -- Up-to-date: /home/jlmre/create3_ws/install/irobot_create_nodes/include/irobot_create_nodes/robot_state.hpp
[0.176s] -- Up-to-date: /home/jlmre/create3_ws/install/irobot_create_nodes/share/irobot_create_nodes/environment/library_path.sh
[0.177s] -- Up-to-date: /home/jlmre/create3_ws/install/irobot_create_nodes/share/irobot_create_nodes/environment/library_path.dsv
[0.177s] -- Up-to-date: /home/jlmre/create3_ws/install/irobot_create_nodes/share/ament_index/resource_index/package_run_dependencies/irobot_create_nodes
[0.177s] -- Up-to-date: /home/jlmre/create3_ws/install/irobot_create_nodes/share/ament_index/resource_index/parent_prefix_path/irobot_create_nodes
[0.177s] -- Up-to-date: /home/jlmre/create3_ws/install/irobot_create_nodes/share/irobot_create_nodes/environment/ament_prefix_path.sh
[0.177s] -- Up-to-date: /home/jlmre/create3_ws/install/irobot_create_nodes/share/irobot_create_nodes/environment/ament_prefix_path.dsv
[0.177s] -- Up-to-date: /home/jlmre/create3_ws/install/irobot_create_nodes/share/irobot_create_nodes/environment/path.sh
[0.177s] -- Up-to-date: /home/jlmre/create3_ws/install/irobot_create_nodes/share/irobot_create_nodes/environment/path.dsv
[0.177s] -- Up-to-date: /home/jlmre/create3_ws/install/irobot_create_nodes/share/irobot_create_nodes/local_setup.bash
[0.177s] -- Up-to-date: /home/jlmre/create3_ws/install/irobot_create_nodes/share/irobot_create_nodes/local_setup.sh
[0.177s] -- Up-to-date: /home/jlmre/create3_ws/install/irobot_create_nodes/share/irobot_create_nodes/local_setup.zsh
[0.177s] -- Up-to-date: /home/jlmre/create3_ws/install/irobot_create_nodes/share/irobot_create_nodes/local_setup.dsv
[0.177s] -- Installing: /home/jlmre/create3_ws/install/irobot_create_nodes/share/irobot_create_nodes/package.dsv
[0.179s] -- Up-to-date: /home/jlmre/create3_ws/install/irobot_create_nodes/share/ament_index/resource_index/packages/irobot_create_nodes
[0.179s] -- Up-to-date: /home/jlmre/create3_ws/install/irobot_create_nodes/share/ament_index/resource_index/rclcpp_components/irobot_create_nodes
[0.179s] -- Up-to-date: /home/jlmre/create3_ws/install/irobot_create_nodes/share/irobot_create_nodes/cmake/ament_cmake_export_include_directories-extras.cmake
[0.179s] -- Up-to-date: /home/jlmre/create3_ws/install/irobot_create_nodes/share/irobot_create_nodes/cmake/ament_cmake_export_libraries-extras.cmake
[0.180s] -- Up-to-date: /home/jlmre/create3_ws/install/irobot_create_nodes/share/irobot_create_nodes/cmake/ament_cmake_export_dependencies-extras.cmake
[0.180s] -- Up-to-date: /home/jlmre/create3_ws/install/irobot_create_nodes/share/irobot_create_nodes/cmake/irobot_create_nodesConfig.cmake
[0.180s] -- Up-to-date: /home/jlmre/create3_ws/install/irobot_create_nodes/share/irobot_create_nodes/cmake/irobot_create_nodesConfig-version.cmake
[0.180s] -- Up-to-date: /home/jlmre/create3_ws/install/irobot_create_nodes/share/irobot_create_nodes/package.xml
[0.180s] Invoked command in '/home/jlmre/create3_ws/build/irobot_create_nodes' returned '0': CMAKE_PREFIX_PATH=/home/jlmre/create3_ws/install/irobot_create_toolbox:/home/jlmre/create3_ws/install/irobot_create_ignition_sim:/home/jlmre/create3_ws/install/irobot_create_ignition_bringup:/home/jlmre/create3_ws/install/irobot_create_gazebo_sim:/home/jlmre/create3_ws/install/irobot_create_gazebo_bringup:/home/jlmre/create3_ws/install/irobot_create_common_bringup:/home/jlmre/create3_ws/install/irobot_create_nodes:/home/jlmre/create3_ws/install/irobot_create_ignition_toolbox:/home/jlmre/create3_ws/install/irobot_create_gazebo_plugins:/home/jlmre/create3_ws/install/irobot_create_ignition_plugins:/home/jlmre/create3_ws/install/irobot_create_description:/home/jlmre/create3_ws/install/irobot_create_control:/home/jlmre/create3_ws/install/vodom:/home/jlmre/create3_ws/install/pr_pkg:/home/jlmre/create3_ws/install/img_server:/home/jlmre/create3_ws/install/image_png_player:/home/jlmre/create3_ws/install/ez_nav:/home/jlmre/create3_ws/install/bringup:/opt/ros/humble LD_LIBRARY_PATH=/home/jlmre/create3_ws/install/irobot_create_toolbox/lib:/home/jlmre/create3_ws/install/irobot_create_nodes/lib:/home/jlmre/create3_ws/install/irobot_create_ignition_toolbox/lib:/home/jlmre/create3_ws/install/irobot_create_gazebo_plugins/lib:/usr/local/lib:/usr/lib/x86_64-linux-gnu/gazebo-11/plugins:/opt/ros/humble/opt/rviz_ogre_vendor/lib:/opt/ros/humble/lib/x86_64-linux-gnu:/opt/ros/humble/lib /usr/bin/cmake --install /home/jlmre/create3_ws/build/irobot_create_nodes
