running egg_info
creating ../../build/vodom/vodom.egg-info
writing ../../build/vodom/vodom.egg-info/PKG-INFO
writing dependency_links to ../../build/vodom/vodom.egg-info/dependency_links.txt
writing entry points to ../../build/vodom/vodom.egg-info/entry_points.txt
writing requirements to ../../build/vodom/vodom.egg-info/requires.txt
writing top-level names to ../../build/vodom/vodom.egg-info/top_level.txt
writing manifest file '../../build/vodom/vodom.egg-info/SOURCES.txt'
reading manifest file '../../build/vodom/vodom.egg-info/SOURCES.txt'
writing manifest file '../../build/vodom/vodom.egg-info/SOURCES.txt'
running build
running build_py
creating /home/jlmre/create3_ws/build/vodom/build
creating /home/jlmre/create3_ws/build/vodom/build/lib
creating /home/jlmre/create3_ws/build/vodom/build/lib/vodom
copying vodom/__init__.py -> /home/jlmre/create3_ws/build/vodom/build/lib/vodom
copying vodom/vodom_node.py -> /home/jlmre/create3_ws/build/vodom/build/lib/vodom
running install
running install_lib
creating /home/jlmre/create3_ws/install/vodom/lib/python3.10/site-packages/vodom
copying /home/jlmre/create3_ws/build/vodom/build/lib/vodom/__init__.py -> /home/jlmre/create3_ws/install/vodom/lib/python3.10/site-packages/vodom
copying /home/jlmre/create3_ws/build/vodom/build/lib/vodom/vodom_node.py -> /home/jlmre/create3_ws/install/vodom/lib/python3.10/site-packages/vodom
byte-compiling /home/jlmre/create3_ws/install/vodom/lib/python3.10/site-packages/vodom/__init__.py to __init__.cpython-310.pyc
byte-compiling /home/jlmre/create3_ws/install/vodom/lib/python3.10/site-packages/vodom/vodom_node.py to vodom_node.cpython-310.pyc
running install_data
creating /home/jlmre/create3_ws/install/vodom/share/ament_index
creating /home/jlmre/create3_ws/install/vodom/share/ament_index/resource_index
creating /home/jlmre/create3_ws/install/vodom/share/ament_index/resource_index/packages
copying resource/vodom -> /home/jlmre/create3_ws/install/vodom/share/ament_index/resource_index/packages
copying package.xml -> /home/jlmre/create3_ws/install/vodom/share/vodom
creating /home/jlmre/create3_ws/install/vodom/share/vodom/launch
copying launch/volaunch.launch.py -> /home/jlmre/create3_ws/install/vodom/share/vodom/launch
running install_egg_info
Copying ../../build/vodom/vodom.egg-info to /home/jlmre/create3_ws/install/vodom/lib/python3.10/site-packages/vodom-0.0.1-py3.10.egg-info
running install_scripts
Installing vodom_node script to /home/jlmre/create3_ws/install/vodom/lib/vodom
writing list of installed files to '/home/jlmre/create3_ws/build/vodom/install.log'
