[0.018s] Invoking command in '/home/jlmre/create3_ws/build/irobot_create_gazebo_plugins': AMENT_PREFIX_PATH=/home/jlmre/create3_ws/install/irobot_create_toolbox:${AMENT_PREFIX_PATH} CMAKE_PREFIX_PATH=/home/jlmre/create3_ws/install/irobot_create_toolbox:/opt/ros/humble LD_LIBRARY_PATH=/home/jlmre/create3_ws/install/irobot_create_toolbox/lib:${LD_LIBRARY_PATH} /usr/bin/cmake --build /home/jlmre/create3_ws/build/irobot_create_gazebo_plugins -- -j16 -l16
[0.081s] [ 10%] Built target gazebo_ros_create_helpers
[0.133s] [ 20%] Built target gazebo_ros_create_cliff_sensor
[0.134s] [ 30%] Built target gazebo_ros_create_bumper
[0.134s] [ 40%] Built target gazebo_ros_create_imu
[0.138s] [ 50%] Built target gazebo_ros_create_optical_mouse
[0.141s] [ 60%] Built target gazebo_ros_create_docking_status
[0.142s] [ 70%] Built target gazebo_ros_create_ir_intensity_sensor
[0.145s] [ 80%] Built target docking_manager
[0.146s] [ 90%] Built target gazebo_ros_create_wheel_drop
[0.175s] [100%] Built target gazebo_ros_create_ir_opcode
[0.192s] Invoked command in '/home/jlmre/create3_ws/build/irobot_create_gazebo_plugins' returned '0': AMENT_PREFIX_PATH=/home/jlmre/create3_ws/install/irobot_create_toolbox:${AMENT_PREFIX_PATH} CMAKE_PREFIX_PATH=/home/jlmre/create3_ws/install/irobot_create_toolbox:/opt/ros/humble LD_LIBRARY_PATH=/home/jlmre/create3_ws/install/irobot_create_toolbox/lib:${LD_LIBRARY_PATH} /usr/bin/cmake --build /home/jlmre/create3_ws/build/irobot_create_gazebo_plugins -- -j16 -l16
[0.193s] Invoking command in '/home/jlmre/create3_ws/build/irobot_create_gazebo_plugins': AMENT_PREFIX_PATH=/home/jlmre/create3_ws/install/irobot_create_toolbox:${AMENT_PREFIX_PATH} CMAKE_PREFIX_PATH=/home/jlmre/create3_ws/install/irobot_create_toolbox:/opt/ros/humble LD_LIBRARY_PATH=/home/jlmre/create3_ws/install/irobot_create_toolbox/lib:${LD_LIBRARY_PATH} /usr/bin/cmake --install /home/jlmre/create3_ws/build/irobot_create_gazebo_plugins
[0.197s] -- Install configuration: ""
[0.197s] -- Up-to-date: /home/jlmre/create3_ws/install/irobot_create_gazebo_plugins/share/irobot_create_gazebo_plugins/environment/library_path.sh
[0.197s] -- Up-to-date: /home/jlmre/create3_ws/install/irobot_create_gazebo_plugins/share/irobot_create_gazebo_plugins/environment/library_path.dsv
[0.197s] -- Up-to-date: /home/jlmre/create3_ws/install/irobot_create_gazebo_plugins/include
[0.197s] -- Up-to-date: /home/jlmre/create3_ws/install/irobot_create_gazebo_plugins/include/irobot_create_gazebo_plugins
[0.197s] -- Up-to-date: /home/jlmre/create3_ws/install/irobot_create_gazebo_plugins/include/irobot_create_gazebo_plugins/gazebo_ros_ir_intensity_sensor.hpp
[0.198s] -- Up-to-date: /home/jlmre/create3_ws/install/irobot_create_gazebo_plugins/include/irobot_create_gazebo_plugins/gazebo_ros_ir_opcode.hpp
[0.198s] -- Up-to-date: /home/jlmre/create3_ws/install/irobot_create_gazebo_plugins/include/irobot_create_gazebo_plugins/gazebo_ros_bumper.hpp
[0.198s] -- Up-to-date: /home/jlmre/create3_ws/install/irobot_create_gazebo_plugins/include/irobot_create_gazebo_plugins/gazebo_ros_docking_status.hpp
[0.198s] -- Up-to-date: /home/jlmre/create3_ws/install/irobot_create_gazebo_plugins/include/irobot_create_gazebo_plugins/gazebo_ros_optical_mouse.hpp
[0.198s] -- Up-to-date: /home/jlmre/create3_ws/install/irobot_create_gazebo_plugins/include/irobot_create_gazebo_plugins/gazebo_ros_imu.hpp
[0.198s] -- Up-to-date: /home/jlmre/create3_ws/install/irobot_create_gazebo_plugins/include/irobot_create_gazebo_plugins/gazebo_ros_helpers.hpp
[0.198s] -- Up-to-date: /home/jlmre/create3_ws/install/irobot_create_gazebo_plugins/include/irobot_create_gazebo_plugins/gazebo_ros_cliff_sensor.hpp
[0.198s] -- Up-to-date: /home/jlmre/create3_ws/install/irobot_create_gazebo_plugins/include/irobot_create_gazebo_plugins/gazebo_ros_wheel_drop.hpp
[0.198s] -- Up-to-date: /home/jlmre/create3_ws/install/irobot_create_gazebo_plugins/include/irobot_create_gazebo_plugins/docking_manager.hpp
[0.198s] -- Up-to-date: /home/jlmre/create3_ws/install/irobot_create_gazebo_plugins/lib/libgazebo_ros_create_bumper.so
[0.198s] -- Up-to-date: /home/jlmre/create3_ws/install/irobot_create_gazebo_plugins/lib/libgazebo_ros_create_cliff_sensor.so
[0.198s] -- Up-to-date: /home/jlmre/create3_ws/install/irobot_create_gazebo_plugins/lib/libgazebo_ros_create_docking_status.so
[0.198s] -- Up-to-date: /home/jlmre/create3_ws/install/irobot_create_gazebo_plugins/lib/libgazebo_ros_create_helpers.so
[0.198s] -- Up-to-date: /home/jlmre/create3_ws/install/irobot_create_gazebo_plugins/lib/libgazebo_ros_create_imu.so
[0.198s] -- Up-to-date: /home/jlmre/create3_ws/install/irobot_create_gazebo_plugins/lib/libgazebo_ros_create_ir_intensity_sensor.so
[0.199s] -- Up-to-date: /home/jlmre/create3_ws/install/irobot_create_gazebo_plugins/lib/libgazebo_ros_create_optical_mouse.so
[0.199s] -- Up-to-date: /home/jlmre/create3_ws/install/irobot_create_gazebo_plugins/lib/libgazebo_ros_create_ir_opcode.so
[0.199s] -- Up-to-date: /home/jlmre/create3_ws/install/irobot_create_gazebo_plugins/lib/libdocking_manager.so
[0.199s] -- Up-to-date: /home/jlmre/create3_ws/install/irobot_create_gazebo_plugins/lib/libgazebo_ros_create_wheel_drop.so
[0.199s] -- Up-to-date: /home/jlmre/create3_ws/install/irobot_create_gazebo_plugins/share/ament_index/resource_index/package_run_dependencies/irobot_create_gazebo_plugins
[0.199s] -- Up-to-date: /home/jlmre/create3_ws/install/irobot_create_gazebo_plugins/share/ament_index/resource_index/parent_prefix_path/irobot_create_gazebo_plugins
[0.199s] -- Up-to-date: /home/jlmre/create3_ws/install/irobot_create_gazebo_plugins/share/irobot_create_gazebo_plugins/environment/ament_prefix_path.sh
[0.199s] -- Up-to-date: /home/jlmre/create3_ws/install/irobot_create_gazebo_plugins/share/irobot_create_gazebo_plugins/environment/ament_prefix_path.dsv
[0.200s] -- Up-to-date: /home/jlmre/create3_ws/install/irobot_create_gazebo_plugins/share/irobot_create_gazebo_plugins/environment/path.sh
[0.200s] -- Up-to-date: /home/jlmre/create3_ws/install/irobot_create_gazebo_plugins/share/irobot_create_gazebo_plugins/environment/path.dsv
[0.200s] -- Up-to-date: /home/jlmre/create3_ws/install/irobot_create_gazebo_plugins/share/irobot_create_gazebo_plugins/local_setup.bash
[0.200s] -- Up-to-date: /home/jlmre/create3_ws/install/irobot_create_gazebo_plugins/share/irobot_create_gazebo_plugins/local_setup.sh
[0.200s] -- Up-to-date: /home/jlmre/create3_ws/install/irobot_create_gazebo_plugins/share/irobot_create_gazebo_plugins/local_setup.zsh
[0.200s] -- Up-to-date: /home/jlmre/create3_ws/install/irobot_create_gazebo_plugins/share/irobot_create_gazebo_plugins/local_setup.dsv
[0.200s] -- Installing: /home/jlmre/create3_ws/install/irobot_create_gazebo_plugins/share/irobot_create_gazebo_plugins/package.dsv
[0.200s] -- Up-to-date: /home/jlmre/create3_ws/install/irobot_create_gazebo_plugins/share/ament_index/resource_index/packages/irobot_create_gazebo_plugins
[0.200s] -- Up-to-date: /home/jlmre/create3_ws/install/irobot_create_gazebo_plugins/share/irobot_create_gazebo_plugins/cmake/ament_cmake_export_libraries-extras.cmake
[0.200s] -- Up-to-date: /home/jlmre/create3_ws/install/irobot_create_gazebo_plugins/share/irobot_create_gazebo_plugins/cmake/ament_cmake_export_include_directories-extras.cmake
[0.200s] -- Up-to-date: /home/jlmre/create3_ws/install/irobot_create_gazebo_plugins/share/irobot_create_gazebo_plugins/cmake/ament_cmake_export_dependencies-extras.cmake
[0.200s] -- Up-to-date: /home/jlmre/create3_ws/install/irobot_create_gazebo_plugins/share/irobot_create_gazebo_plugins/cmake/irobot_create_gazebo_pluginsConfig.cmake
[0.200s] -- Up-to-date: /home/jlmre/create3_ws/install/irobot_create_gazebo_plugins/share/irobot_create_gazebo_plugins/cmake/irobot_create_gazebo_pluginsConfig-version.cmake
[0.200s] -- Up-to-date: /home/jlmre/create3_ws/install/irobot_create_gazebo_plugins/share/irobot_create_gazebo_plugins/package.xml
[0.202s] Invoked command in '/home/jlmre/create3_ws/build/irobot_create_gazebo_plugins' returned '0': AMENT_PREFIX_PATH=/home/jlmre/create3_ws/install/irobot_create_toolbox:${AMENT_PREFIX_PATH} CMAKE_PREFIX_PATH=/home/jlmre/create3_ws/install/irobot_create_toolbox:/opt/ros/humble LD_LIBRARY_PATH=/home/jlmre/create3_ws/install/irobot_create_toolbox/lib:${LD_LIBRARY_PATH} /usr/bin/cmake --install /home/jlmre/create3_ws/build/irobot_create_gazebo_plugins
