[0.014s] Invoking command in '/home/jlmre/create3_ws/build/irobot_create_common_bringup': CMAKE_PREFIX_PATH=/home/jlmre/create3_ws/install/irobot_create_nodes:/home/jlmre/create3_ws/install/irobot_create_toolbox:/home/jlmre/create3_ws/install/irobot_create_description:/home/jlmre/create3_ws/install/irobot_create_control:/home/jlmre/create3_ws/install/irobot_create_ignition_sim:/home/jlmre/create3_ws/install/irobot_create_ignition_bringup:/home/jlmre/create3_ws/install/irobot_create_gazebo_sim:/home/jlmre/create3_ws/install/irobot_create_gazebo_bringup:/home/jlmre/create3_ws/install/irobot_create_common_bringup:/home/jlmre/create3_ws/install/irobot_create_ignition_toolbox:/home/jlmre/create3_ws/install/irobot_create_gazebo_plugins:/home/jlmre/create3_ws/install/irobot_create_ignition_plugins:/home/jlmre/create3_ws/install/vodom:/home/jlmre/create3_ws/install/pr_pkg:/home/jlmre/create3_ws/install/img_server:/home/jlmre/create3_ws/install/image_png_player:/home/jlmre/create3_ws/install/ez_nav:/home/jlmre/create3_ws/install/bringup:/opt/ros/humble LD_LIBRARY_PATH=/home/jlmre/create3_ws/install/irobot_create_nodes/lib:/home/jlmre/create3_ws/install/irobot_create_toolbox/lib:/home/jlmre/create3_ws/install/irobot_create_ignition_toolbox/lib:/home/jlmre/create3_ws/install/irobot_create_gazebo_plugins/lib:/usr/local/lib:/usr/lib/x86_64-linux-gnu/gazebo-11/plugins:/opt/ros/humble/opt/rviz_ogre_vendor/lib:/opt/ros/humble/lib/x86_64-linux-gnu:/opt/ros/humble/lib /usr/bin/cmake --build /home/jlmre/create3_ws/build/irobot_create_common_bringup -- -j16 -l16
[0.062s] Built target ament_cmake_python_copy_irobot_create_common_bringup
[0.219s] running egg_info
[0.219s] writing irobot_create_common_bringup.egg-info/PKG-INFO
[0.219s] writing dependency_links to irobot_create_common_bringup.egg-info/dependency_links.txt
[0.219s] writing top-level names to irobot_create_common_bringup.egg-info/top_level.txt
[0.221s] reading manifest file 'irobot_create_common_bringup.egg-info/SOURCES.txt'
[0.221s] writing manifest file 'irobot_create_common_bringup.egg-info/SOURCES.txt'
[0.250s] Built target ament_cmake_python_build_irobot_create_common_bringup_egg
[0.259s] Invoked command in '/home/jlmre/create3_ws/build/irobot_create_common_bringup' returned '0': CMAKE_PREFIX_PATH=/home/jlmre/create3_ws/install/irobot_create_nodes:/home/jlmre/create3_ws/install/irobot_create_toolbox:/home/jlmre/create3_ws/install/irobot_create_description:/home/jlmre/create3_ws/install/irobot_create_control:/home/jlmre/create3_ws/install/irobot_create_ignition_sim:/home/jlmre/create3_ws/install/irobot_create_ignition_bringup:/home/jlmre/create3_ws/install/irobot_create_gazebo_sim:/home/jlmre/create3_ws/install/irobot_create_gazebo_bringup:/home/jlmre/create3_ws/install/irobot_create_common_bringup:/home/jlmre/create3_ws/install/irobot_create_ignition_toolbox:/home/jlmre/create3_ws/install/irobot_create_gazebo_plugins:/home/jlmre/create3_ws/install/irobot_create_ignition_plugins:/home/jlmre/create3_ws/install/vodom:/home/jlmre/create3_ws/install/pr_pkg:/home/jlmre/create3_ws/install/img_server:/home/jlmre/create3_ws/install/image_png_player:/home/jlmre/create3_ws/install/ez_nav:/home/jlmre/create3_ws/install/bringup:/opt/ros/humble LD_LIBRARY_PATH=/home/jlmre/create3_ws/install/irobot_create_nodes/lib:/home/jlmre/create3_ws/install/irobot_create_toolbox/lib:/home/jlmre/create3_ws/install/irobot_create_ignition_toolbox/lib:/home/jlmre/create3_ws/install/irobot_create_gazebo_plugins/lib:/usr/local/lib:/usr/lib/x86_64-linux-gnu/gazebo-11/plugins:/opt/ros/humble/opt/rviz_ogre_vendor/lib:/opt/ros/humble/lib/x86_64-linux-gnu:/opt/ros/humble/lib /usr/bin/cmake --build /home/jlmre/create3_ws/build/irobot_create_common_bringup -- -j16 -l16
[0.260s] Invoking command in '/home/jlmre/create3_ws/build/irobot_create_common_bringup': CMAKE_PREFIX_PATH=/home/jlmre/create3_ws/install/irobot_create_nodes:/home/jlmre/create3_ws/install/irobot_create_toolbox:/home/jlmre/create3_ws/install/irobot_create_description:/home/jlmre/create3_ws/install/irobot_create_control:/home/jlmre/create3_ws/install/irobot_create_ignition_sim:/home/jlmre/create3_ws/install/irobot_create_ignition_bringup:/home/jlmre/create3_ws/install/irobot_create_gazebo_sim:/home/jlmre/create3_ws/install/irobot_create_gazebo_bringup:/home/jlmre/create3_ws/install/irobot_create_common_bringup:/home/jlmre/create3_ws/install/irobot_create_ignition_toolbox:/home/jlmre/create3_ws/install/irobot_create_gazebo_plugins:/home/jlmre/create3_ws/install/irobot_create_ignition_plugins:/home/jlmre/create3_ws/install/vodom:/home/jlmre/create3_ws/install/pr_pkg:/home/jlmre/create3_ws/install/img_server:/home/jlmre/create3_ws/install/image_png_player:/home/jlmre/create3_ws/install/ez_nav:/home/jlmre/create3_ws/install/bringup:/opt/ros/humble LD_LIBRARY_PATH=/home/jlmre/create3_ws/install/irobot_create_nodes/lib:/home/jlmre/create3_ws/install/irobot_create_toolbox/lib:/home/jlmre/create3_ws/install/irobot_create_ignition_toolbox/lib:/home/jlmre/create3_ws/install/irobot_create_gazebo_plugins/lib:/usr/local/lib:/usr/lib/x86_64-linux-gnu/gazebo-11/plugins:/opt/ros/humble/opt/rviz_ogre_vendor/lib:/opt/ros/humble/lib/x86_64-linux-gnu:/opt/ros/humble/lib /usr/bin/cmake --install /home/jlmre/create3_ws/build/irobot_create_common_bringup
[0.267s] -- Install configuration: ""
[0.267s] -- Up-to-date: /home/jlmre/create3_ws/install/irobot_create_common_bringup/share/irobot_create_common_bringup/config
[0.267s] -- Up-to-date: /home/jlmre/create3_ws/install/irobot_create_common_bringup/share/irobot_create_common_bringup/config/hazard_vector_params.yaml
[0.267s] -- Up-to-date: /home/jlmre/create3_ws/install/irobot_create_common_bringup/share/irobot_create_common_bringup/config/ui_mgr_params.yaml
[0.267s] -- Up-to-date: /home/jlmre/create3_ws/install/irobot_create_common_bringup/share/irobot_create_common_bringup/config/wheel_status_params.yaml
[0.267s] -- Up-to-date: /home/jlmre/create3_ws/install/irobot_create_common_bringup/share/irobot_create_common_bringup/config/kidnap_estimator_params.yaml
[0.267s] -- Up-to-date: /home/jlmre/create3_ws/install/irobot_create_common_bringup/share/irobot_create_common_bringup/config/ir_intensity_vector_params.yaml
[0.267s] -- Up-to-date: /home/jlmre/create3_ws/install/irobot_create_common_bringup/share/irobot_create_common_bringup/config/robot_state_params.yaml
[0.267s] -- Up-to-date: /home/jlmre/create3_ws/install/irobot_create_common_bringup/share/irobot_create_common_bringup/config/mock_params.yaml
[0.267s] -- Up-to-date: /home/jlmre/create3_ws/install/irobot_create_common_bringup/share/irobot_create_common_bringup/launch
[0.267s] -- Up-to-date: /home/jlmre/create3_ws/install/irobot_create_common_bringup/share/irobot_create_common_bringup/launch/robot_description.launch.py
[0.267s] -- Up-to-date: /home/jlmre/create3_ws/install/irobot_create_common_bringup/share/irobot_create_common_bringup/launch/create3_nodes.launch.py
[0.267s] -- Up-to-date: /home/jlmre/create3_ws/install/irobot_create_common_bringup/share/irobot_create_common_bringup/launch/rviz2.launch.py
[0.267s] -- Up-to-date: /home/jlmre/create3_ws/install/irobot_create_common_bringup/share/irobot_create_common_bringup/launch/dock_description.launch.py
[0.267s] -- Up-to-date: /home/jlmre/create3_ws/install/irobot_create_common_bringup/share/irobot_create_common_bringup/rviz
[0.267s] -- Up-to-date: /home/jlmre/create3_ws/install/irobot_create_common_bringup/share/irobot_create_common_bringup/rviz/irobot_logo.jpg
[0.267s] -- Up-to-date: /home/jlmre/create3_ws/install/irobot_create_common_bringup/share/irobot_create_common_bringup/rviz/irobot_create_view.rviz
[0.268s] -- Up-to-date: /home/jlmre/create3_ws/install/irobot_create_common_bringup/share/irobot_create_common_bringup/environment/pythonpath.sh
[0.268s] -- Up-to-date: /home/jlmre/create3_ws/install/irobot_create_common_bringup/share/irobot_create_common_bringup/environment/pythonpath.dsv
[0.268s] -- Up-to-date: /home/jlmre/create3_ws/install/irobot_create_common_bringup/local/lib/python3.10/dist-packages/irobot_create_common_bringup-2.1.0-py3.10.egg-info
[0.268s] -- Installing: /home/jlmre/create3_ws/install/irobot_create_common_bringup/local/lib/python3.10/dist-packages/irobot_create_common_bringup-2.1.0-py3.10.egg-info/dependency_links.txt
[0.268s] -- Installing: /home/jlmre/create3_ws/install/irobot_create_common_bringup/local/lib/python3.10/dist-packages/irobot_create_common_bringup-2.1.0-py3.10.egg-info/PKG-INFO
[0.268s] -- Installing: /home/jlmre/create3_ws/install/irobot_create_common_bringup/local/lib/python3.10/dist-packages/irobot_create_common_bringup-2.1.0-py3.10.egg-info/top_level.txt
[0.268s] -- Installing: /home/jlmre/create3_ws/install/irobot_create_common_bringup/local/lib/python3.10/dist-packages/irobot_create_common_bringup-2.1.0-py3.10.egg-info/SOURCES.txt
[0.268s] -- Up-to-date: /home/jlmre/create3_ws/install/irobot_create_common_bringup/local/lib/python3.10/dist-packages/irobot_create_common_bringup
[0.268s] -- Up-to-date: /home/jlmre/create3_ws/install/irobot_create_common_bringup/local/lib/python3.10/dist-packages/irobot_create_common_bringup/__init__.py
[0.268s] -- Up-to-date: /home/jlmre/create3_ws/install/irobot_create_common_bringup/local/lib/python3.10/dist-packages/irobot_create_common_bringup/namespace.py
[0.268s] -- Up-to-date: /home/jlmre/create3_ws/install/irobot_create_common_bringup/local/lib/python3.10/dist-packages/irobot_create_common_bringup/offset.py
[0.292s] Listing '/home/jlmre/create3_ws/install/irobot_create_common_bringup/local/lib/python3.10/dist-packages/irobot_create_common_bringup'...
[0.295s] -- Up-to-date: /home/jlmre/create3_ws/install/irobot_create_common_bringup/share/ament_index/resource_index/package_run_dependencies/irobot_create_common_bringup
[0.295s] -- Up-to-date: /home/jlmre/create3_ws/install/irobot_create_common_bringup/share/ament_index/resource_index/parent_prefix_path/irobot_create_common_bringup
[0.295s] -- Up-to-date: /home/jlmre/create3_ws/install/irobot_create_common_bringup/share/irobot_create_common_bringup/environment/ament_prefix_path.sh
[0.295s] -- Up-to-date: /home/jlmre/create3_ws/install/irobot_create_common_bringup/share/irobot_create_common_bringup/environment/ament_prefix_path.dsv
[0.295s] -- Up-to-date: /home/jlmre/create3_ws/install/irobot_create_common_bringup/share/irobot_create_common_bringup/environment/path.sh
[0.295s] -- Up-to-date: /home/jlmre/create3_ws/install/irobot_create_common_bringup/share/irobot_create_common_bringup/environment/path.dsv
[0.295s] -- Up-to-date: /home/jlmre/create3_ws/install/irobot_create_common_bringup/share/irobot_create_common_bringup/local_setup.bash
[0.295s] -- Up-to-date: /home/jlmre/create3_ws/install/irobot_create_common_bringup/share/irobot_create_common_bringup/local_setup.sh
[0.297s] -- Up-to-date: /home/jlmre/create3_ws/install/irobot_create_common_bringup/share/irobot_create_common_bringup/local_setup.zsh
[0.297s] -- Up-to-date: /home/jlmre/create3_ws/install/irobot_create_common_bringup/share/irobot_create_common_bringup/local_setup.dsv
[0.297s] -- Installing: /home/jlmre/create3_ws/install/irobot_create_common_bringup/share/irobot_create_common_bringup/package.dsv
[0.297s] -- Up-to-date: /home/jlmre/create3_ws/install/irobot_create_common_bringup/share/ament_index/resource_index/packages/irobot_create_common_bringup
[0.297s] -- Up-to-date: /home/jlmre/create3_ws/install/irobot_create_common_bringup/share/irobot_create_common_bringup/cmake/irobot_create_common_bringupConfig.cmake
[0.297s] -- Up-to-date: /home/jlmre/create3_ws/install/irobot_create_common_bringup/share/irobot_create_common_bringup/cmake/irobot_create_common_bringupConfig-version.cmake
[0.297s] -- Up-to-date: /home/jlmre/create3_ws/install/irobot_create_common_bringup/share/irobot_create_common_bringup/package.xml
[0.300s] Invoked command in '/home/jlmre/create3_ws/build/irobot_create_common_bringup' returned '0': CMAKE_PREFIX_PATH=/home/jlmre/create3_ws/install/irobot_create_nodes:/home/jlmre/create3_ws/install/irobot_create_toolbox:/home/jlmre/create3_ws/install/irobot_create_description:/home/jlmre/create3_ws/install/irobot_create_control:/home/jlmre/create3_ws/install/irobot_create_ignition_sim:/home/jlmre/create3_ws/install/irobot_create_ignition_bringup:/home/jlmre/create3_ws/install/irobot_create_gazebo_sim:/home/jlmre/create3_ws/install/irobot_create_gazebo_bringup:/home/jlmre/create3_ws/install/irobot_create_common_bringup:/home/jlmre/create3_ws/install/irobot_create_ignition_toolbox:/home/jlmre/create3_ws/install/irobot_create_gazebo_plugins:/home/jlmre/create3_ws/install/irobot_create_ignition_plugins:/home/jlmre/create3_ws/install/vodom:/home/jlmre/create3_ws/install/pr_pkg:/home/jlmre/create3_ws/install/img_server:/home/jlmre/create3_ws/install/image_png_player:/home/jlmre/create3_ws/install/ez_nav:/home/jlmre/create3_ws/install/bringup:/opt/ros/humble LD_LIBRARY_PATH=/home/jlmre/create3_ws/install/irobot_create_nodes/lib:/home/jlmre/create3_ws/install/irobot_create_toolbox/lib:/home/jlmre/create3_ws/install/irobot_create_ignition_toolbox/lib:/home/jlmre/create3_ws/install/irobot_create_gazebo_plugins/lib:/usr/local/lib:/usr/lib/x86_64-linux-gnu/gazebo-11/plugins:/opt/ros/humble/opt/rviz_ogre_vendor/lib:/opt/ros/humble/lib/x86_64-linux-gnu:/opt/ros/humble/lib /usr/bin/cmake --install /home/jlmre/create3_ws/build/irobot_create_common_bringup
