[1.347s] Invoking command in '/home/jlmre/create3_ws/src/bringup': PYTHONPATH=/home/jlmre/create3_ws/build/bringup/prefix_override:/usr/lib/python3/dist-packages/colcon_core/task/python/colcon_distutils_commands:/home/jlmre/create3_ws/install/bringup/lib/python3.10/site-packages:${PYTHONPATH} /usr/bin/python3 -W ignore:setup.py install is deprecated -W ignore:easy_install command is deprecated setup.py egg_info --egg-base ../../build/bringup build --build-base /home/jlmre/create3_ws/build/bringup/build install --record /home/jlmre/create3_ws/build/bringup/install.log --single-version-externally-managed install_data
[1.540s] running egg_info
[1.541s] creating ../../build/bringup/bringup.egg-info
[1.541s] writing ../../build/bringup/bringup.egg-info/PKG-INFO
[1.541s] writing dependency_links to ../../build/bringup/bringup.egg-info/dependency_links.txt
[1.541s] writing entry points to ../../build/bringup/bringup.egg-info/entry_points.txt
[1.541s] writing requirements to ../../build/bringup/bringup.egg-info/requires.txt
[1.541s] writing top-level names to ../../build/bringup/bringup.egg-info/top_level.txt
[1.541s] writing manifest file '../../build/bringup/bringup.egg-info/SOURCES.txt'
[1.543s] reading manifest file '../../build/bringup/bringup.egg-info/SOURCES.txt'
[1.543s] writing manifest file '../../build/bringup/bringup.egg-info/SOURCES.txt'
[1.543s] running build
[1.543s] running build_py
[1.544s] creating /home/jlmre/create3_ws/build/bringup/build
[1.544s] creating /home/jlmre/create3_ws/build/bringup/build/lib
[1.544s] creating /home/jlmre/create3_ws/build/bringup/build/lib/bringup
[1.544s] copying bringup/__init__.py -> /home/jlmre/create3_ws/build/bringup/build/lib/bringup
[1.544s] running install
[1.544s] running install_lib
[1.544s] creating /home/jlmre/create3_ws/install/bringup/lib/python3.10/site-packages/bringup
[1.545s] copying /home/jlmre/create3_ws/build/bringup/build/lib/bringup/__init__.py -> /home/jlmre/create3_ws/install/bringup/lib/python3.10/site-packages/bringup
[1.545s] byte-compiling /home/jlmre/create3_ws/install/bringup/lib/python3.10/site-packages/bringup/__init__.py to __init__.cpython-310.pyc
[1.545s] running install_data
[1.545s] creating /home/jlmre/create3_ws/install/bringup/share/ament_index
[1.545s] creating /home/jlmre/create3_ws/install/bringup/share/ament_index/resource_index
[1.545s] creating /home/jlmre/create3_ws/install/bringup/share/ament_index/resource_index/packages
[1.545s] copying resource/bringup -> /home/jlmre/create3_ws/install/bringup/share/ament_index/resource_index/packages
[1.545s] copying package.xml -> /home/jlmre/create3_ws/install/bringup/share/bringup
[1.546s] creating /home/jlmre/create3_ws/install/bringup/share/bringup/launch
[1.546s] copying launch/bringup.launch.py -> /home/jlmre/create3_ws/install/bringup/share/bringup/launch
[1.546s] running install_egg_info
[1.547s] Copying ../../build/bringup/bringup.egg-info to /home/jlmre/create3_ws/install/bringup/lib/python3.10/site-packages/bringup-0.0.0-py3.10.egg-info
[1.548s] running install_scripts
[1.566s] writing list of installed files to '/home/jlmre/create3_ws/build/bringup/install.log'
[1.600s] Invoked command in '/home/jlmre/create3_ws/src/bringup' returned '0': PYTHONPATH=/home/jlmre/create3_ws/build/bringup/prefix_override:/usr/lib/python3/dist-packages/colcon_core/task/python/colcon_distutils_commands:/home/jlmre/create3_ws/install/bringup/lib/python3.10/site-packages:${PYTHONPATH} /usr/bin/python3 -W ignore:setup.py install is deprecated -W ignore:easy_install command is deprecated setup.py egg_info --egg-base ../../build/bringup build --build-base /home/jlmre/create3_ws/build/bringup/build install --record /home/jlmre/create3_ws/build/bringup/install.log --single-version-externally-managed install_data
