[0.017s] Invoking command in '/home/jlmre/create3_ws/build/irobot_create_ignition_bringup': AMENT_PREFIX_PATH=/home/jlmre/create3_ws/install/irobot_create_common_bringup:/home/jlmre/create3_ws/install/irobot_create_nodes:/home/jlmre/create3_ws/install/irobot_create_ignition_toolbox:/home/jlmre/create3_ws/install/irobot_create_toolbox:/home/jlmre/create3_ws/install/irobot_create_ignition_plugins:/home/jlmre/create3_ws/install/irobot_create_description:/home/jlmre/create3_ws/install/irobot_create_control:${AMENT_PREFIX_PATH} CMAKE_PREFIX_PATH=/home/jlmre/create3_ws/install/irobot_create_common_bringup:/home/jlmre/create3_ws/install/irobot_create_nodes:/home/jlmre/create3_ws/install/irobot_create_ignition_toolbox:/home/jlmre/create3_ws/install/irobot_create_toolbox:/home/jlmre/create3_ws/install/irobot_create_ignition_plugins:/home/jlmre/create3_ws/install/irobot_create_description:/home/jlmre/create3_ws/install/irobot_create_control:/opt/ros/humble LD_LIBRARY_PATH=/home/jlmre/create3_ws/install/irobot_create_nodes/lib:/home/jlmre/create3_ws/install/irobot_create_ignition_toolbox/lib:/home/jlmre/create3_ws/install/irobot_create_toolbox/lib:${LD_LIBRARY_PATH} PYTHONPATH=/home/jlmre/create3_ws/install/irobot_create_common_bringup/local/lib/python3.10/dist-packages:${PYTHONPATH} /usr/bin/cmake --build /home/jlmre/create3_ws/build/irobot_create_ignition_bringup -- -j16 -l16
[0.064s] Invoked command in '/home/jlmre/create3_ws/build/irobot_create_ignition_bringup' returned '0': AMENT_PREFIX_PATH=/home/jlmre/create3_ws/install/irobot_create_common_bringup:/home/jlmre/create3_ws/install/irobot_create_nodes:/home/jlmre/create3_ws/install/irobot_create_ignition_toolbox:/home/jlmre/create3_ws/install/irobot_create_toolbox:/home/jlmre/create3_ws/install/irobot_create_ignition_plugins:/home/jlmre/create3_ws/install/irobot_create_description:/home/jlmre/create3_ws/install/irobot_create_control:${AMENT_PREFIX_PATH} CMAKE_PREFIX_PATH=/home/jlmre/create3_ws/install/irobot_create_common_bringup:/home/jlmre/create3_ws/install/irobot_create_nodes:/home/jlmre/create3_ws/install/irobot_create_ignition_toolbox:/home/jlmre/create3_ws/install/irobot_create_toolbox:/home/jlmre/create3_ws/install/irobot_create_ignition_plugins:/home/jlmre/create3_ws/install/irobot_create_description:/home/jlmre/create3_ws/install/irobot_create_control:/opt/ros/humble LD_LIBRARY_PATH=/home/jlmre/create3_ws/install/irobot_create_nodes/lib:/home/jlmre/create3_ws/install/irobot_create_ignition_toolbox/lib:/home/jlmre/create3_ws/install/irobot_create_toolbox/lib:${LD_LIBRARY_PATH} PYTHONPATH=/home/jlmre/create3_ws/install/irobot_create_common_bringup/local/lib/python3.10/dist-packages:${PYTHONPATH} /usr/bin/cmake --build /home/jlmre/create3_ws/build/irobot_create_ignition_bringup -- -j16 -l16
[0.066s] Invoking command in '/home/jlmre/create3_ws/build/irobot_create_ignition_bringup': AMENT_PREFIX_PATH=/home/jlmre/create3_ws/install/irobot_create_common_bringup:/home/jlmre/create3_ws/install/irobot_create_nodes:/home/jlmre/create3_ws/install/irobot_create_ignition_toolbox:/home/jlmre/create3_ws/install/irobot_create_toolbox:/home/jlmre/create3_ws/install/irobot_create_ignition_plugins:/home/jlmre/create3_ws/install/irobot_create_description:/home/jlmre/create3_ws/install/irobot_create_control:${AMENT_PREFIX_PATH} CMAKE_PREFIX_PATH=/home/jlmre/create3_ws/install/irobot_create_common_bringup:/home/jlmre/create3_ws/install/irobot_create_nodes:/home/jlmre/create3_ws/install/irobot_create_ignition_toolbox:/home/jlmre/create3_ws/install/irobot_create_toolbox:/home/jlmre/create3_ws/install/irobot_create_ignition_plugins:/home/jlmre/create3_ws/install/irobot_create_description:/home/jlmre/create3_ws/install/irobot_create_control:/opt/ros/humble LD_LIBRARY_PATH=/home/jlmre/create3_ws/install/irobot_create_nodes/lib:/home/jlmre/create3_ws/install/irobot_create_ignition_toolbox/lib:/home/jlmre/create3_ws/install/irobot_create_toolbox/lib:${LD_LIBRARY_PATH} PYTHONPATH=/home/jlmre/create3_ws/install/irobot_create_common_bringup/local/lib/python3.10/dist-packages:${PYTHONPATH} /usr/bin/cmake --install /home/jlmre/create3_ws/build/irobot_create_ignition_bringup
[0.073s] -- Install configuration: ""
[0.073s] -- Up-to-date: /home/jlmre/create3_ws/install/irobot_create_ignition_bringup/share/irobot_create_ignition_bringup/gui
[0.073s] -- Up-to-date: /home/jlmre/create3_ws/install/irobot_create_ignition_bringup/share/irobot_create_ignition_bringup/gui/create3
[0.074s] -- Up-to-date: /home/jlmre/create3_ws/install/irobot_create_ignition_bringup/share/irobot_create_ignition_bringup/gui/create3/gui.config
[0.074s] -- Up-to-date: /home/jlmre/create3_ws/install/irobot_create_ignition_bringup/share/irobot_create_ignition_bringup/launch
[0.074s] -- Up-to-date: /home/jlmre/create3_ws/install/irobot_create_ignition_bringup/share/irobot_create_ignition_bringup/launch/ignition.launch.py
[0.074s] -- Up-to-date: /home/jlmre/create3_ws/install/irobot_create_ignition_bringup/share/irobot_create_ignition_bringup/launch/create3_spawn.launch.py
[0.074s] -- Up-to-date: /home/jlmre/create3_ws/install/irobot_create_ignition_bringup/share/irobot_create_ignition_bringup/launch/create3_ros_ignition_bridge.launch.py
[0.074s] -- Up-to-date: /home/jlmre/create3_ws/install/irobot_create_ignition_bringup/share/irobot_create_ignition_bringup/launch/create3_ignition_nodes.launch.py
[0.074s] -- Up-to-date: /home/jlmre/create3_ws/install/irobot_create_ignition_bringup/share/irobot_create_ignition_bringup/launch/create3_ignition.launch.py
[0.074s] -- Up-to-date: /home/jlmre/create3_ws/install/irobot_create_ignition_bringup/share/irobot_create_ignition_bringup/worlds
[0.074s] -- Up-to-date: /home/jlmre/create3_ws/install/irobot_create_ignition_bringup/share/irobot_create_ignition_bringup/worlds/depot.sdf
[0.074s] -- Up-to-date: /home/jlmre/create3_ws/install/irobot_create_ignition_bringup/share/irobot_create_ignition_bringup/worlds/maze.sdf
[0.074s] -- Up-to-date: /home/jlmre/create3_ws/install/irobot_create_ignition_bringup/share/irobot_create_ignition_bringup/config
[0.075s] -- Up-to-date: /home/jlmre/create3_ws/install/irobot_create_ignition_bringup/share/irobot_create_ignition_bringup/config/sensors_params.yaml
[0.075s] -- Up-to-date: /home/jlmre/create3_ws/install/irobot_create_ignition_bringup/share/irobot_create_ignition_bringup/config/pose_republisher_params.yaml
[0.075s] -- Up-to-date: /home/jlmre/create3_ws/install/irobot_create_ignition_bringup/share/ament_index/resource_index/package_run_dependencies/irobot_create_ignition_bringup
[0.076s] -- Up-to-date: /home/jlmre/create3_ws/install/irobot_create_ignition_bringup/share/ament_index/resource_index/parent_prefix_path/irobot_create_ignition_bringup
[0.076s] -- Up-to-date: /home/jlmre/create3_ws/install/irobot_create_ignition_bringup/share/irobot_create_ignition_bringup/environment/ament_prefix_path.sh
[0.076s] -- Up-to-date: /home/jlmre/create3_ws/install/irobot_create_ignition_bringup/share/irobot_create_ignition_bringup/environment/ament_prefix_path.dsv
[0.076s] -- Up-to-date: /home/jlmre/create3_ws/install/irobot_create_ignition_bringup/share/irobot_create_ignition_bringup/environment/path.sh
[0.076s] -- Up-to-date: /home/jlmre/create3_ws/install/irobot_create_ignition_bringup/share/irobot_create_ignition_bringup/environment/path.dsv
[0.077s] -- Up-to-date: /home/jlmre/create3_ws/install/irobot_create_ignition_bringup/share/irobot_create_ignition_bringup/local_setup.bash
[0.077s] -- Up-to-date: /home/jlmre/create3_ws/install/irobot_create_ignition_bringup/share/irobot_create_ignition_bringup/local_setup.sh
[0.077s] -- Up-to-date: /home/jlmre/create3_ws/install/irobot_create_ignition_bringup/share/irobot_create_ignition_bringup/local_setup.zsh
[0.077s] -- Up-to-date: /home/jlmre/create3_ws/install/irobot_create_ignition_bringup/share/irobot_create_ignition_bringup/local_setup.dsv
[0.077s] -- Installing: /home/jlmre/create3_ws/install/irobot_create_ignition_bringup/share/irobot_create_ignition_bringup/package.dsv
[0.077s] -- Up-to-date: /home/jlmre/create3_ws/install/irobot_create_ignition_bringup/share/ament_index/resource_index/packages/irobot_create_ignition_bringup
[0.077s] -- Up-to-date: /home/jlmre/create3_ws/install/irobot_create_ignition_bringup/share/irobot_create_ignition_bringup/cmake/irobot_create_ignition_bringupConfig.cmake
[0.077s] -- Up-to-date: /home/jlmre/create3_ws/install/irobot_create_ignition_bringup/share/irobot_create_ignition_bringup/cmake/irobot_create_ignition_bringupConfig-version.cmake
[0.077s] -- Up-to-date: /home/jlmre/create3_ws/install/irobot_create_ignition_bringup/share/irobot_create_ignition_bringup/package.xml
[0.094s] Invoked command in '/home/jlmre/create3_ws/build/irobot_create_ignition_bringup' returned '0': AMENT_PREFIX_PATH=/home/jlmre/create3_ws/install/irobot_create_common_bringup:/home/jlmre/create3_ws/install/irobot_create_nodes:/home/jlmre/create3_ws/install/irobot_create_ignition_toolbox:/home/jlmre/create3_ws/install/irobot_create_toolbox:/home/jlmre/create3_ws/install/irobot_create_ignition_plugins:/home/jlmre/create3_ws/install/irobot_create_description:/home/jlmre/create3_ws/install/irobot_create_control:${AMENT_PREFIX_PATH} CMAKE_PREFIX_PATH=/home/jlmre/create3_ws/install/irobot_create_common_bringup:/home/jlmre/create3_ws/install/irobot_create_nodes:/home/jlmre/create3_ws/install/irobot_create_ignition_toolbox:/home/jlmre/create3_ws/install/irobot_create_toolbox:/home/jlmre/create3_ws/install/irobot_create_ignition_plugins:/home/jlmre/create3_ws/install/irobot_create_description:/home/jlmre/create3_ws/install/irobot_create_control:/opt/ros/humble LD_LIBRARY_PATH=/home/jlmre/create3_ws/install/irobot_create_nodes/lib:/home/jlmre/create3_ws/install/irobot_create_ignition_toolbox/lib:/home/jlmre/create3_ws/install/irobot_create_toolbox/lib:${LD_LIBRARY_PATH} PYTHONPATH=/home/jlmre/create3_ws/install/irobot_create_common_bringup/local/lib/python3.10/dist-packages:${PYTHONPATH} /usr/bin/cmake --install /home/jlmre/create3_ws/build/irobot_create_ignition_bringup
